{"C:\\Users\\devan\\documents\\cpsc310\\project_j0a0b_x3o0b\\src\\controller\\IInsightFacade.js":{"path":"C:\\Users\\devan\\documents\\cpsc310\\project_j0a0b_x3o0b\\src\\controller\\IInsightFacade.js","statementMap":{"0":{"start":{"line":2,"column":0},"end":{"line":2,"column":62}},"1":{"start":{"line":4,"column":0},"end":{"line":7,"column":89}},"2":{"start":{"line":5,"column":4},"end":{"line":5,"column":46}},"3":{"start":{"line":6,"column":4},"end":{"line":6,"column":42}},"4":{"start":{"line":10,"column":8},"end":{"line":10,"column":23}},"5":{"start":{"line":11,"column":8},"end":{"line":11,"column":52}},"6":{"start":{"line":14,"column":0},"end":{"line":14,"column":36}},"7":{"start":{"line":17,"column":8},"end":{"line":17,"column":23}},"8":{"start":{"line":18,"column":8},"end":{"line":18,"column":53}},"9":{"start":{"line":21,"column":0},"end":{"line":21,"column":38}}},"fnMap":{"0":{"name":"(anonymous_0)","decl":{"start":{"line":4,"column":1},"end":{"line":4,"column":2}},"loc":{"start":{"line":4,"column":31},"end":{"line":7,"column":1}},"line":4},"1":{"name":"(anonymous_1)","decl":{"start":{"line":9,"column":4},"end":{"line":9,"column":5}},"loc":{"start":{"line":9,"column":25},"end":{"line":12,"column":5}},"line":9},"2":{"name":"(anonymous_2)","decl":{"start":{"line":16,"column":4},"end":{"line":16,"column":5}},"loc":{"start":{"line":16,"column":25},"end":{"line":19,"column":5}},"line":16}},"branchMap":{"0":{"loc":{"start":{"line":7,"column":24},"end":{"line":7,"column":87}},"type":"binary-expr","locations":[{"start":{"line":7,"column":24},"end":{"line":7,"column":50}},{"start":{"line":7,"column":55},"end":{"line":7,"column":86}}],"line":7}},"s":{"0":1,"1":1,"2":1,"3":1,"4":105,"5":105,"6":1,"7":1,"8":1,"9":1},"f":{"0":1,"1":105,"2":1},"b":{"0":[1,1]},"_coverageSchema":"332fd63041d2c1bcb487cc26dd0d5f7d97098a6c","hash":"cf9f498ecfd44899e42db19d46cbc26abbeff1e7","contentHash":"21f4f88ec3eae6545fb7df4bb93060bf_11.3.0"},"C:\\Users\\devan\\documents\\cpsc310\\project_j0a0b_x3o0b\\src\\controller\\InsightFacade.js":{"path":"C:\\Users\\devan\\documents\\cpsc310\\project_j0a0b_x3o0b\\src\\controller\\InsightFacade.js","statementMap":{"0":{"start":{"line":2,"column":16},"end":{"line":9,"column":1}},"1":{"start":{"line":3,"column":4},"end":{"line":8,"column":7}},"2":{"start":{"line":4,"column":36},"end":{"line":4,"column":97}},"3":{"start":{"line":4,"column":42},"end":{"line":4,"column":70}},"4":{"start":{"line":4,"column":85},"end":{"line":4,"column":95}},"5":{"start":{"line":5,"column":35},"end":{"line":5,"column":100}},"6":{"start":{"line":5,"column":41},"end":{"line":5,"column":73}},"7":{"start":{"line":5,"column":88},"end":{"line":5,"column":98}},"8":{"start":{"line":6,"column":32},"end":{"line":6,"column":149}},"9":{"start":{"line":6,"column":97},"end":{"line":6,"column":119}},"10":{"start":{"line":7,"column":8},"end":{"line":7,"column":78}},"11":{"start":{"line":10,"column":0},"end":{"line":10,"column":62}},"12":{"start":{"line":11,"column":15},"end":{"line":11,"column":33}},"13":{"start":{"line":12,"column":25},"end":{"line":12,"column":52}},"14":{"start":{"line":13,"column":24},"end":{"line":13,"column":50}},"15":{"start":{"line":14,"column":25},"end":{"line":14,"column":52}},"16":{"start":{"line":15,"column":23},"end":{"line":15,"column":48}},"17":{"start":{"line":16,"column":21},"end":{"line":16,"column":44}},"18":{"start":{"line":17,"column":9},"end":{"line":17,"column":22}},"19":{"start":{"line":18,"column":12},"end":{"line":18,"column":28}},"20":{"start":{"line":21,"column":8},"end":{"line":21,"column":40}},"21":{"start":{"line":22,"column":8},"end":{"line":22,"column":27}},"22":{"start":{"line":23,"column":8},"end":{"line":23,"column":58}},"23":{"start":{"line":24,"column":8},"end":{"line":24,"column":40}},"24":{"start":{"line":25,"column":8},"end":{"line":25,"column":27}},"25":{"start":{"line":26,"column":8},"end":{"line":26,"column":27}},"26":{"start":{"line":27,"column":8},"end":{"line":27,"column":33}},"27":{"start":{"line":28,"column":8},"end":{"line":30,"column":9}},"28":{"start":{"line":29,"column":12},"end":{"line":29,"column":35}},"29":{"start":{"line":33,"column":25},"end":{"line":33,"column":35}},"30":{"start":{"line":34,"column":29},"end":{"line":34,"column":31}},"31":{"start":{"line":35,"column":30},"end":{"line":35,"column":32}},"32":{"start":{"line":36,"column":22},"end":{"line":36,"column":23}},"33":{"start":{"line":37,"column":22},"end":{"line":37,"column":26}},"34":{"start":{"line":38,"column":8},"end":{"line":137,"column":11}},"35":{"start":{"line":39,"column":12},"end":{"line":41,"column":13}},"36":{"start":{"line":40,"column":16},"end":{"line":40,"column":93}},"37":{"start":{"line":42,"column":12},"end":{"line":44,"column":13}},"38":{"start":{"line":43,"column":16},"end":{"line":43,"column":86}},"39":{"start":{"line":45,"column":12},"end":{"line":47,"column":13}},"40":{"start":{"line":46,"column":16},"end":{"line":46,"column":86}},"41":{"start":{"line":48,"column":12},"end":{"line":50,"column":13}},"42":{"start":{"line":49,"column":16},"end":{"line":49,"column":91}},"43":{"start":{"line":51,"column":12},"end":{"line":53,"column":13}},"44":{"start":{"line":52,"column":16},"end":{"line":52,"column":86}},"45":{"start":{"line":54,"column":22},"end":{"line":54,"column":33}},"46":{"start":{"line":55,"column":12},"end":{"line":136,"column":23}},"47":{"start":{"line":57,"column":16},"end":{"line":57,"column":30}},"48":{"start":{"line":59,"column":16},"end":{"line":59,"column":90}},"49":{"start":{"line":61,"column":38},"end":{"line":90,"column":14}},"50":{"start":{"line":62,"column":16},"end":{"line":89,"column":17}},"51":{"start":{"line":63,"column":20},"end":{"line":65,"column":21}},"52":{"start":{"line":64,"column":24},"end":{"line":64,"column":81}},"53":{"start":{"line":66,"column":20},"end":{"line":70,"column":23}},"54":{"start":{"line":67,"column":24},"end":{"line":69,"column":25}},"55":{"start":{"line":68,"column":28},"end":{"line":68,"column":70}},"56":{"start":{"line":71,"column":20},"end":{"line":76,"column":21}},"57":{"start":{"line":72,"column":24},"end":{"line":72,"column":59}},"58":{"start":{"line":75,"column":24},"end":{"line":75,"column":87}},"59":{"start":{"line":78,"column":21},"end":{"line":89,"column":17}},"60":{"start":{"line":79,"column":32},"end":{"line":79,"column":82}},"61":{"start":{"line":80,"column":38},"end":{"line":80,"column":85}},"62":{"start":{"line":81,"column":20},"end":{"line":81,"column":46}},"63":{"start":{"line":82,"column":20},"end":{"line":82,"column":45}},"64":{"start":{"line":83,"column":20},"end":{"line":83,"column":63}},"65":{"start":{"line":84,"column":20},"end":{"line":84,"column":62}},"66":{"start":{"line":85,"column":20},"end":{"line":85,"column":52}},"67":{"start":{"line":88,"column":20},"end":{"line":88,"column":95}},"68":{"start":{"line":92,"column":16},"end":{"line":94,"column":17}},"69":{"start":{"line":93,"column":20},"end":{"line":93,"column":43}},"70":{"start":{"line":95,"column":35},"end":{"line":95,"column":37}},"71":{"start":{"line":97,"column":16},"end":{"line":108,"column":17}},"72":{"start":{"line":98,"column":20},"end":{"line":107,"column":21}},"73":{"start":{"line":99,"column":24},"end":{"line":99,"column":50}},"74":{"start":{"line":100,"column":24},"end":{"line":104,"column":25}},"75":{"start":{"line":101,"column":28},"end":{"line":103,"column":29}},"76":{"start":{"line":102,"column":32},"end":{"line":102,"column":60}},"77":{"start":{"line":109,"column":16},"end":{"line":111,"column":17}},"78":{"start":{"line":110,"column":20},"end":{"line":110,"column":98}},"79":{"start":{"line":112,"column":16},"end":{"line":112,"column":36}},"80":{"start":{"line":115,"column":16},"end":{"line":123,"column":17}},"81":{"start":{"line":116,"column":20},"end":{"line":122,"column":23}},"82":{"start":{"line":117,"column":43},"end":{"line":117,"column":98}},"83":{"start":{"line":118,"column":24},"end":{"line":121,"column":25}},"84":{"start":{"line":119,"column":28},"end":{"line":119,"column":38}},"85":{"start":{"line":120,"column":28},"end":{"line":120,"column":63}},"86":{"start":{"line":124,"column":16},"end":{"line":127,"column":17}},"87":{"start":{"line":125,"column":20},"end":{"line":125,"column":96}},"88":{"start":{"line":126,"column":20},"end":{"line":126,"column":84}},"89":{"start":{"line":128,"column":16},"end":{"line":128,"column":53}},"90":{"start":{"line":131,"column":16},"end":{"line":131,"column":64}},"91":{"start":{"line":132,"column":41},"end":{"line":132,"column":62}},"92":{"start":{"line":133,"column":16},"end":{"line":133,"column":58}},"93":{"start":{"line":134,"column":27},"end":{"line":134,"column":68}},"94":{"start":{"line":135,"column":16},"end":{"line":135,"column":37}},"95":{"start":{"line":140,"column":22},"end":{"line":140,"column":26}},"96":{"start":{"line":141,"column":8},"end":{"line":161,"column":11}},"97":{"start":{"line":142,"column":12},"end":{"line":144,"column":13}},"98":{"start":{"line":143,"column":16},"end":{"line":143,"column":125}},"99":{"start":{"line":145,"column":12},"end":{"line":147,"column":13}},"100":{"start":{"line":146,"column":16},"end":{"line":146,"column":109}},"101":{"start":{"line":148,"column":12},"end":{"line":160,"column":13}},"102":{"start":{"line":149,"column":16},"end":{"line":149,"column":50}},"103":{"start":{"line":150,"column":16},"end":{"line":155,"column":17}},"104":{"start":{"line":151,"column":20},"end":{"line":154,"column":21}},"105":{"start":{"line":152,"column":32},"end":{"line":152,"column":65}},"106":{"start":{"line":153,"column":24},"end":{"line":153,"column":54}},"107":{"start":{"line":156,"column":16},"end":{"line":158,"column":17}},"108":{"start":{"line":157,"column":20},"end":{"line":157,"column":56}},"109":{"start":{"line":159,"column":16},"end":{"line":159,"column":52}},"110":{"start":{"line":164,"column":24},"end":{"line":164,"column":28}},"111":{"start":{"line":165,"column":8},"end":{"line":219,"column":11}},"112":{"start":{"line":166,"column":12},"end":{"line":166,"column":47}},"113":{"start":{"line":167,"column":33},"end":{"line":167,"column":68}},"114":{"start":{"line":168,"column":33},"end":{"line":168,"column":37}},"115":{"start":{"line":169,"column":12},"end":{"line":174,"column":13}},"116":{"start":{"line":170,"column":16},"end":{"line":170,"column":67}},"117":{"start":{"line":173,"column":16},"end":{"line":173,"column":101}},"118":{"start":{"line":175,"column":12},"end":{"line":197,"column":13}},"119":{"start":{"line":177,"column":16},"end":{"line":184,"column":17}},"120":{"start":{"line":178,"column":29},"end":{"line":178,"column":56}},"121":{"start":{"line":179,"column":28},"end":{"line":179,"column":63}},"122":{"start":{"line":180,"column":20},"end":{"line":180,"column":60}},"123":{"start":{"line":183,"column":20},"end":{"line":183,"column":95}},"124":{"start":{"line":185,"column":16},"end":{"line":187,"column":17}},"125":{"start":{"line":186,"column":20},"end":{"line":186,"column":109}},"126":{"start":{"line":188,"column":16},"end":{"line":193,"column":17}},"127":{"start":{"line":189,"column":20},"end":{"line":189,"column":60}},"128":{"start":{"line":192,"column":20},"end":{"line":192,"column":90}},"129":{"start":{"line":196,"column":16},"end":{"line":196,"column":82}},"130":{"start":{"line":198,"column":12},"end":{"line":218,"column":13}},"131":{"start":{"line":199,"column":16},"end":{"line":206,"column":17}},"132":{"start":{"line":200,"column":20},"end":{"line":200,"column":93}},"133":{"start":{"line":203,"column":20},"end":{"line":203,"column":106}},"134":{"start":{"line":204,"column":20},"end":{"line":204,"column":101}},"135":{"start":{"line":205,"column":20},"end":{"line":205,"column":66}},"136":{"start":{"line":209,"column":30},"end":{"line":209,"column":115}},"137":{"start":{"line":210,"column":16},"end":{"line":217,"column":17}},"138":{"start":{"line":211,"column":20},"end":{"line":211,"column":93}},"139":{"start":{"line":214,"column":20},"end":{"line":214,"column":84}},"140":{"start":{"line":215,"column":20},"end":{"line":215,"column":79}},"141":{"start":{"line":216,"column":20},"end":{"line":216,"column":44}},"142":{"start":{"line":222,"column":8},"end":{"line":222,"column":46}},"143":{"start":{"line":225,"column":0},"end":{"line":225,"column":32}}},"fnMap":{"0":{"name":"(anonymous_0)","decl":{"start":{"line":2,"column":44},"end":{"line":2,"column":45}},"loc":{"start":{"line":2,"column":89},"end":{"line":9,"column":1}},"line":2},"1":{"name":"(anonymous_1)","decl":{"start":{"line":3,"column":36},"end":{"line":3,"column":37}},"loc":{"start":{"line":3,"column":63},"end":{"line":8,"column":5}},"line":3},"2":{"name":"fulfilled","decl":{"start":{"line":4,"column":17},"end":{"line":4,"column":26}},"loc":{"start":{"line":4,"column":34},"end":{"line":4,"column":99}},"line":4},"3":{"name":"rejected","decl":{"start":{"line":5,"column":17},"end":{"line":5,"column":25}},"loc":{"start":{"line":5,"column":33},"end":{"line":5,"column":102}},"line":5},"4":{"name":"step","decl":{"start":{"line":6,"column":17},"end":{"line":6,"column":21}},"loc":{"start":{"line":6,"column":30},"end":{"line":6,"column":151}},"line":6},"5":{"name":"(anonymous_5)","decl":{"start":{"line":6,"column":76},"end":{"line":6,"column":77}},"loc":{"start":{"line":6,"column":95},"end":{"line":6,"column":121}},"line":6},"6":{"name":"(anonymous_6)","decl":{"start":{"line":20,"column":4},"end":{"line":20,"column":5}},"loc":{"start":{"line":20,"column":18},"end":{"line":31,"column":5}},"line":20},"7":{"name":"(anonymous_7)","decl":{"start":{"line":32,"column":4},"end":{"line":32,"column":5}},"loc":{"start":{"line":32,"column":34},"end":{"line":138,"column":5}},"line":32},"8":{"name":"(anonymous_8)","decl":{"start":{"line":38,"column":27},"end":{"line":38,"column":28}},"loc":{"start":{"line":38,"column":54},"end":{"line":137,"column":9}},"line":38},"9":{"name":"(anonymous_9)","decl":{"start":{"line":56,"column":22},"end":{"line":56,"column":23}},"loc":{"start":{"line":56,"column":40},"end":{"line":58,"column":13}},"line":56},"10":{"name":"(anonymous_10)","decl":{"start":{"line":58,"column":21},"end":{"line":58,"column":22}},"loc":{"start":{"line":58,"column":38},"end":{"line":60,"column":13}},"line":58},"11":{"name":"(anonymous_11)","decl":{"start":{"line":61,"column":22},"end":{"line":61,"column":23}},"loc":{"start":{"line":61,"column":38},"end":{"line":90,"column":14}},"line":61},"12":{"name":"(anonymous_12)","decl":{"start":{"line":61,"column":70},"end":{"line":61,"column":71}},"loc":{"start":{"line":61,"column":83},"end":{"line":90,"column":13}},"line":61},"13":{"name":"(anonymous_13)","decl":{"start":{"line":66,"column":57},"end":{"line":66,"column":58}},"loc":{"start":{"line":66,"column":85},"end":{"line":70,"column":21}},"line":66},"14":{"name":"(anonymous_14)","decl":{"start":{"line":91,"column":22},"end":{"line":91,"column":23}},"loc":{"start":{"line":91,"column":43},"end":{"line":113,"column":13}},"line":91},"15":{"name":"(anonymous_15)","decl":{"start":{"line":114,"column":22},"end":{"line":114,"column":23}},"loc":{"start":{"line":114,"column":41},"end":{"line":129,"column":13}},"line":114},"16":{"name":"(anonymous_16)","decl":{"start":{"line":116,"column":42},"end":{"line":116,"column":43}},"loc":{"start":{"line":116,"column":60},"end":{"line":122,"column":21}},"line":116},"17":{"name":"(anonymous_17)","decl":{"start":{"line":130,"column":22},"end":{"line":130,"column":23}},"loc":{"start":{"line":130,"column":28},"end":{"line":136,"column":13}},"line":130},"18":{"name":"(anonymous_18)","decl":{"start":{"line":139,"column":4},"end":{"line":139,"column":5}},"loc":{"start":{"line":139,"column":22},"end":{"line":162,"column":5}},"line":139},"19":{"name":"(anonymous_19)","decl":{"start":{"line":141,"column":27},"end":{"line":141,"column":28}},"loc":{"start":{"line":141,"column":54},"end":{"line":161,"column":9}},"line":141},"20":{"name":"(anonymous_20)","decl":{"start":{"line":163,"column":4},"end":{"line":163,"column":5}},"loc":{"start":{"line":163,"column":24},"end":{"line":220,"column":5}},"line":163},"21":{"name":"(anonymous_21)","decl":{"start":{"line":165,"column":27},"end":{"line":165,"column":28}},"loc":{"start":{"line":165,"column":54},"end":{"line":219,"column":9}},"line":165},"22":{"name":"(anonymous_22)","decl":{"start":{"line":221,"column":4},"end":{"line":221,"column":5}},"loc":{"start":{"line":221,"column":19},"end":{"line":223,"column":5}},"line":221}},"branchMap":{"0":{"loc":{"start":{"line":2,"column":16},"end":{"line":9,"column":1}},"type":"binary-expr","locations":[{"start":{"line":2,"column":17},"end":{"line":2,"column":21}},{"start":{"line":2,"column":25},"end":{"line":2,"column":39}},{"start":{"line":2,"column":44},"end":{"line":9,"column":1}}],"line":2},"1":{"loc":{"start":{"line":3,"column":16},"end":{"line":3,"column":34}},"type":"binary-expr","locations":[{"start":{"line":3,"column":16},"end":{"line":3,"column":17}},{"start":{"line":3,"column":22},"end":{"line":3,"column":33}}],"line":3},"2":{"loc":{"start":{"line":6,"column":32},"end":{"line":6,"column":148}},"type":"cond-expr","locations":[{"start":{"line":6,"column":46},"end":{"line":6,"column":67}},{"start":{"line":6,"column":70},"end":{"line":6,"column":148}}],"line":6},"3":{"loc":{"start":{"line":7,"column":51},"end":{"line":7,"column":67}},"type":"binary-expr","locations":[{"start":{"line":7,"column":51},"end":{"line":7,"column":61}},{"start":{"line":7,"column":65},"end":{"line":7,"column":67}}],"line":7},"4":{"loc":{"start":{"line":28,"column":8},"end":{"line":30,"column":9}},"type":"if","locations":[{"start":{"line":28,"column":8},"end":{"line":30,"column":9}},{"start":{"line":28,"column":8},"end":{"line":30,"column":9}}],"line":28},"5":{"loc":{"start":{"line":39,"column":12},"end":{"line":41,"column":13}},"type":"if","locations":[{"start":{"line":39,"column":12},"end":{"line":41,"column":13}},{"start":{"line":39,"column":12},"end":{"line":41,"column":13}}],"line":39},"6":{"loc":{"start":{"line":39,"column":16},"end":{"line":39,"column":60}},"type":"binary-expr","locations":[{"start":{"line":39,"column":16},"end":{"line":39,"column":25}},{"start":{"line":39,"column":29},"end":{"line":39,"column":40}},{"start":{"line":39,"column":44},"end":{"line":39,"column":60}}],"line":39},"7":{"loc":{"start":{"line":42,"column":12},"end":{"line":44,"column":13}},"type":"if","locations":[{"start":{"line":42,"column":12},"end":{"line":44,"column":13}},{"start":{"line":42,"column":12},"end":{"line":44,"column":13}}],"line":42},"8":{"loc":{"start":{"line":45,"column":12},"end":{"line":47,"column":13}},"type":"if","locations":[{"start":{"line":45,"column":12},"end":{"line":47,"column":13}},{"start":{"line":45,"column":12},"end":{"line":47,"column":13}}],"line":45},"9":{"loc":{"start":{"line":48,"column":12},"end":{"line":50,"column":13}},"type":"if","locations":[{"start":{"line":48,"column":12},"end":{"line":50,"column":13}},{"start":{"line":48,"column":12},"end":{"line":50,"column":13}}],"line":48},"10":{"loc":{"start":{"line":51,"column":12},"end":{"line":53,"column":13}},"type":"if","locations":[{"start":{"line":51,"column":12},"end":{"line":53,"column":13}},{"start":{"line":51,"column":12},"end":{"line":53,"column":13}}],"line":51},"11":{"loc":{"start":{"line":51,"column":18},"end":{"line":51,"column":128}},"type":"binary-expr","locations":[{"start":{"line":51,"column":19},"end":{"line":51,"column":71}},{"start":{"line":51,"column":77},"end":{"line":51,"column":127}}],"line":51},"12":{"loc":{"start":{"line":62,"column":16},"end":{"line":89,"column":17}},"type":"if","locations":[{"start":{"line":62,"column":16},"end":{"line":89,"column":17}},{"start":{"line":62,"column":16},"end":{"line":89,"column":17}}],"line":62},"13":{"loc":{"start":{"line":63,"column":20},"end":{"line":65,"column":21}},"type":"if","locations":[{"start":{"line":63,"column":20},"end":{"line":65,"column":21}},{"start":{"line":63,"column":20},"end":{"line":65,"column":21}}],"line":63},"14":{"loc":{"start":{"line":67,"column":24},"end":{"line":69,"column":25}},"type":"if","locations":[{"start":{"line":67,"column":24},"end":{"line":69,"column":25}},{"start":{"line":67,"column":24},"end":{"line":69,"column":25}}],"line":67},"15":{"loc":{"start":{"line":71,"column":20},"end":{"line":76,"column":21}},"type":"if","locations":[{"start":{"line":71,"column":20},"end":{"line":76,"column":21}},{"start":{"line":71,"column":20},"end":{"line":76,"column":21}}],"line":71},"16":{"loc":{"start":{"line":78,"column":21},"end":{"line":89,"column":17}},"type":"if","locations":[{"start":{"line":78,"column":21},"end":{"line":89,"column":17}},{"start":{"line":78,"column":21},"end":{"line":89,"column":17}}],"line":78},"17":{"loc":{"start":{"line":92,"column":16},"end":{"line":94,"column":17}},"type":"if","locations":[{"start":{"line":92,"column":16},"end":{"line":94,"column":17}},{"start":{"line":92,"column":16},"end":{"line":94,"column":17}}],"line":92},"18":{"loc":{"start":{"line":100,"column":24},"end":{"line":104,"column":25}},"type":"if","locations":[{"start":{"line":100,"column":24},"end":{"line":104,"column":25}},{"start":{"line":100,"column":24},"end":{"line":104,"column":25}}],"line":100},"19":{"loc":{"start":{"line":109,"column":16},"end":{"line":111,"column":17}},"type":"if","locations":[{"start":{"line":109,"column":16},"end":{"line":111,"column":17}},{"start":{"line":109,"column":16},"end":{"line":111,"column":17}}],"line":109},"20":{"loc":{"start":{"line":115,"column":16},"end":{"line":123,"column":17}},"type":"if","locations":[{"start":{"line":115,"column":16},"end":{"line":123,"column":17}},{"start":{"line":115,"column":16},"end":{"line":123,"column":17}}],"line":115},"21":{"loc":{"start":{"line":118,"column":24},"end":{"line":121,"column":25}},"type":"if","locations":[{"start":{"line":118,"column":24},"end":{"line":121,"column":25}},{"start":{"line":118,"column":24},"end":{"line":121,"column":25}}],"line":118},"22":{"loc":{"start":{"line":124,"column":16},"end":{"line":127,"column":17}},"type":"if","locations":[{"start":{"line":124,"column":16},"end":{"line":127,"column":17}},{"start":{"line":124,"column":16},"end":{"line":127,"column":17}}],"line":124},"23":{"loc":{"start":{"line":142,"column":12},"end":{"line":144,"column":13}},"type":"if","locations":[{"start":{"line":142,"column":12},"end":{"line":144,"column":13}},{"start":{"line":142,"column":12},"end":{"line":144,"column":13}}],"line":142},"24":{"loc":{"start":{"line":142,"column":16},"end":{"line":142,"column":60}},"type":"binary-expr","locations":[{"start":{"line":142,"column":16},"end":{"line":142,"column":27}},{"start":{"line":142,"column":31},"end":{"line":142,"column":47}},{"start":{"line":142,"column":51},"end":{"line":142,"column":60}}],"line":142},"25":{"loc":{"start":{"line":145,"column":12},"end":{"line":147,"column":13}},"type":"if","locations":[{"start":{"line":145,"column":12},"end":{"line":147,"column":13}},{"start":{"line":145,"column":12},"end":{"line":147,"column":13}}],"line":145},"26":{"loc":{"start":{"line":148,"column":12},"end":{"line":160,"column":13}},"type":"if","locations":[{"start":{"line":148,"column":12},"end":{"line":160,"column":13}},{"start":{"line":148,"column":12},"end":{"line":160,"column":13}}],"line":148},"27":{"loc":{"start":{"line":151,"column":20},"end":{"line":154,"column":21}},"type":"if","locations":[{"start":{"line":151,"column":20},"end":{"line":154,"column":21}},{"start":{"line":151,"column":20},"end":{"line":154,"column":21}}],"line":151},"28":{"loc":{"start":{"line":156,"column":16},"end":{"line":158,"column":17}},"type":"if","locations":[{"start":{"line":156,"column":16},"end":{"line":158,"column":17}},{"start":{"line":156,"column":16},"end":{"line":158,"column":17}}],"line":156},"29":{"loc":{"start":{"line":175,"column":12},"end":{"line":197,"column":13}},"type":"if","locations":[{"start":{"line":175,"column":12},"end":{"line":197,"column":13}},{"start":{"line":175,"column":12},"end":{"line":197,"column":13}}],"line":175},"30":{"loc":{"start":{"line":185,"column":16},"end":{"line":187,"column":17}},"type":"if","locations":[{"start":{"line":185,"column":16},"end":{"line":187,"column":17}},{"start":{"line":185,"column":16},"end":{"line":187,"column":17}}],"line":185},"31":{"loc":{"start":{"line":185,"column":20},"end":{"line":185,"column":61}},"type":"binary-expr","locations":[{"start":{"line":185,"column":20},"end":{"line":185,"column":36}},{"start":{"line":185,"column":40},"end":{"line":185,"column":61}}],"line":185},"32":{"loc":{"start":{"line":188,"column":16},"end":{"line":193,"column":17}},"type":"if","locations":[{"start":{"line":188,"column":16},"end":{"line":193,"column":17}},{"start":{"line":188,"column":16},"end":{"line":193,"column":17}}],"line":188},"33":{"loc":{"start":{"line":198,"column":12},"end":{"line":218,"column":13}},"type":"if","locations":[{"start":{"line":198,"column":12},"end":{"line":218,"column":13}},{"start":{"line":198,"column":12},"end":{"line":218,"column":13}}],"line":198},"34":{"loc":{"start":{"line":199,"column":16},"end":{"line":206,"column":17}},"type":"if","locations":[{"start":{"line":199,"column":16},"end":{"line":206,"column":17}},{"start":{"line":199,"column":16},"end":{"line":206,"column":17}}],"line":199},"35":{"loc":{"start":{"line":210,"column":16},"end":{"line":217,"column":17}},"type":"if","locations":[{"start":{"line":210,"column":16},"end":{"line":217,"column":17}},{"start":{"line":210,"column":16},"end":{"line":217,"column":17}}],"line":210}},"s":{"0":1,"1":11,"2":6,"3":6,"4":0,"5":0,"6":0,"7":0,"8":16,"9":6,"10":11,"11":1,"12":1,"13":1,"14":1,"15":1,"16":1,"17":1,"18":1,"19":1,"20":2,"21":2,"22":2,"23":2,"24":2,"25":2,"26":2,"27":2,"28":0,"29":14,"30":14,"31":14,"32":14,"33":14,"34":14,"35":14,"36":1,"37":13,"38":0,"39":13,"40":1,"41":12,"42":1,"43":11,"44":0,"45":11,"46":11,"47":10,"48":1,"49":11,"50":11,"51":9,"52":0,"53":9,"54":17837,"55":17837,"56":8,"57":7,"58":1,"59":2,"60":2,"61":2,"62":2,"63":2,"64":2,"65":2,"66":2,"67":0,"68":10,"69":2,"70":8,"71":8,"72":17837,"73":17837,"74":17835,"75":10769,"76":193856,"77":7,"78":2,"79":5,"80":9,"81":7,"82":193856,"83":193856,"84":193856,"85":193856,"86":7,"87":7,"88":7,"89":7,"90":7,"91":7,"92":7,"93":7,"94":7,"95":2,"96":2,"97":2,"98":0,"99":2,"100":1,"101":1,"102":1,"103":1,"104":3,"105":1,"106":1,"107":1,"108":1,"109":1,"110":183,"111":183,"112":183,"113":183,"114":183,"115":183,"116":183,"117":0,"118":183,"119":102,"120":102,"121":102,"122":96,"123":6,"124":96,"125":0,"126":96,"127":9,"128":87,"129":74,"130":91,"131":73,"132":2,"133":71,"134":71,"135":71,"136":18,"137":18,"138":1,"139":17,"140":17,"141":17,"142":14,"143":1},"f":{"0":11,"1":11,"2":6,"3":0,"4":16,"5":6,"6":2,"7":14,"8":14,"9":10,"10":1,"11":11,"12":11,"13":17837,"14":10,"15":9,"16":193856,"17":7,"18":2,"19":2,"20":183,"21":183,"22":14},"b":{"0":[1,1,1],"1":[11,11],"2":[10,6],"3":[11,11],"4":[0,2],"5":[1,13],"6":[14,13,13],"7":[0,13],"8":[1,12],"9":[1,11],"10":[0,11],"11":[11,2],"12":[9,2],"13":[0,9],"14":[17837,0],"15":[7,1],"16":[2,0],"17":[2,8],"18":[10769,7066],"19":[2,5],"20":[7,2],"21":[193856,0],"22":[7,0],"23":[0,2],"24":[2,2,2],"25":[1,1],"26":[1,0],"27":[1,2],"28":[1,0],"29":[102,74],"30":[0,96],"31":[96,96],"32":[9,87],"33":[73,18],"34":[2,71],"35":[1,17]},"_coverageSchema":"332fd63041d2c1bcb487cc26dd0d5f7d97098a6c","hash":"3026bc17163ce57956a4150f1a51eceb812b734b","contentHash":"0dd1c237b1876ab07643436b216ab872_11.3.0"},"C:\\Users\\devan\\documents\\cpsc310\\project_j0a0b_x3o0b\\src\\Util.js":{"path":"C:\\Users\\devan\\documents\\cpsc310\\project_j0a0b_x3o0b\\src\\Util.js","statementMap":{"0":{"start":{"line":2,"column":0},"end":{"line":2,"column":62}},"1":{"start":{"line":3,"column":15},"end":{"line":3,"column":32}},"2":{"start":{"line":4,"column":0},"end":{"line":4,"column":16}},"3":{"start":{"line":6,"column":0},"end":{"line":13,"column":32}},"4":{"start":{"line":7,"column":4},"end":{"line":7,"column":46}},"5":{"start":{"line":8,"column":4},"end":{"line":8,"column":44}},"6":{"start":{"line":9,"column":4},"end":{"line":9,"column":44}},"7":{"start":{"line":10,"column":4},"end":{"line":10,"column":46}},"8":{"start":{"line":11,"column":4},"end":{"line":11,"column":44}},"9":{"start":{"line":12,"column":4},"end":{"line":12,"column":44}},"10":{"start":{"line":15,"column":0},"end":{"line":36,"column":1}},"11":{"start":{"line":17,"column":8},"end":{"line":17,"column":35}},"12":{"start":{"line":18,"column":8},"end":{"line":18,"column":14}},"13":{"start":{"line":20,"column":8},"end":{"line":20,"column":34}},"14":{"start":{"line":21,"column":8},"end":{"line":21,"column":14}},"15":{"start":{"line":23,"column":8},"end":{"line":23,"column":34}},"16":{"start":{"line":24,"column":8},"end":{"line":24,"column":14}},"17":{"start":{"line":26,"column":8},"end":{"line":26,"column":35}},"18":{"start":{"line":27,"column":8},"end":{"line":27,"column":14}},"19":{"start":{"line":29,"column":8},"end":{"line":29,"column":34}},"20":{"start":{"line":30,"column":8},"end":{"line":30,"column":14}},"21":{"start":{"line":32,"column":8},"end":{"line":32,"column":34}},"22":{"start":{"line":33,"column":8},"end":{"line":33,"column":14}},"23":{"start":{"line":35,"column":8},"end":{"line":35,"column":35}},"24":{"start":{"line":39,"column":8},"end":{"line":41,"column":9}},"25":{"start":{"line":40,"column":12},"end":{"line":40,"column":70}},"26":{"start":{"line":44,"column":8},"end":{"line":46,"column":9}},"27":{"start":{"line":45,"column":12},"end":{"line":45,"column":71}},"28":{"start":{"line":49,"column":8},"end":{"line":51,"column":9}},"29":{"start":{"line":50,"column":12},"end":{"line":50,"column":71}},"30":{"start":{"line":54,"column":8},"end":{"line":56,"column":9}},"31":{"start":{"line":55,"column":12},"end":{"line":55,"column":72}},"32":{"start":{"line":59,"column":8},"end":{"line":61,"column":9}},"33":{"start":{"line":60,"column":12},"end":{"line":60,"column":70}},"34":{"start":{"line":64,"column":0},"end":{"line":64,"column":22}},"35":{"start":{"line":65,"column":0},"end":{"line":65,"column":22}}},"fnMap":{"0":{"name":"(anonymous_0)","decl":{"start":{"line":6,"column":1},"end":{"line":6,"column":2}},"loc":{"start":{"line":6,"column":21},"end":{"line":13,"column":1}},"line":6},"1":{"name":"(anonymous_1)","decl":{"start":{"line":38,"column":4},"end":{"line":38,"column":5}},"loc":{"start":{"line":38,"column":22},"end":{"line":42,"column":5}},"line":38},"2":{"name":"(anonymous_2)","decl":{"start":{"line":43,"column":4},"end":{"line":43,"column":5}},"loc":{"start":{"line":43,"column":21},"end":{"line":47,"column":5}},"line":43},"3":{"name":"(anonymous_3)","decl":{"start":{"line":48,"column":4},"end":{"line":48,"column":5}},"loc":{"start":{"line":48,"column":21},"end":{"line":52,"column":5}},"line":48},"4":{"name":"(anonymous_4)","decl":{"start":{"line":53,"column":4},"end":{"line":53,"column":5}},"loc":{"start":{"line":53,"column":22},"end":{"line":57,"column":5}},"line":53},"5":{"name":"(anonymous_5)","decl":{"start":{"line":58,"column":4},"end":{"line":58,"column":5}},"loc":{"start":{"line":58,"column":21},"end":{"line":62,"column":5}},"line":58}},"branchMap":{"0":{"loc":{"start":{"line":13,"column":3},"end":{"line":13,"column":30}},"type":"binary-expr","locations":[{"start":{"line":13,"column":3},"end":{"line":13,"column":11}},{"start":{"line":13,"column":16},"end":{"line":13,"column":29}}],"line":13},"1":{"loc":{"start":{"line":15,"column":0},"end":{"line":36,"column":1}},"type":"switch","locations":[{"start":{"line":16,"column":4},"end":{"line":18,"column":14}},{"start":{"line":19,"column":4},"end":{"line":21,"column":14}},{"start":{"line":22,"column":4},"end":{"line":24,"column":14}},{"start":{"line":25,"column":4},"end":{"line":27,"column":14}},{"start":{"line":28,"column":4},"end":{"line":30,"column":14}},{"start":{"line":31,"column":4},"end":{"line":33,"column":14}},{"start":{"line":34,"column":4},"end":{"line":35,"column":35}}],"line":15},"2":{"loc":{"start":{"line":15,"column":9},"end":{"line":15,"column":39}},"type":"binary-expr","locations":[{"start":{"line":15,"column":9},"end":{"line":15,"column":33}},{"start":{"line":15,"column":37},"end":{"line":15,"column":39}}],"line":15},"3":{"loc":{"start":{"line":39,"column":8},"end":{"line":41,"column":9}},"type":"if","locations":[{"start":{"line":39,"column":8},"end":{"line":41,"column":9}},{"start":{"line":39,"column":8},"end":{"line":41,"column":9}}],"line":39},"4":{"loc":{"start":{"line":44,"column":8},"end":{"line":46,"column":9}},"type":"if","locations":[{"start":{"line":44,"column":8},"end":{"line":46,"column":9}},{"start":{"line":44,"column":8},"end":{"line":46,"column":9}}],"line":44},"5":{"loc":{"start":{"line":49,"column":8},"end":{"line":51,"column":9}},"type":"if","locations":[{"start":{"line":49,"column":8},"end":{"line":51,"column":9}},{"start":{"line":49,"column":8},"end":{"line":51,"column":9}}],"line":49},"6":{"loc":{"start":{"line":54,"column":8},"end":{"line":56,"column":9}},"type":"if","locations":[{"start":{"line":54,"column":8},"end":{"line":56,"column":9}},{"start":{"line":54,"column":8},"end":{"line":56,"column":9}}],"line":54},"7":{"loc":{"start":{"line":59,"column":8},"end":{"line":61,"column":9}},"type":"if","locations":[{"start":{"line":59,"column":8},"end":{"line":61,"column":9}},{"start":{"line":59,"column":8},"end":{"line":61,"column":9}}],"line":59}},"s":{"0":1,"1":1,"2":1,"3":1,"4":1,"5":1,"6":1,"7":1,"8":1,"9":1,"10":1,"11":0,"12":0,"13":0,"14":0,"15":0,"16":0,"17":0,"18":0,"19":0,"20":0,"21":0,"22":0,"23":1,"24":2,"25":2,"26":0,"27":0,"28":0,"29":0,"30":0,"31":0,"32":62,"33":62,"34":1,"35":1},"f":{"0":1,"1":2,"2":0,"3":0,"4":0,"5":62},"b":{"0":[1,1],"1":[0,0,0,0,0,0,1],"2":[1,1],"3":[2,0],"4":[0,0],"5":[0,0],"6":[0,0],"7":[62,0]},"_coverageSchema":"332fd63041d2c1bcb487cc26dd0d5f7d97098a6c","hash":"2292bb6d1352f3670c8338daee814dfaa5c2cb16","contentHash":"6572ecddd13499b996811040024eda85_11.3.0"},"C:\\Users\\devan\\documents\\cpsc310\\project_j0a0b_x3o0b\\src\\controller\\DataSetHelper.js":{"path":"C:\\Users\\devan\\documents\\cpsc310\\project_j0a0b_x3o0b\\src\\controller\\DataSetHelper.js","statementMap":{"0":{"start":{"line":2,"column":0},"end":{"line":2,"column":62}},"1":{"start":{"line":5,"column":29},"end":{"line":5,"column":31}},"2":{"start":{"line":6,"column":8},"end":{"line":37,"column":9}},"3":{"start":{"line":7,"column":12},"end":{"line":33,"column":13}},"4":{"start":{"line":17,"column":16},"end":{"line":17,"column":67}},"5":{"start":{"line":18,"column":16},"end":{"line":18,"column":64}},"6":{"start":{"line":19,"column":16},"end":{"line":19,"column":62}},"7":{"start":{"line":20,"column":16},"end":{"line":20,"column":75}},"8":{"start":{"line":21,"column":16},"end":{"line":21,"column":66}},"9":{"start":{"line":22,"column":16},"end":{"line":22,"column":64}},"10":{"start":{"line":23,"column":16},"end":{"line":23,"column":64}},"11":{"start":{"line":24,"column":16},"end":{"line":24,"column":66}},"12":{"start":{"line":25,"column":16},"end":{"line":25,"column":73}},"13":{"start":{"line":26,"column":16},"end":{"line":31,"column":17}},"14":{"start":{"line":27,"column":20},"end":{"line":27,"column":56}},"15":{"start":{"line":30,"column":20},"end":{"line":30,"column":76}},"16":{"start":{"line":32,"column":16},"end":{"line":32,"column":38}},"17":{"start":{"line":36,"column":12},"end":{"line":36,"column":24}},"18":{"start":{"line":40,"column":8},"end":{"line":45,"column":9}},"19":{"start":{"line":41,"column":12},"end":{"line":41,"column":45}},"20":{"start":{"line":44,"column":12},"end":{"line":44,"column":25}},"21":{"start":{"line":46,"column":8},"end":{"line":46,"column":20}},"22":{"start":{"line":49,"column":0},"end":{"line":49,"column":32}}},"fnMap":{"0":{"name":"(anonymous_0)","decl":{"start":{"line":4,"column":4},"end":{"line":4,"column":5}},"loc":{"start":{"line":4,"column":39},"end":{"line":38,"column":5}},"line":4},"1":{"name":"(anonymous_1)","decl":{"start":{"line":39,"column":4},"end":{"line":39,"column":5}},"loc":{"start":{"line":39,"column":24},"end":{"line":47,"column":5}},"line":39}},"branchMap":{"0":{"loc":{"start":{"line":7,"column":12},"end":{"line":33,"column":13}},"type":"if","locations":[{"start":{"line":7,"column":12},"end":{"line":33,"column":13}},{"start":{"line":7,"column":12},"end":{"line":33,"column":13}}],"line":7},"1":{"loc":{"start":{"line":7,"column":16},"end":{"line":16,"column":47}},"type":"binary-expr","locations":[{"start":{"line":7,"column":16},"end":{"line":7,"column":50}},{"start":{"line":8,"column":16},"end":{"line":8,"column":49}},{"start":{"line":9,"column":16},"end":{"line":9,"column":46}},{"start":{"line":10,"column":16},"end":{"line":10,"column":52}},{"start":{"line":11,"column":16},"end":{"line":11,"column":48}},{"start":{"line":12,"column":16},"end":{"line":12,"column":47}},{"start":{"line":13,"column":16},"end":{"line":13,"column":47}},{"start":{"line":14,"column":16},"end":{"line":14,"column":48}},{"start":{"line":15,"column":16},"end":{"line":15,"column":45}},{"start":{"line":16,"column":16},"end":{"line":16,"column":47}}],"line":7},"2":{"loc":{"start":{"line":26,"column":16},"end":{"line":31,"column":17}},"type":"if","locations":[{"start":{"line":26,"column":16},"end":{"line":31,"column":17}},{"start":{"line":26,"column":16},"end":{"line":31,"column":17}}],"line":26}},"s":{"0":1,"1":193856,"2":193856,"3":193856,"4":193856,"5":193856,"6":193856,"7":193856,"8":193856,"9":193856,"10":193856,"11":193856,"12":193856,"13":193856,"14":73872,"15":119984,"16":193856,"17":0,"18":17837,"19":17837,"20":0,"21":17837,"22":1},"f":{"0":193856,"1":17837},"b":{"0":[193856,0],"1":[193856,193856,193856,193856,193856,193856,193856,193856,193856,193856],"2":[73872,119984]},"_coverageSchema":"332fd63041d2c1bcb487cc26dd0d5f7d97098a6c","hash":"7d8f9d5d006f92fac3d62c3213a54e643ceffcd0","contentHash":"28bf0ec89ca6e75a15f195fc5c8d2f53_11.3.0"},"C:\\Users\\devan\\documents\\cpsc310\\project_j0a0b_x3o0b\\src\\controller\\QueryValidator.js":{"path":"C:\\Users\\devan\\documents\\cpsc310\\project_j0a0b_x3o0b\\src\\controller\\QueryValidator.js","statementMap":{"0":{"start":{"line":2,"column":0},"end":{"line":2,"column":62}},"1":{"start":{"line":3,"column":25},"end":{"line":3,"column":52}},"2":{"start":{"line":4,"column":15},"end":{"line":4,"column":30}},"3":{"start":{"line":7,"column":8},"end":{"line":7,"column":34}},"4":{"start":{"line":10,"column":8},"end":{"line":13,"column":9}},"5":{"start":{"line":12,"column":12},"end":{"line":12,"column":25}},"6":{"start":{"line":14,"column":8},"end":{"line":21,"column":9}},"7":{"start":{"line":15,"column":12},"end":{"line":17,"column":13}},"8":{"start":{"line":16,"column":16},"end":{"line":16,"column":29}},"9":{"start":{"line":18,"column":12},"end":{"line":20,"column":13}},"10":{"start":{"line":19,"column":16},"end":{"line":19,"column":29}},"11":{"start":{"line":22,"column":8},"end":{"line":32,"column":9}},"12":{"start":{"line":23,"column":12},"end":{"line":25,"column":13}},"13":{"start":{"line":24,"column":16},"end":{"line":24,"column":29}},"14":{"start":{"line":26,"column":12},"end":{"line":28,"column":13}},"15":{"start":{"line":27,"column":16},"end":{"line":27,"column":29}},"16":{"start":{"line":29,"column":12},"end":{"line":31,"column":13}},"17":{"start":{"line":30,"column":16},"end":{"line":30,"column":29}},"18":{"start":{"line":33,"column":8},"end":{"line":35,"column":9}},"19":{"start":{"line":34,"column":12},"end":{"line":34,"column":25}},"20":{"start":{"line":36,"column":8},"end":{"line":51,"column":9}},"21":{"start":{"line":37,"column":12},"end":{"line":50,"column":13}},"22":{"start":{"line":38,"column":16},"end":{"line":38,"column":29}},"23":{"start":{"line":41,"column":16},"end":{"line":43,"column":17}},"24":{"start":{"line":42,"column":20},"end":{"line":42,"column":33}},"25":{"start":{"line":44,"column":16},"end":{"line":46,"column":17}},"26":{"start":{"line":45,"column":20},"end":{"line":45,"column":33}},"27":{"start":{"line":47,"column":16},"end":{"line":49,"column":17}},"28":{"start":{"line":48,"column":20},"end":{"line":48,"column":33}},"29":{"start":{"line":52,"column":8},"end":{"line":54,"column":9}},"30":{"start":{"line":53,"column":12},"end":{"line":53,"column":25}},"31":{"start":{"line":55,"column":8},"end":{"line":57,"column":9}},"32":{"start":{"line":56,"column":12},"end":{"line":56,"column":25}},"33":{"start":{"line":58,"column":8},"end":{"line":60,"column":9}},"34":{"start":{"line":59,"column":12},"end":{"line":59,"column":25}},"35":{"start":{"line":61,"column":8},"end":{"line":65,"column":9}},"36":{"start":{"line":62,"column":12},"end":{"line":64,"column":13}},"37":{"start":{"line":63,"column":16},"end":{"line":63,"column":29}},"38":{"start":{"line":66,"column":8},"end":{"line":66,"column":20}},"39":{"start":{"line":69,"column":8},"end":{"line":73,"column":9}},"40":{"start":{"line":70,"column":12},"end":{"line":72,"column":13}},"41":{"start":{"line":71,"column":16},"end":{"line":71,"column":28}},"42":{"start":{"line":74,"column":8},"end":{"line":74,"column":21}},"43":{"start":{"line":77,"column":8},"end":{"line":83,"column":9}},"44":{"start":{"line":78,"column":12},"end":{"line":82,"column":13}},"45":{"start":{"line":79,"column":16},"end":{"line":81,"column":17}},"46":{"start":{"line":80,"column":20},"end":{"line":80,"column":32}},"47":{"start":{"line":84,"column":8},"end":{"line":84,"column":21}},"48":{"start":{"line":87,"column":25},"end":{"line":87,"column":27}},"49":{"start":{"line":88,"column":8},"end":{"line":98,"column":9}},"50":{"start":{"line":89,"column":26},"end":{"line":89,"column":53}},"51":{"start":{"line":90,"column":12},"end":{"line":96,"column":13}},"52":{"start":{"line":91,"column":16},"end":{"line":95,"column":17}},"53":{"start":{"line":92,"column":29},"end":{"line":92,"column":44}},"54":{"start":{"line":93,"column":20},"end":{"line":93,"column":40}},"55":{"start":{"line":94,"column":20},"end":{"line":94,"column":50}},"56":{"start":{"line":97,"column":12},"end":{"line":97,"column":64}},"57":{"start":{"line":97,"column":43},"end":{"line":97,"column":62}},"58":{"start":{"line":101,"column":26},"end":{"line":101,"column":89}},"59":{"start":{"line":102,"column":26},"end":{"line":103,"column":69}},"60":{"start":{"line":104,"column":8},"end":{"line":108,"column":9}},"61":{"start":{"line":105,"column":12},"end":{"line":107,"column":13}},"62":{"start":{"line":105,"column":51},"end":{"line":105,"column":80}},"63":{"start":{"line":106,"column":16},"end":{"line":106,"column":29}},"64":{"start":{"line":109,"column":8},"end":{"line":208,"column":9}},"65":{"start":{"line":110,"column":12},"end":{"line":110,"column":25}},"66":{"start":{"line":112,"column":13},"end":{"line":208,"column":9}},"67":{"start":{"line":113,"column":22},"end":{"line":113,"column":33}},"68":{"start":{"line":114,"column":26},"end":{"line":114,"column":45}},"69":{"start":{"line":115,"column":12},"end":{"line":117,"column":13}},"70":{"start":{"line":116,"column":16},"end":{"line":116,"column":29}},"71":{"start":{"line":118,"column":27},"end":{"line":118,"column":44}},"72":{"start":{"line":119,"column":22},"end":{"line":119,"column":41}},"73":{"start":{"line":120,"column":21},"end":{"line":120,"column":43}},"74":{"start":{"line":121,"column":12},"end":{"line":121,"column":42}},"75":{"start":{"line":122,"column":12},"end":{"line":124,"column":13}},"76":{"start":{"line":123,"column":16},"end":{"line":123,"column":29}},"77":{"start":{"line":125,"column":12},"end":{"line":125,"column":24}},"78":{"start":{"line":127,"column":13},"end":{"line":208,"column":9}},"79":{"start":{"line":128,"column":22},"end":{"line":128,"column":33}},"80":{"start":{"line":129,"column":26},"end":{"line":129,"column":45}},"81":{"start":{"line":130,"column":12},"end":{"line":132,"column":13}},"82":{"start":{"line":131,"column":16},"end":{"line":131,"column":29}},"83":{"start":{"line":133,"column":27},"end":{"line":133,"column":44}},"84":{"start":{"line":134,"column":22},"end":{"line":134,"column":41}},"85":{"start":{"line":135,"column":21},"end":{"line":135,"column":43}},"86":{"start":{"line":136,"column":12},"end":{"line":136,"column":42}},"87":{"start":{"line":137,"column":12},"end":{"line":139,"column":13}},"88":{"start":{"line":138,"column":16},"end":{"line":138,"column":29}},"89":{"start":{"line":140,"column":12},"end":{"line":140,"column":24}},"90":{"start":{"line":142,"column":13},"end":{"line":208,"column":9}},"91":{"start":{"line":143,"column":22},"end":{"line":143,"column":33}},"92":{"start":{"line":144,"column":26},"end":{"line":144,"column":45}},"93":{"start":{"line":145,"column":12},"end":{"line":147,"column":13}},"94":{"start":{"line":146,"column":16},"end":{"line":146,"column":29}},"95":{"start":{"line":148,"column":27},"end":{"line":148,"column":44}},"96":{"start":{"line":149,"column":22},"end":{"line":149,"column":41}},"97":{"start":{"line":150,"column":21},"end":{"line":150,"column":43}},"98":{"start":{"line":151,"column":12},"end":{"line":151,"column":42}},"99":{"start":{"line":152,"column":12},"end":{"line":154,"column":13}},"100":{"start":{"line":153,"column":16},"end":{"line":153,"column":29}},"101":{"start":{"line":155,"column":12},"end":{"line":155,"column":24}},"102":{"start":{"line":157,"column":13},"end":{"line":208,"column":9}},"103":{"start":{"line":158,"column":22},"end":{"line":158,"column":33}},"104":{"start":{"line":159,"column":26},"end":{"line":159,"column":45}},"105":{"start":{"line":160,"column":12},"end":{"line":162,"column":13}},"106":{"start":{"line":161,"column":16},"end":{"line":161,"column":29}},"107":{"start":{"line":163,"column":30},"end":{"line":163,"column":46}},"108":{"start":{"line":164,"column":27},"end":{"line":164,"column":44}},"109":{"start":{"line":165,"column":22},"end":{"line":165,"column":41}},"110":{"start":{"line":166,"column":21},"end":{"line":166,"column":43}},"111":{"start":{"line":167,"column":12},"end":{"line":167,"column":42}},"112":{"start":{"line":168,"column":12},"end":{"line":170,"column":13}},"113":{"start":{"line":169,"column":16},"end":{"line":169,"column":29}},"114":{"start":{"line":171,"column":12},"end":{"line":175,"column":13}},"115":{"start":{"line":174,"column":16},"end":{"line":174,"column":86}},"116":{"start":{"line":176,"column":12},"end":{"line":176,"column":24}},"117":{"start":{"line":178,"column":13},"end":{"line":208,"column":9}},"118":{"start":{"line":179,"column":12},"end":{"line":181,"column":13}},"119":{"start":{"line":180,"column":16},"end":{"line":180,"column":79}},"120":{"start":{"line":182,"column":12},"end":{"line":184,"column":13}},"121":{"start":{"line":183,"column":16},"end":{"line":183,"column":72}},"122":{"start":{"line":185,"column":12},"end":{"line":189,"column":13}},"123":{"start":{"line":186,"column":16},"end":{"line":188,"column":17}},"124":{"start":{"line":187,"column":20},"end":{"line":187,"column":33}},"125":{"start":{"line":190,"column":12},"end":{"line":190,"column":24}},"126":{"start":{"line":192,"column":13},"end":{"line":208,"column":9}},"127":{"start":{"line":193,"column":12},"end":{"line":195,"column":13}},"128":{"start":{"line":194,"column":16},"end":{"line":194,"column":78}},"129":{"start":{"line":196,"column":12},"end":{"line":198,"column":13}},"130":{"start":{"line":197,"column":16},"end":{"line":197,"column":71}},"131":{"start":{"line":199,"column":12},"end":{"line":203,"column":13}},"132":{"start":{"line":200,"column":16},"end":{"line":202,"column":17}},"133":{"start":{"line":201,"column":20},"end":{"line":201,"column":33}},"134":{"start":{"line":204,"column":12},"end":{"line":204,"column":24}},"135":{"start":{"line":206,"column":13},"end":{"line":208,"column":9}},"136":{"start":{"line":207,"column":12},"end":{"line":207,"column":57}},"137":{"start":{"line":209,"column":8},"end":{"line":209,"column":21}},"138":{"start":{"line":212,"column":24},"end":{"line":213,"column":117}},"139":{"start":{"line":214,"column":33},"end":{"line":214,"column":35}},"140":{"start":{"line":215,"column":32},"end":{"line":215,"column":34}},"141":{"start":{"line":216,"column":8},"end":{"line":247,"column":9}},"142":{"start":{"line":217,"column":12},"end":{"line":219,"column":13}},"143":{"start":{"line":218,"column":16},"end":{"line":218,"column":29}},"144":{"start":{"line":220,"column":12},"end":{"line":238,"column":13}},"145":{"start":{"line":221,"column":16},"end":{"line":237,"column":17}},"146":{"start":{"line":222,"column":20},"end":{"line":227,"column":21}},"147":{"start":{"line":223,"column":24},"end":{"line":223,"column":37}},"148":{"start":{"line":226,"column":24},"end":{"line":226,"column":53}},"149":{"start":{"line":230,"column":40},"end":{"line":230,"column":57}},"150":{"start":{"line":231,"column":20},"end":{"line":236,"column":21}},"151":{"start":{"line":232,"column":24},"end":{"line":232,"column":37}},"152":{"start":{"line":235,"column":24},"end":{"line":235,"column":52}},"153":{"start":{"line":239,"column":12},"end":{"line":243,"column":13}},"154":{"start":{"line":240,"column":16},"end":{"line":242,"column":17}},"155":{"start":{"line":241,"column":20},"end":{"line":241,"column":33}},"156":{"start":{"line":246,"column":12},"end":{"line":246,"column":55}},"157":{"start":{"line":248,"column":8},"end":{"line":248,"column":20}},"158":{"start":{"line":251,"column":20},"end":{"line":251,"column":53}},"159":{"start":{"line":252,"column":20},"end":{"line":252,"column":53}},"160":{"start":{"line":253,"column":22},"end":{"line":253,"column":49}},"161":{"start":{"line":254,"column":28},"end":{"line":254,"column":30}},"162":{"start":{"line":255,"column":8},"end":{"line":258,"column":9}},"163":{"start":{"line":256,"column":27},"end":{"line":256,"column":49}},"164":{"start":{"line":257,"column":12},"end":{"line":257,"column":41}},"165":{"start":{"line":259,"column":8},"end":{"line":265,"column":9}},"166":{"start":{"line":260,"column":12},"end":{"line":264,"column":13}},"167":{"start":{"line":261,"column":16},"end":{"line":263,"column":17}},"168":{"start":{"line":262,"column":20},"end":{"line":262,"column":33}},"169":{"start":{"line":266,"column":8},"end":{"line":266,"column":20}},"170":{"start":{"line":269,"column":8},"end":{"line":309,"column":9}},"171":{"start":{"line":270,"column":12},"end":{"line":272,"column":13}},"172":{"start":{"line":271,"column":16},"end":{"line":271,"column":29}},"173":{"start":{"line":273,"column":12},"end":{"line":278,"column":13}},"174":{"start":{"line":274,"column":31},"end":{"line":274,"column":56}},"175":{"start":{"line":275,"column":16},"end":{"line":277,"column":17}},"176":{"start":{"line":276,"column":20},"end":{"line":276,"column":33}},"177":{"start":{"line":279,"column":12},"end":{"line":308,"column":13}},"178":{"start":{"line":280,"column":16},"end":{"line":307,"column":17}},"179":{"start":{"line":281,"column":20},"end":{"line":303,"column":21}},"180":{"start":{"line":283,"column":24},"end":{"line":285,"column":25}},"181":{"start":{"line":284,"column":28},"end":{"line":284,"column":41}},"182":{"start":{"line":286,"column":24},"end":{"line":288,"column":25}},"183":{"start":{"line":287,"column":28},"end":{"line":287,"column":41}},"184":{"start":{"line":289,"column":40},"end":{"line":289,"column":72}},"185":{"start":{"line":290,"column":45},"end":{"line":290,"column":78}},"186":{"start":{"line":291,"column":24},"end":{"line":293,"column":25}},"187":{"start":{"line":292,"column":28},"end":{"line":292,"column":41}},"188":{"start":{"line":294,"column":24},"end":{"line":299,"column":25}},"189":{"start":{"line":295,"column":44},"end":{"line":295,"column":63}},"190":{"start":{"line":296,"column":28},"end":{"line":298,"column":29}},"191":{"start":{"line":297,"column":32},"end":{"line":297,"column":45}},"192":{"start":{"line":302,"column":24},"end":{"line":302,"column":37}},"193":{"start":{"line":306,"column":20},"end":{"line":306,"column":33}},"194":{"start":{"line":310,"column":8},"end":{"line":310,"column":20}},"195":{"start":{"line":313,"column":8},"end":{"line":315,"column":9}},"196":{"start":{"line":313,"column":46},"end":{"line":313,"column":75}},"197":{"start":{"line":314,"column":12},"end":{"line":314,"column":43}},"198":{"start":{"line":318,"column":8},"end":{"line":320,"column":9}},"199":{"start":{"line":319,"column":12},"end":{"line":319,"column":25}},"200":{"start":{"line":321,"column":8},"end":{"line":323,"column":9}},"201":{"start":{"line":322,"column":12},"end":{"line":322,"column":25}},"202":{"start":{"line":324,"column":8},"end":{"line":326,"column":9}},"203":{"start":{"line":325,"column":12},"end":{"line":325,"column":25}},"204":{"start":{"line":327,"column":8},"end":{"line":329,"column":9}},"205":{"start":{"line":328,"column":12},"end":{"line":328,"column":25}},"206":{"start":{"line":330,"column":8},"end":{"line":330,"column":20}},"207":{"start":{"line":333,"column":26},"end":{"line":333,"column":89}},"208":{"start":{"line":334,"column":28},"end":{"line":334,"column":30}},"209":{"start":{"line":335,"column":20},"end":{"line":335,"column":53}},"210":{"start":{"line":336,"column":8},"end":{"line":338,"column":9}},"211":{"start":{"line":337,"column":12},"end":{"line":337,"column":24}},"212":{"start":{"line":339,"column":8},"end":{"line":366,"column":9}},"213":{"start":{"line":340,"column":27},"end":{"line":340,"column":49}},"214":{"start":{"line":341,"column":35},"end":{"line":341,"column":51}},"215":{"start":{"line":342,"column":29},"end":{"line":342,"column":61}},"216":{"start":{"line":343,"column":22},"end":{"line":343,"column":50}},"217":{"start":{"line":344,"column":26},"end":{"line":344,"column":43}},"218":{"start":{"line":345,"column":12},"end":{"line":350,"column":13}},"219":{"start":{"line":346,"column":16},"end":{"line":346,"column":29}},"220":{"start":{"line":349,"column":16},"end":{"line":349,"column":45}},"221":{"start":{"line":351,"column":12},"end":{"line":357,"column":13}},"222":{"start":{"line":356,"column":16},"end":{"line":356,"column":29}},"223":{"start":{"line":358,"column":12},"end":{"line":365,"column":13}},"224":{"start":{"line":362,"column":16},"end":{"line":364,"column":17}},"225":{"start":{"line":363,"column":20},"end":{"line":363,"column":33}},"226":{"start":{"line":367,"column":8},"end":{"line":371,"column":9}},"227":{"start":{"line":368,"column":12},"end":{"line":370,"column":13}},"228":{"start":{"line":369,"column":16},"end":{"line":369,"column":29}},"229":{"start":{"line":372,"column":8},"end":{"line":372,"column":20}},"230":{"start":{"line":375,"column":24},"end":{"line":376,"column":117}},"231":{"start":{"line":377,"column":25},"end":{"line":378,"column":31}},"232":{"start":{"line":379,"column":25},"end":{"line":379,"column":110}},"233":{"start":{"line":380,"column":8},"end":{"line":416,"column":9}},"234":{"start":{"line":381,"column":25},"end":{"line":381,"column":27}},"235":{"start":{"line":382,"column":12},"end":{"line":399,"column":13}},"236":{"start":{"line":383,"column":16},"end":{"line":385,"column":17}},"237":{"start":{"line":384,"column":20},"end":{"line":384,"column":33}},"238":{"start":{"line":386,"column":16},"end":{"line":398,"column":17}},"239":{"start":{"line":387,"column":34},"end":{"line":387,"column":51}},"240":{"start":{"line":388,"column":35},"end":{"line":388,"column":52}},"241":{"start":{"line":389,"column":20},"end":{"line":391,"column":21}},"242":{"start":{"line":390,"column":24},"end":{"line":390,"column":37}},"243":{"start":{"line":392,"column":20},"end":{"line":397,"column":21}},"244":{"start":{"line":393,"column":24},"end":{"line":393,"column":37}},"245":{"start":{"line":396,"column":24},"end":{"line":396,"column":46}},"246":{"start":{"line":400,"column":23},"end":{"line":400,"column":28}},"247":{"start":{"line":401,"column":25},"end":{"line":401,"column":30}},"248":{"start":{"line":402,"column":12},"end":{"line":412,"column":13}},"249":{"start":{"line":403,"column":16},"end":{"line":408,"column":17}},"250":{"start":{"line":404,"column":20},"end":{"line":404,"column":34}},"251":{"start":{"line":406,"column":21},"end":{"line":408,"column":17}},"252":{"start":{"line":407,"column":20},"end":{"line":407,"column":32}},"253":{"start":{"line":409,"column":16},"end":{"line":411,"column":17}},"254":{"start":{"line":410,"column":20},"end":{"line":410,"column":33}},"255":{"start":{"line":415,"column":12},"end":{"line":415,"column":55}},"256":{"start":{"line":417,"column":8},"end":{"line":417,"column":20}},"257":{"start":{"line":420,"column":0},"end":{"line":420,"column":33}}},"fnMap":{"0":{"name":"(anonymous_0)","decl":{"start":{"line":6,"column":4},"end":{"line":6,"column":5}},"loc":{"start":{"line":6,"column":24},"end":{"line":8,"column":5}},"line":6},"1":{"name":"(anonymous_1)","decl":{"start":{"line":9,"column":4},"end":{"line":9,"column":5}},"loc":{"start":{"line":9,"column":24},"end":{"line":67,"column":5}},"line":9},"2":{"name":"(anonymous_2)","decl":{"start":{"line":68,"column":4},"end":{"line":68,"column":5}},"loc":{"start":{"line":68,"column":32},"end":{"line":75,"column":5}},"line":68},"3":{"name":"(anonymous_3)","decl":{"start":{"line":76,"column":4},"end":{"line":76,"column":5}},"loc":{"start":{"line":76,"column":32},"end":{"line":85,"column":5}},"line":76},"4":{"name":"(anonymous_4)","decl":{"start":{"line":86,"column":4},"end":{"line":86,"column":5}},"loc":{"start":{"line":86,"column":31},"end":{"line":99,"column":5}},"line":86},"5":{"name":"(anonymous_5)","decl":{"start":{"line":97,"column":36},"end":{"line":97,"column":37}},"loc":{"start":{"line":97,"column":43},"end":{"line":97,"column":62}},"line":97},"6":{"name":"(anonymous_6)","decl":{"start":{"line":100,"column":4},"end":{"line":100,"column":5}},"loc":{"start":{"line":100,"column":30},"end":{"line":210,"column":5}},"line":100},"7":{"name":"(anonymous_7)","decl":{"start":{"line":105,"column":44},"end":{"line":105,"column":45}},"loc":{"start":{"line":105,"column":51},"end":{"line":105,"column":80}},"line":105},"8":{"name":"(anonymous_8)","decl":{"start":{"line":211,"column":4},"end":{"line":211,"column":5}},"loc":{"start":{"line":211,"column":26},"end":{"line":249,"column":5}},"line":211},"9":{"name":"(anonymous_9)","decl":{"start":{"line":250,"column":4},"end":{"line":250,"column":5}},"loc":{"start":{"line":250,"column":83},"end":{"line":267,"column":5}},"line":250},"10":{"name":"(anonymous_10)","decl":{"start":{"line":268,"column":4},"end":{"line":268,"column":5}},"loc":{"start":{"line":268,"column":24},"end":{"line":311,"column":5}},"line":268},"11":{"name":"(anonymous_11)","decl":{"start":{"line":312,"column":4},"end":{"line":312,"column":5}},"loc":{"start":{"line":312,"column":17},"end":{"line":316,"column":5}},"line":312},"12":{"name":"(anonymous_12)","decl":{"start":{"line":313,"column":39},"end":{"line":313,"column":40}},"loc":{"start":{"line":313,"column":46},"end":{"line":313,"column":75}},"line":313},"13":{"name":"(anonymous_13)","decl":{"start":{"line":317,"column":4},"end":{"line":317,"column":5}},"loc":{"start":{"line":317,"column":38},"end":{"line":331,"column":5}},"line":317},"14":{"name":"(anonymous_14)","decl":{"start":{"line":332,"column":4},"end":{"line":332,"column":5}},"loc":{"start":{"line":332,"column":24},"end":{"line":373,"column":5}},"line":332},"15":{"name":"(anonymous_15)","decl":{"start":{"line":374,"column":4},"end":{"line":374,"column":5}},"loc":{"start":{"line":374,"column":24},"end":{"line":418,"column":5}},"line":374}},"branchMap":{"0":{"loc":{"start":{"line":10,"column":8},"end":{"line":13,"column":9}},"type":"if","locations":[{"start":{"line":10,"column":8},"end":{"line":13,"column":9}},{"start":{"line":10,"column":8},"end":{"line":13,"column":9}}],"line":10},"1":{"loc":{"start":{"line":10,"column":12},"end":{"line":11,"column":78}},"type":"binary-expr","locations":[{"start":{"line":10,"column":12},"end":{"line":10,"column":26}},{"start":{"line":10,"column":30},"end":{"line":10,"column":49}},{"start":{"line":10,"column":54},"end":{"line":10,"column":83}},{"start":{"line":11,"column":13},"end":{"line":11,"column":43}},{"start":{"line":11,"column":48},"end":{"line":11,"column":78}}],"line":10},"2":{"loc":{"start":{"line":14,"column":8},"end":{"line":21,"column":9}},"type":"if","locations":[{"start":{"line":14,"column":8},"end":{"line":21,"column":9}},{"start":{"line":14,"column":8},"end":{"line":21,"column":9}}],"line":14},"3":{"loc":{"start":{"line":15,"column":12},"end":{"line":17,"column":13}},"type":"if","locations":[{"start":{"line":15,"column":12},"end":{"line":17,"column":13}},{"start":{"line":15,"column":12},"end":{"line":17,"column":13}}],"line":15},"4":{"loc":{"start":{"line":18,"column":12},"end":{"line":20,"column":13}},"type":"if","locations":[{"start":{"line":18,"column":12},"end":{"line":20,"column":13}},{"start":{"line":18,"column":12},"end":{"line":20,"column":13}}],"line":18},"5":{"loc":{"start":{"line":22,"column":8},"end":{"line":32,"column":9}},"type":"if","locations":[{"start":{"line":22,"column":8},"end":{"line":32,"column":9}},{"start":{"line":22,"column":8},"end":{"line":32,"column":9}}],"line":22},"6":{"loc":{"start":{"line":23,"column":12},"end":{"line":25,"column":13}},"type":"if","locations":[{"start":{"line":23,"column":12},"end":{"line":25,"column":13}},{"start":{"line":23,"column":12},"end":{"line":25,"column":13}}],"line":23},"7":{"loc":{"start":{"line":26,"column":12},"end":{"line":28,"column":13}},"type":"if","locations":[{"start":{"line":26,"column":12},"end":{"line":28,"column":13}},{"start":{"line":26,"column":12},"end":{"line":28,"column":13}}],"line":26},"8":{"loc":{"start":{"line":29,"column":12},"end":{"line":31,"column":13}},"type":"if","locations":[{"start":{"line":29,"column":12},"end":{"line":31,"column":13}},{"start":{"line":29,"column":12},"end":{"line":31,"column":13}}],"line":29},"9":{"loc":{"start":{"line":33,"column":8},"end":{"line":35,"column":9}},"type":"if","locations":[{"start":{"line":33,"column":8},"end":{"line":35,"column":9}},{"start":{"line":33,"column":8},"end":{"line":35,"column":9}}],"line":33},"10":{"loc":{"start":{"line":36,"column":8},"end":{"line":51,"column":9}},"type":"if","locations":[{"start":{"line":36,"column":8},"end":{"line":51,"column":9}},{"start":{"line":36,"column":8},"end":{"line":51,"column":9}}],"line":36},"11":{"loc":{"start":{"line":37,"column":12},"end":{"line":50,"column":13}},"type":"if","locations":[{"start":{"line":37,"column":12},"end":{"line":50,"column":13}},{"start":{"line":37,"column":12},"end":{"line":50,"column":13}}],"line":37},"12":{"loc":{"start":{"line":37,"column":16},"end":{"line":37,"column":91}},"type":"binary-expr","locations":[{"start":{"line":37,"column":16},"end":{"line":37,"column":49}},{"start":{"line":37,"column":53},"end":{"line":37,"column":91}}],"line":37},"13":{"loc":{"start":{"line":41,"column":16},"end":{"line":43,"column":17}},"type":"if","locations":[{"start":{"line":41,"column":16},"end":{"line":43,"column":17}},{"start":{"line":41,"column":16},"end":{"line":43,"column":17}}],"line":41},"14":{"loc":{"start":{"line":44,"column":16},"end":{"line":46,"column":17}},"type":"if","locations":[{"start":{"line":44,"column":16},"end":{"line":46,"column":17}},{"start":{"line":44,"column":16},"end":{"line":46,"column":17}}],"line":44},"15":{"loc":{"start":{"line":47,"column":16},"end":{"line":49,"column":17}},"type":"if","locations":[{"start":{"line":47,"column":16},"end":{"line":49,"column":17}},{"start":{"line":47,"column":16},"end":{"line":49,"column":17}}],"line":47},"16":{"loc":{"start":{"line":52,"column":8},"end":{"line":54,"column":9}},"type":"if","locations":[{"start":{"line":52,"column":8},"end":{"line":54,"column":9}},{"start":{"line":52,"column":8},"end":{"line":54,"column":9}}],"line":52},"17":{"loc":{"start":{"line":55,"column":8},"end":{"line":57,"column":9}},"type":"if","locations":[{"start":{"line":55,"column":8},"end":{"line":57,"column":9}},{"start":{"line":55,"column":8},"end":{"line":57,"column":9}}],"line":55},"18":{"loc":{"start":{"line":58,"column":8},"end":{"line":60,"column":9}},"type":"if","locations":[{"start":{"line":58,"column":8},"end":{"line":60,"column":9}},{"start":{"line":58,"column":8},"end":{"line":60,"column":9}}],"line":58},"19":{"loc":{"start":{"line":61,"column":8},"end":{"line":65,"column":9}},"type":"if","locations":[{"start":{"line":61,"column":8},"end":{"line":65,"column":9}},{"start":{"line":61,"column":8},"end":{"line":65,"column":9}}],"line":61},"20":{"loc":{"start":{"line":62,"column":12},"end":{"line":64,"column":13}},"type":"if","locations":[{"start":{"line":62,"column":12},"end":{"line":64,"column":13}},{"start":{"line":62,"column":12},"end":{"line":64,"column":13}}],"line":62},"21":{"loc":{"start":{"line":70,"column":12},"end":{"line":72,"column":13}},"type":"if","locations":[{"start":{"line":70,"column":12},"end":{"line":72,"column":13}},{"start":{"line":70,"column":12},"end":{"line":72,"column":13}}],"line":70},"22":{"loc":{"start":{"line":79,"column":16},"end":{"line":81,"column":17}},"type":"if","locations":[{"start":{"line":79,"column":16},"end":{"line":81,"column":17}},{"start":{"line":79,"column":16},"end":{"line":81,"column":17}}],"line":79},"23":{"loc":{"start":{"line":88,"column":8},"end":{"line":98,"column":9}},"type":"if","locations":[{"start":{"line":88,"column":8},"end":{"line":98,"column":9}},{"start":{"line":88,"column":8},"end":{"line":98,"column":9}}],"line":88},"24":{"loc":{"start":{"line":91,"column":16},"end":{"line":95,"column":17}},"type":"if","locations":[{"start":{"line":91,"column":16},"end":{"line":95,"column":17}},{"start":{"line":91,"column":16},"end":{"line":95,"column":17}}],"line":91},"25":{"loc":{"start":{"line":104,"column":8},"end":{"line":108,"column":9}},"type":"if","locations":[{"start":{"line":104,"column":8},"end":{"line":108,"column":9}},{"start":{"line":104,"column":8},"end":{"line":108,"column":9}}],"line":104},"26":{"loc":{"start":{"line":105,"column":12},"end":{"line":107,"column":13}},"type":"if","locations":[{"start":{"line":105,"column":12},"end":{"line":107,"column":13}},{"start":{"line":105,"column":12},"end":{"line":107,"column":13}}],"line":105},"27":{"loc":{"start":{"line":109,"column":8},"end":{"line":208,"column":9}},"type":"if","locations":[{"start":{"line":109,"column":8},"end":{"line":208,"column":9}},{"start":{"line":109,"column":8},"end":{"line":208,"column":9}}],"line":109},"28":{"loc":{"start":{"line":112,"column":13},"end":{"line":208,"column":9}},"type":"if","locations":[{"start":{"line":112,"column":13},"end":{"line":208,"column":9}},{"start":{"line":112,"column":13},"end":{"line":208,"column":9}}],"line":112},"29":{"loc":{"start":{"line":115,"column":12},"end":{"line":117,"column":13}},"type":"if","locations":[{"start":{"line":115,"column":12},"end":{"line":117,"column":13}},{"start":{"line":115,"column":12},"end":{"line":117,"column":13}}],"line":115},"30":{"loc":{"start":{"line":115,"column":16},"end":{"line":115,"column":79}},"type":"binary-expr","locations":[{"start":{"line":115,"column":16},"end":{"line":115,"column":29}},{"start":{"line":115,"column":33},"end":{"line":115,"column":52}},{"start":{"line":115,"column":56},"end":{"line":115,"column":79}}],"line":115},"31":{"loc":{"start":{"line":122,"column":12},"end":{"line":124,"column":13}},"type":"if","locations":[{"start":{"line":122,"column":12},"end":{"line":124,"column":13}},{"start":{"line":122,"column":12},"end":{"line":124,"column":13}}],"line":122},"32":{"loc":{"start":{"line":127,"column":13},"end":{"line":208,"column":9}},"type":"if","locations":[{"start":{"line":127,"column":13},"end":{"line":208,"column":9}},{"start":{"line":127,"column":13},"end":{"line":208,"column":9}}],"line":127},"33":{"loc":{"start":{"line":130,"column":12},"end":{"line":132,"column":13}},"type":"if","locations":[{"start":{"line":130,"column":12},"end":{"line":132,"column":13}},{"start":{"line":130,"column":12},"end":{"line":132,"column":13}}],"line":130},"34":{"loc":{"start":{"line":130,"column":16},"end":{"line":130,"column":79}},"type":"binary-expr","locations":[{"start":{"line":130,"column":16},"end":{"line":130,"column":29}},{"start":{"line":130,"column":33},"end":{"line":130,"column":52}},{"start":{"line":130,"column":56},"end":{"line":130,"column":79}}],"line":130},"35":{"loc":{"start":{"line":137,"column":12},"end":{"line":139,"column":13}},"type":"if","locations":[{"start":{"line":137,"column":12},"end":{"line":139,"column":13}},{"start":{"line":137,"column":12},"end":{"line":139,"column":13}}],"line":137},"36":{"loc":{"start":{"line":142,"column":13},"end":{"line":208,"column":9}},"type":"if","locations":[{"start":{"line":142,"column":13},"end":{"line":208,"column":9}},{"start":{"line":142,"column":13},"end":{"line":208,"column":9}}],"line":142},"37":{"loc":{"start":{"line":145,"column":12},"end":{"line":147,"column":13}},"type":"if","locations":[{"start":{"line":145,"column":12},"end":{"line":147,"column":13}},{"start":{"line":145,"column":12},"end":{"line":147,"column":13}}],"line":145},"38":{"loc":{"start":{"line":145,"column":16},"end":{"line":145,"column":79}},"type":"binary-expr","locations":[{"start":{"line":145,"column":16},"end":{"line":145,"column":29}},{"start":{"line":145,"column":33},"end":{"line":145,"column":52}},{"start":{"line":145,"column":56},"end":{"line":145,"column":79}}],"line":145},"39":{"loc":{"start":{"line":152,"column":12},"end":{"line":154,"column":13}},"type":"if","locations":[{"start":{"line":152,"column":12},"end":{"line":154,"column":13}},{"start":{"line":152,"column":12},"end":{"line":154,"column":13}}],"line":152},"40":{"loc":{"start":{"line":157,"column":13},"end":{"line":208,"column":9}},"type":"if","locations":[{"start":{"line":157,"column":13},"end":{"line":208,"column":9}},{"start":{"line":157,"column":13},"end":{"line":208,"column":9}}],"line":157},"41":{"loc":{"start":{"line":160,"column":12},"end":{"line":162,"column":13}},"type":"if","locations":[{"start":{"line":160,"column":12},"end":{"line":162,"column":13}},{"start":{"line":160,"column":12},"end":{"line":162,"column":13}}],"line":160},"42":{"loc":{"start":{"line":160,"column":16},"end":{"line":160,"column":52}},"type":"binary-expr","locations":[{"start":{"line":160,"column":16},"end":{"line":160,"column":29}},{"start":{"line":160,"column":33},"end":{"line":160,"column":52}}],"line":160},"43":{"loc":{"start":{"line":168,"column":12},"end":{"line":170,"column":13}},"type":"if","locations":[{"start":{"line":168,"column":12},"end":{"line":170,"column":13}},{"start":{"line":168,"column":12},"end":{"line":170,"column":13}}],"line":168},"44":{"loc":{"start":{"line":171,"column":12},"end":{"line":175,"column":13}},"type":"if","locations":[{"start":{"line":171,"column":12},"end":{"line":175,"column":13}},{"start":{"line":171,"column":12},"end":{"line":175,"column":13}}],"line":171},"45":{"loc":{"start":{"line":171,"column":16},"end":{"line":173,"column":51}},"type":"binary-expr","locations":[{"start":{"line":171,"column":17},"end":{"line":171,"column":52}},{"start":{"line":172,"column":17},"end":{"line":172,"column":54}},{"start":{"line":173,"column":17},"end":{"line":173,"column":50}}],"line":171},"46":{"loc":{"start":{"line":178,"column":13},"end":{"line":208,"column":9}},"type":"if","locations":[{"start":{"line":178,"column":13},"end":{"line":208,"column":9}},{"start":{"line":178,"column":13},"end":{"line":208,"column":9}}],"line":178},"47":{"loc":{"start":{"line":179,"column":12},"end":{"line":181,"column":13}},"type":"if","locations":[{"start":{"line":179,"column":12},"end":{"line":181,"column":13}},{"start":{"line":179,"column":12},"end":{"line":181,"column":13}}],"line":179},"48":{"loc":{"start":{"line":182,"column":12},"end":{"line":184,"column":13}},"type":"if","locations":[{"start":{"line":182,"column":12},"end":{"line":184,"column":13}},{"start":{"line":182,"column":12},"end":{"line":184,"column":13}}],"line":182},"49":{"loc":{"start":{"line":186,"column":16},"end":{"line":188,"column":17}},"type":"if","locations":[{"start":{"line":186,"column":16},"end":{"line":188,"column":17}},{"start":{"line":186,"column":16},"end":{"line":188,"column":17}}],"line":186},"50":{"loc":{"start":{"line":192,"column":13},"end":{"line":208,"column":9}},"type":"if","locations":[{"start":{"line":192,"column":13},"end":{"line":208,"column":9}},{"start":{"line":192,"column":13},"end":{"line":208,"column":9}}],"line":192},"51":{"loc":{"start":{"line":193,"column":12},"end":{"line":195,"column":13}},"type":"if","locations":[{"start":{"line":193,"column":12},"end":{"line":195,"column":13}},{"start":{"line":193,"column":12},"end":{"line":195,"column":13}}],"line":193},"52":{"loc":{"start":{"line":196,"column":12},"end":{"line":198,"column":13}},"type":"if","locations":[{"start":{"line":196,"column":12},"end":{"line":198,"column":13}},{"start":{"line":196,"column":12},"end":{"line":198,"column":13}}],"line":196},"53":{"loc":{"start":{"line":200,"column":16},"end":{"line":202,"column":17}},"type":"if","locations":[{"start":{"line":200,"column":16},"end":{"line":202,"column":17}},{"start":{"line":200,"column":16},"end":{"line":202,"column":17}}],"line":200},"54":{"loc":{"start":{"line":206,"column":13},"end":{"line":208,"column":9}},"type":"if","locations":[{"start":{"line":206,"column":13},"end":{"line":208,"column":9}},{"start":{"line":206,"column":13},"end":{"line":208,"column":9}}],"line":206},"55":{"loc":{"start":{"line":217,"column":12},"end":{"line":219,"column":13}},"type":"if","locations":[{"start":{"line":217,"column":12},"end":{"line":219,"column":13}},{"start":{"line":217,"column":12},"end":{"line":219,"column":13}}],"line":217},"56":{"loc":{"start":{"line":221,"column":16},"end":{"line":237,"column":17}},"type":"if","locations":[{"start":{"line":221,"column":16},"end":{"line":237,"column":17}},{"start":{"line":221,"column":16},"end":{"line":237,"column":17}}],"line":221},"57":{"loc":{"start":{"line":222,"column":20},"end":{"line":227,"column":21}},"type":"if","locations":[{"start":{"line":222,"column":20},"end":{"line":227,"column":21}},{"start":{"line":222,"column":20},"end":{"line":227,"column":21}}],"line":222},"58":{"loc":{"start":{"line":231,"column":20},"end":{"line":236,"column":21}},"type":"if","locations":[{"start":{"line":231,"column":20},"end":{"line":236,"column":21}},{"start":{"line":231,"column":20},"end":{"line":236,"column":21}}],"line":231},"59":{"loc":{"start":{"line":239,"column":12},"end":{"line":243,"column":13}},"type":"if","locations":[{"start":{"line":239,"column":12},"end":{"line":243,"column":13}},{"start":{"line":239,"column":12},"end":{"line":243,"column":13}}],"line":239},"60":{"loc":{"start":{"line":239,"column":16},"end":{"line":239,"column":77}},"type":"binary-expr","locations":[{"start":{"line":239,"column":16},"end":{"line":239,"column":40}},{"start":{"line":239,"column":44},"end":{"line":239,"column":77}}],"line":239},"61":{"loc":{"start":{"line":240,"column":16},"end":{"line":242,"column":17}},"type":"if","locations":[{"start":{"line":240,"column":16},"end":{"line":242,"column":17}},{"start":{"line":240,"column":16},"end":{"line":242,"column":17}}],"line":240},"62":{"loc":{"start":{"line":260,"column":12},"end":{"line":264,"column":13}},"type":"if","locations":[{"start":{"line":260,"column":12},"end":{"line":264,"column":13}},{"start":{"line":260,"column":12},"end":{"line":264,"column":13}}],"line":260},"63":{"loc":{"start":{"line":261,"column":16},"end":{"line":263,"column":17}},"type":"if","locations":[{"start":{"line":261,"column":16},"end":{"line":263,"column":17}},{"start":{"line":261,"column":16},"end":{"line":263,"column":17}}],"line":261},"64":{"loc":{"start":{"line":269,"column":8},"end":{"line":309,"column":9}},"type":"if","locations":[{"start":{"line":269,"column":8},"end":{"line":309,"column":9}},{"start":{"line":269,"column":8},"end":{"line":309,"column":9}}],"line":269},"65":{"loc":{"start":{"line":270,"column":12},"end":{"line":272,"column":13}},"type":"if","locations":[{"start":{"line":270,"column":12},"end":{"line":272,"column":13}},{"start":{"line":270,"column":12},"end":{"line":272,"column":13}}],"line":270},"66":{"loc":{"start":{"line":273,"column":12},"end":{"line":278,"column":13}},"type":"if","locations":[{"start":{"line":273,"column":12},"end":{"line":278,"column":13}},{"start":{"line":273,"column":12},"end":{"line":278,"column":13}}],"line":273},"67":{"loc":{"start":{"line":275,"column":16},"end":{"line":277,"column":17}},"type":"if","locations":[{"start":{"line":275,"column":16},"end":{"line":277,"column":17}},{"start":{"line":275,"column":16},"end":{"line":277,"column":17}}],"line":275},"68":{"loc":{"start":{"line":279,"column":12},"end":{"line":308,"column":13}},"type":"if","locations":[{"start":{"line":279,"column":12},"end":{"line":308,"column":13}},{"start":{"line":279,"column":12},"end":{"line":308,"column":13}}],"line":279},"69":{"loc":{"start":{"line":280,"column":16},"end":{"line":307,"column":17}},"type":"if","locations":[{"start":{"line":280,"column":16},"end":{"line":307,"column":17}},{"start":{"line":280,"column":16},"end":{"line":307,"column":17}}],"line":280},"70":{"loc":{"start":{"line":281,"column":20},"end":{"line":303,"column":21}},"type":"if","locations":[{"start":{"line":281,"column":20},"end":{"line":303,"column":21}},{"start":{"line":281,"column":20},"end":{"line":303,"column":21}}],"line":281},"71":{"loc":{"start":{"line":281,"column":24},"end":{"line":282,"column":87}},"type":"binary-expr","locations":[{"start":{"line":281,"column":25},"end":{"line":281,"column":85}},{"start":{"line":282,"column":25},"end":{"line":282,"column":86}}],"line":281},"72":{"loc":{"start":{"line":283,"column":24},"end":{"line":285,"column":25}},"type":"if","locations":[{"start":{"line":283,"column":24},"end":{"line":285,"column":25}},{"start":{"line":283,"column":24},"end":{"line":285,"column":25}}],"line":283},"73":{"loc":{"start":{"line":286,"column":24},"end":{"line":288,"column":25}},"type":"if","locations":[{"start":{"line":286,"column":24},"end":{"line":288,"column":25}},{"start":{"line":286,"column":24},"end":{"line":288,"column":25}}],"line":286},"74":{"loc":{"start":{"line":291,"column":24},"end":{"line":293,"column":25}},"type":"if","locations":[{"start":{"line":291,"column":24},"end":{"line":293,"column":25}},{"start":{"line":291,"column":24},"end":{"line":293,"column":25}}],"line":291},"75":{"loc":{"start":{"line":291,"column":30},"end":{"line":291,"column":76}},"type":"binary-expr","locations":[{"start":{"line":291,"column":31},"end":{"line":291,"column":49}},{"start":{"line":291,"column":55},"end":{"line":291,"column":75}}],"line":291},"76":{"loc":{"start":{"line":296,"column":28},"end":{"line":298,"column":29}},"type":"if","locations":[{"start":{"line":296,"column":28},"end":{"line":298,"column":29}},{"start":{"line":296,"column":28},"end":{"line":298,"column":29}}],"line":296},"77":{"loc":{"start":{"line":313,"column":8},"end":{"line":315,"column":9}},"type":"if","locations":[{"start":{"line":313,"column":8},"end":{"line":315,"column":9}},{"start":{"line":313,"column":8},"end":{"line":315,"column":9}}],"line":313},"78":{"loc":{"start":{"line":318,"column":8},"end":{"line":320,"column":9}},"type":"if","locations":[{"start":{"line":318,"column":8},"end":{"line":320,"column":9}},{"start":{"line":318,"column":8},"end":{"line":320,"column":9}}],"line":318},"79":{"loc":{"start":{"line":318,"column":12},"end":{"line":318,"column":84}},"type":"binary-expr","locations":[{"start":{"line":318,"column":12},"end":{"line":318,"column":46}},{"start":{"line":318,"column":50},"end":{"line":318,"column":84}}],"line":318},"80":{"loc":{"start":{"line":321,"column":8},"end":{"line":323,"column":9}},"type":"if","locations":[{"start":{"line":321,"column":8},"end":{"line":323,"column":9}},{"start":{"line":321,"column":8},"end":{"line":323,"column":9}}],"line":321},"81":{"loc":{"start":{"line":321,"column":12},"end":{"line":321,"column":70}},"type":"binary-expr","locations":[{"start":{"line":321,"column":12},"end":{"line":321,"column":39}},{"start":{"line":321,"column":43},"end":{"line":321,"column":70}}],"line":321},"82":{"loc":{"start":{"line":324,"column":8},"end":{"line":326,"column":9}},"type":"if","locations":[{"start":{"line":324,"column":8},"end":{"line":326,"column":9}},{"start":{"line":324,"column":8},"end":{"line":326,"colum
[...]
6":[197,7391],"57":[981,63753],"58":[6379,1209],"59":[229,7359],"60":[587,7001],"61":[605,2706]},"_coverageSchema":"332fd63041d2c1bcb487cc26dd0d5f7d97098a6c","hash":"52a934b836902d3c6007777c0eb59403e2bf9180","contentHash":"eced9e6403eb282b2be6035a5515a0c3_11.3.0"},"C:\\Users\\devan\\documents\\cpsc310\\project_j0a0b_x3o0b\\src\\controller\\RoomHelper.js":{"path":"C:\\Users\\devan\\documents\\cpsc310\\project_j0a0b_x3o0b\\src\\controller\\RoomHelper.js","statementMap":{"0":{"start":{"line":2,"column":16},"end":{"line":9,"column":1}},"1":{"start":{"line":3,"column":4},"end":{"line":8,"column":7}},"2":{"start":{"line":4,"column":36},"end":{"line":4,"column":97}},"3":{"start":{"line":4,"column":42},"end":{"line":4,"column":70}},"4":{"start":{"line":4,"column":85},"end":{"line":4,"column":95}},"5":{"start":{"line":5,"column":35},"end":{"line":5,"column":100}},"6":{"start":{"line":5,"column":41},"end":{"line":5,"column":73}},"7":{"start":{"line":5,"column":88},"end":{"line":5,"column":98}},"8":{"start":{"line":6,"column":32},"end":{"line":6,"column":149}},"9":{"start":{"line":6,"column":97},"end":{"line":6,"column":119}},"10":{"start":{"line":7,"column":8},"end":{"line":7,"column":78}},"11":{"start":{"line":10,"column":0},"end":{"line":10,"column":62}},"12":{"start":{"line":13,"column":8},"end":{"line":13,"column":31}},"13":{"start":{"line":14,"column":23},"end":{"line":14,"column":40}},"14":{"start":{"line":15,"column":8},"end":{"line":15,"column":44}},"15":{"start":{"line":16,"column":8},"end":{"line":16,"column":21}},"16":{"start":{"line":17,"column":8},"end":{"line":17,"column":39}},"17":{"start":{"line":18,"column":8},"end":{"line":18,"column":50}},"18":{"start":{"line":19,"column":8},"end":{"line":19,"column":56}},"19":{"start":{"line":22,"column":8},"end":{"line":50,"column":11}},"20":{"start":{"line":23,"column":27},"end":{"line":23,"column":44}},"21":{"start":{"line":24,"column":12},"end":{"line":49,"column":13}},"22":{"start":{"line":25,"column":27},"end":{"line":25,"column":50}},"23":{"start":{"line":26,"column":34},"end":{"line":26,"column":47}},"24":{"start":{"line":27,"column":31},"end":{"line":27,"column":87}},"25":{"start":{"line":28,"column":31},"end":{"line":28,"column":53}},"26":{"start":{"line":29,"column":29},"end":{"line":29,"column":52}},"27":{"start":{"line":30,"column":16},"end":{"line":48,"column":17}},"28":{"start":{"line":31,"column":32},"end":{"line":31,"column":54}},"29":{"start":{"line":32,"column":20},"end":{"line":47,"column":21}},"30":{"start":{"line":33,"column":37},"end":{"line":45,"column":25}},"31":{"start":{"line":46,"column":24},"end":{"line":46,"column":53}},"32":{"start":{"line":53,"column":27},"end":{"line":53,"column":29}},"33":{"start":{"line":54,"column":8},"end":{"line":91,"column":9}},"34":{"start":{"line":55,"column":12},"end":{"line":90,"column":13}},"35":{"start":{"line":61,"column":16},"end":{"line":81,"column":17}},"36":{"start":{"line":62,"column":20},"end":{"line":80,"column":21}},"37":{"start":{"line":63,"column":43},"end":{"line":63,"column":60}},"38":{"start":{"line":64,"column":24},"end":{"line":66,"column":25}},"39":{"start":{"line":65,"column":28},"end":{"line":65,"column":81}},"40":{"start":{"line":67,"column":24},"end":{"line":69,"column":25}},"41":{"start":{"line":68,"column":28},"end":{"line":68,"column":74}},"42":{"start":{"line":70,"column":24},"end":{"line":72,"column":25}},"43":{"start":{"line":71,"column":28},"end":{"line":71,"column":69}},"44":{"start":{"line":73,"column":24},"end":{"line":75,"column":25}},"45":{"start":{"line":74,"column":28},"end":{"line":74,"column":85}},"46":{"start":{"line":76,"column":24},"end":{"line":79,"column":25}},"47":{"start":{"line":78,"column":28},"end":{"line":78,"column":70}},"48":{"start":{"line":82,"column":29},"end":{"line":88,"column":17}},"49":{"start":{"line":89,"column":16},"end":{"line":89,"column":40}},"50":{"start":{"line":92,"column":8},"end":{"line":92,"column":28}},"51":{"start":{"line":95,"column":31},"end":{"line":95,"column":33}},"52":{"start":{"line":96,"column":8},"end":{"line":131,"column":9}},"53":{"start":{"line":97,"column":12},"end":{"line":130,"column":13}},"54":{"start":{"line":102,"column":16},"end":{"line":119,"column":17}},"55":{"start":{"line":103,"column":20},"end":{"line":118,"column":21}},"56":{"start":{"line":104,"column":47},"end":{"line":104,"column":64}},"57":{"start":{"line":105,"column":24},"end":{"line":107,"column":25}},"58":{"start":{"line":106,"column":28},"end":{"line":106,"column":73}},"59":{"start":{"line":108,"column":24},"end":{"line":110,"column":25}},"60":{"start":{"line":109,"column":28},"end":{"line":109,"column":76}},"61":{"start":{"line":111,"column":24},"end":{"line":113,"column":25}},"62":{"start":{"line":112,"column":28},"end":{"line":112,"column":88}},"63":{"start":{"line":114,"column":24},"end":{"line":117,"column":25}},"64":{"start":{"line":116,"column":28},"end":{"line":116,"column":82}},"65":{"start":{"line":120,"column":36},"end":{"line":120,"column":54}},"66":{"start":{"line":121,"column":33},"end":{"line":128,"column":17}},"67":{"start":{"line":129,"column":16},"end":{"line":129,"column":48}},"68":{"start":{"line":132,"column":8},"end":{"line":132,"column":32}},"69":{"start":{"line":135,"column":32},"end":{"line":135,"column":34}},"70":{"start":{"line":136,"column":8},"end":{"line":138,"column":9}},"71":{"start":{"line":137,"column":12},"end":{"line":137,"column":42}},"72":{"start":{"line":139,"column":8},"end":{"line":149,"column":9}},"73":{"start":{"line":140,"column":31},"end":{"line":140,"column":54}},"74":{"start":{"line":141,"column":12},"end":{"line":148,"column":13}},"75":{"start":{"line":142,"column":16},"end":{"line":142,"column":47}},"76":{"start":{"line":145,"column":16},"end":{"line":147,"column":17}},"77":{"start":{"line":146,"column":20},"end":{"line":146,"column":71}},"78":{"start":{"line":150,"column":8},"end":{"line":150,"column":20}},"79":{"start":{"line":153,"column":8},"end":{"line":161,"column":11}},"80":{"start":{"line":154,"column":35},"end":{"line":154,"column":37}},"81":{"start":{"line":155,"column":12},"end":{"line":159,"column":13}},"82":{"start":{"line":156,"column":39},"end":{"line":156,"column":88}},"83":{"start":{"line":157,"column":27},"end":{"line":157,"column":110}},"84":{"start":{"line":158,"column":16},"end":{"line":158,"column":76}},"85":{"start":{"line":160,"column":20},"end":{"line":160,"column":21}},"86":{"start":{"line":164,"column":8},"end":{"line":205,"column":11}},"87":{"start":{"line":165,"column":23},"end":{"line":165,"column":38}},"88":{"start":{"line":166,"column":32},"end":{"line":166,"column":50}},"89":{"start":{"line":167,"column":20},"end":{"line":201,"column":14}},"90":{"start":{"line":168,"column":16},"end":{"line":200,"column":19}},"91":{"start":{"line":169,"column":43},"end":{"line":169,"column":46}},"92":{"start":{"line":170,"column":40},"end":{"line":170,"column":67}},"93":{"start":{"line":172,"column":20},"end":{"line":179,"column":21}},"94":{"start":{"line":173,"column":24},"end":{"line":174,"column":58}},"95":{"start":{"line":176,"column":25},"end":{"line":179,"column":21}},"96":{"start":{"line":177,"column":24},"end":{"line":178,"column":57}},"97":{"start":{"line":180,"column":20},"end":{"line":183,"column":21}},"98":{"start":{"line":181,"column":24},"end":{"line":181,"column":37}},"99":{"start":{"line":182,"column":24},"end":{"line":182,"column":31}},"100":{"start":{"line":184,"column":20},"end":{"line":184,"column":44}},"101":{"start":{"line":185,"column":34},"end":{"line":185,"column":36}},"102":{"start":{"line":186,"column":20},"end":{"line":188,"column":23}},"103":{"start":{"line":187,"column":24},"end":{"line":187,"column":41}},"104":{"start":{"line":189,"column":20},"end":{"line":199,"column":23}},"105":{"start":{"line":190,"column":24},"end":{"line":198,"column":25}},"106":{"start":{"line":191,"column":47},"end":{"line":191,"column":66}},"107":{"start":{"line":192,"column":28},"end":{"line":192,"column":61}},"108":{"start":{"line":193,"column":28},"end":{"line":193,"column":61}},"109":{"start":{"line":194,"column":28},"end":{"line":194,"column":48}},"110":{"start":{"line":197,"column":28},"end":{"line":197,"column":74}},"111":{"start":{"line":202,"column":12},"end":{"line":202,"column":20}},"112":{"start":{"line":203,"column":12},"end":{"line":203,"column":43}},"113":{"start":{"line":204,"column":12},"end":{"line":204,"column":43}},"114":{"start":{"line":208,"column":0},"end":{"line":208,"column":29}}},"fnMap":{"0":{"name":"(anonymous_0)","decl":{"start":{"line":2,"column":44},"end":{"line":2,"column":45}},"loc":{"start":{"line":2,"column":89},"end":{"line":9,"column":1}},"line":2},"1":{"name":"(anonymous_1)","decl":{"start":{"line":3,"column":36},"end":{"line":3,"column":37}},"loc":{"start":{"line":3,"column":63},"end":{"line":8,"column":5}},"line":3},"2":{"name":"fulfilled","decl":{"start":{"line":4,"column":17},"end":{"line":4,"column":26}},"loc":{"start":{"line":4,"column":34},"end":{"line":4,"column":99}},"line":4},"3":{"name":"rejected","decl":{"start":{"line":5,"column":17},"end":{"line":5,"column":25}},"loc":{"start":{"line":5,"column":33},"end":{"line":5,"column":102}},"line":5},"4":{"name":"step","decl":{"start":{"line":6,"column":17},"end":{"line":6,"column":21}},"loc":{"start":{"line":6,"column":30},"end":{"line":6,"column":151}},"line":6},"5":{"name":"(anonymous_5)","decl":{"start":{"line":6,"column":76},"end":{"line":6,"column":77}},"loc":{"start":{"line":6,"column":95},"end":{"line":6,"column":121}},"line":6},"6":{"name":"(anonymous_6)","decl":{"start":{"line":12,"column":4},"end":{"line":12,"column":5}},"loc":{"start":{"line":12,"column":40},"end":{"line":20,"column":5}},"line":12},"7":{"name":"(anonymous_7)","decl":{"start":{"line":21,"column":4},"end":{"line":21,"column":5}},"loc":{"start":{"line":21,"column":11},"end":{"line":51,"column":5}},"line":21},"8":{"name":"(anonymous_8)","decl":{"start":{"line":22,"column":47},"end":{"line":22,"column":48}},"loc":{"start":{"line":22,"column":60},"end":{"line":50,"column":9}},"line":22},"9":{"name":"(anonymous_9)","decl":{"start":{"line":52,"column":4},"end":{"line":52,"column":5}},"loc":{"start":{"line":52,"column":21},"end":{"line":93,"column":5}},"line":52},"10":{"name":"(anonymous_10)","decl":{"start":{"line":94,"column":4},"end":{"line":94,"column":5}},"loc":{"start":{"line":94,"column":24},"end":{"line":133,"column":5}},"line":94},"11":{"name":"(anonymous_11)","decl":{"start":{"line":134,"column":4},"end":{"line":134,"column":5}},"loc":{"start":{"line":134,"column":19},"end":{"line":151,"column":5}},"line":134},"12":{"name":"(anonymous_12)","decl":{"start":{"line":152,"column":4},"end":{"line":152,"column":5}},"loc":{"start":{"line":152,"column":12},"end":{"line":162,"column":5}},"line":152},"13":{"name":"(anonymous_13)","decl":{"start":{"line":153,"column":47},"end":{"line":153,"column":48}},"loc":{"start":{"line":153,"column":60},"end":{"line":161,"column":9}},"line":153},"14":{"name":"(anonymous_14)","decl":{"start":{"line":163,"column":4},"end":{"line":163,"column":5}},"loc":{"start":{"line":163,"column":26},"end":{"line":206,"column":5}},"line":163},"15":{"name":"(anonymous_15)","decl":{"start":{"line":164,"column":47},"end":{"line":164,"column":48}},"loc":{"start":{"line":164,"column":60},"end":{"line":205,"column":9}},"line":164},"16":{"name":"(anonymous_16)","decl":{"start":{"line":167,"column":32},"end":{"line":167,"column":33}},"loc":{"start":{"line":167,"column":59},"end":{"line":201,"column":13}},"line":167},"17":{"name":"(anonymous_17)","decl":{"start":{"line":168,"column":31},"end":{"line":168,"column":32}},"loc":{"start":{"line":168,"column":40},"end":{"line":200,"column":17}},"line":168},"18":{"name":"(anonymous_18)","decl":{"start":{"line":186,"column":35},"end":{"line":186,"column":36}},"loc":{"start":{"line":186,"column":46},"end":{"line":188,"column":21}},"line":186},"19":{"name":"(anonymous_19)","decl":{"start":{"line":189,"column":34},"end":{"line":189,"column":35}},"loc":{"start":{"line":189,"column":40},"end":{"line":199,"column":21}},"line":189}},"branchMap":{"0":{"loc":{"start":{"line":2,"column":16},"end":{"line":9,"column":1}},"type":"binary-expr","locations":[{"start":{"line":2,"column":17},"end":{"line":2,"column":21}},{"start":{"line":2,"column":25},"end":{"line":2,"column":39}},{"start":{"line":2,"column":44},"end":{"line":9,"column":1}}],"line":2},"1":{"loc":{"start":{"line":3,"column":16},"end":{"line":3,"column":34}},"type":"binary-expr","locations":[{"start":{"line":3,"column":16},"end":{"line":3,"column":17}},{"start":{"line":3,"column":22},"end":{"line":3,"column":33}}],"line":3},"2":{"loc":{"start":{"line":6,"column":32},"end":{"line":6,"column":148}},"type":"cond-expr","locations":[{"start":{"line":6,"column":46},"end":{"line":6,"column":67}},{"start":{"line":6,"column":70},"end":{"line":6,"column":148}}],"line":6},"3":{"loc":{"start":{"line":7,"column":51},"end":{"line":7,"column":67}},"type":"binary-expr","locations":[{"start":{"line":7,"column":51},"end":{"line":7,"column":61}},{"start":{"line":7,"column":65},"end":{"line":7,"column":67}}],"line":7},"4":{"loc":{"start":{"line":30,"column":16},"end":{"line":48,"column":17}},"type":"if","locations":[{"start":{"line":30,"column":16},"end":{"line":48,"column":17}},{"start":{"line":30,"column":16},"end":{"line":48,"column":17}}],"line":30},"5":{"loc":{"start":{"line":55,"column":12},"end":{"line":90,"column":13}},"type":"if","locations":[{"start":{"line":55,"column":12},"end":{"line":90,"column":13}},{"start":{"line":55,"column":12},"end":{"line":90,"column":13}}],"line":55},"6":{"loc":{"start":{"line":62,"column":20},"end":{"line":80,"column":21}},"type":"if","locations":[{"start":{"line":62,"column":20},"end":{"line":80,"column":21}},{"start":{"line":62,"column":20},"end":{"line":80,"column":21}}],"line":62},"7":{"loc":{"start":{"line":64,"column":24},"end":{"line":66,"column":25}},"type":"if","locations":[{"start":{"line":64,"column":24},"end":{"line":66,"column":25}},{"start":{"line":64,"column":24},"end":{"line":66,"column":25}}],"line":64},"8":{"loc":{"start":{"line":67,"column":24},"end":{"line":69,"column":25}},"type":"if","locations":[{"start":{"line":67,"column":24},"end":{"line":69,"column":25}},{"start":{"line":67,"column":24},"end":{"line":69,"column":25}}],"line":67},"9":{"loc":{"start":{"line":70,"column":24},"end":{"line":72,"column":25}},"type":"if","locations":[{"start":{"line":70,"column":24},"end":{"line":72,"column":25}},{"start":{"line":70,"column":24},"end":{"line":72,"column":25}}],"line":70},"10":{"loc":{"start":{"line":73,"column":24},"end":{"line":75,"column":25}},"type":"if","locations":[{"start":{"line":73,"column":24},"end":{"line":75,"column":25}},{"start":{"line":73,"column":24},"end":{"line":75,"column":25}}],"line":73},"11":{"loc":{"start":{"line":76,"column":24},"end":{"line":79,"column":25}},"type":"if","locations":[{"start":{"line":76,"column":24},"end":{"line":79,"column":25}},{"start":{"line":76,"column":24},"end":{"line":79,"column":25}}],"line":76},"12":{"loc":{"start":{"line":76,"column":28},"end":{"line":77,"column":69}},"type":"binary-expr","locations":[{"start":{"line":76,"column":28},"end":{"line":76,"column":88}},{"start":{"line":77,"column":28},"end":{"line":77,"column":69}}],"line":76},"13":{"loc":{"start":{"line":97,"column":12},"end":{"line":130,"column":13}},"type":"if","locations":[{"start":{"line":97,"column":12},"end":{"line":130,"column":13}},{"start":{"line":97,"column":12},"end":{"line":130,"column":13}}],"line":97},"14":{"loc":{"start":{"line":103,"column":20},"end":{"line":118,"column":21}},"type":"if","locations":[{"start":{"line":103,"column":20},"end":{"line":118,"column":21}},{"start":{"line":103,"column":20},"end":{"line":118,"column":21}}],"line":103},"15":{"loc":{"start":{"line":105,"column":24},"end":{"line":107,"column":25}},"type":"if","locations":[{"start":{"line":105,"column":24},"end":{"line":107,"column":25}},{"start":{"line":105,"column":24},"end":{"line":107,"column":25}}],"line":105},"16":{"loc":{"start":{"line":108,"column":24},"end":{"line":110,"column":25}},"type":"if","locations":[{"start":{"line":108,"column":24},"end":{"line":110,"column":25}},{"start":{"line":108,"column":24},"end":{"line":110,"column":25}}],"line":108},"17":{"loc":{"start":{"line":111,"column":24},"end":{"line":113,"column":25}},"type":"if","locations":[{"start":{"line":111,"column":24},"end":{"line":113,"column":25}},{"start":{"line":111,"column":24},"end":{"line":113,"column":25}}],"line":111},"18":{"loc":{"start":{"line":114,"column":24},"end":{"line":117,"column":25}},"type":"if","locations":[{"start":{"line":114,"column":24},"end":{"line":117,"column":25}},{"start":{"line":114,"column":24},"end":{"line":117,"column":25}}],"line":114},"19":{"loc":{"start":{"line":114,"column":28},"end":{"line":115,"column":69}},"type":"binary-expr","locations":[{"start":{"line":114,"column":28},"end":{"line":114,"column":80}},{"start":{"line":115,"column":28},"end":{"line":115,"column":69}}],"line":114},"20":{"loc":{"start":{"line":141,"column":12},"end":{"line":148,"column":13}},"type":"if","locations":[{"start":{"line":141,"column":12},"end":{"line":148,"column":13}},{"start":{"line":141,"column":12},"end":{"line":148,"column":13}}],"line":141},"21":{"loc":{"start":{"line":145,"column":16},"end":{"line":147,"column":17}},"type":"if","locations":[{"start":{"line":145,"column":16},"end":{"line":147,"column":17}},{"start":{"line":145,"column":16},"end":{"line":147,"column":17}}],"line":145},"22":{"loc":{"start":{"line":172,"column":20},"end":{"line":179,"column":21}},"type":"if","locations":[{"start":{"line":172,"column":20},"end":{"line":179,"column":21}},{"start":{"line":172,"column":20},"end":{"line":179,"column":21}}],"line":172},"23":{"loc":{"start":{"line":176,"column":25},"end":{"line":179,"column":21}},"type":"if","locations":[{"start":{"line":176,"column":25},"end":{"line":179,"column":21}},{"start":{"line":176,"column":25},"end":{"line":179,"column":21}}],"line":176},"24":{"loc":{"start":{"line":180,"column":20},"end":{"line":183,"column":21}},"type":"if","locations":[{"start":{"line":180,"column":20},"end":{"line":183,"column":21}},{"start":{"line":180,"column":20},"end":{"line":183,"column":21}}],"line":180}},"s":{"0":1,"1":152,"2":296,"3":296,"4":0,"5":0,"6":0,"7":0,"8":448,"9":296,"10":152,"11":1,"12":2,"13":2,"14":2,"15":2,"16":2,"17":2,"18":2,"19":2,"20":2,"21":2,"22":148,"23":148,"24":148,"25":148,"26":148,"27":148,"28":88,"29":88,"30":728,"31":728,"32":88,"33":88,"34":1544,"35":728,"36":8008,"37":3640,"38":3640,"39":728,"40":3640,"41":728,"42":3640,"43":728,"44":3640,"45":728,"46":3640,"47":728,"48":728,"49":728,"50":88,"51":2,"52":2,"53":298,"54":148,"55":1628,"56":740,"57":740,"58":148,"59":740,"60":148,"61":740,"62":148,"63":740,"64":148,"65":148,"66":148,"67":148,"68":2,"69":150,"70":150,"71":1050,"72":150,"73":175752,"74":175752,"75":90,"76":175662,"77":92490,"78":60,"79":2,"80":2,"81":2,"82":148,"83":148,"84":148,"85":2,"86":148,"87":148,"88":148,"89":148,"90":148,"91":148,"92":148,"93":148,"94":0,"95":148,"96":0,"97":148,"98":0,"99":0,"100":148,"101":148,"102":148,"103":148,"104":148,"105":148,"106":148,"107":148,"108":148,"109":148,"110":0,"111":148,"112":148,"113":148,"114":1},"f":{"0":152,"1":152,"2":296,"3":0,"4":448,"5":296,"6":2,"7":2,"8":2,"9":88,"10":2,"11":150,"12":2,"13":2,"14":148,"15":148,"16":148,"17":148,"18":148,"19":148},"b":{"0":[1,1,1],"1":[152,152],"2":[152,296],"3":[152,152],"4":[88,60],"5":[728,816],"6":[3640,4368],"7":[728,2912],"8":[728,2912],"9":[728,2912],"10":[728,2912],"11":[728,2912],"12":[3640,728],"13":[148,150],"14":[740,888],"15":[148,592],"16":[148,592],"17":[148,592],"18":[148,592],"19":[740,148],"20":[90,175662],"21":[92490,83172],"22":[0,148],"23":[0,148],"24":[0,148]},"_coverageSchema":"332fd63041d2c1bcb487cc26dd0d5f7d97098a6c","hash":"317c43f046f1783bd756b9bbbb8327980b086954","contentHash":"bd48307d0f15b431ce94b68d394d4d70_11.3.0"}}