{"C:\\Users\\devan\\Documents\\cpsc310\\project_j0a0b_x3o0b\\src\\controller\\IInsightFacade.js":{"path":"C:\\Users\\devan\\Documents\\cpsc310\\project_j0a0b_x3o0b\\src\\controller\\IInsightFacade.js","statementMap":{"0":{"start":{"line":2,"column":0},"end":{"line":2,"column":62}},"1":{"start":{"line":4,"column":0},"end":{"line":7,"column":89}},"2":{"start":{"line":5,"column":4},"end":{"line":5,"column":46}},"3":{"start":{"line":6,"column":4},"end":{"line":6,"column":42}},"4":{"start":{"line":10,"column":8},"end":{"line":10,"column":23}},"5":{"start":{"line":11,"column":8},"end":{"line":11,"column":52}},"6":{"start":{"line":14,"column":0},"end":{"line":14,"column":36}},"7":{"start":{"line":17,"column":8},"end":{"line":17,"column":23}},"8":{"start":{"line":18,"column":8},"end":{"line":18,"column":53}},"9":{"start":{"line":21,"column":0},"end":{"line":21,"column":38}}},"fnMap":{"0":{"name":"(anonymous_0)","decl":{"start":{"line":4,"column":1},"end":{"line":4,"column":2}},"loc":{"start":{"line":4,"column":31},"end":{"line":7,"column":1}},"line":4},"1":{"name":"(anonymous_1)","decl":{"start":{"line":9,"column":4},"end":{"line":9,"column":5}},"loc":{"start":{"line":9,"column":25},"end":{"line":12,"column":5}},"line":9},"2":{"name":"(anonymous_2)","decl":{"start":{"line":16,"column":4},"end":{"line":16,"column":5}},"loc":{"start":{"line":16,"column":25},"end":{"line":19,"column":5}},"line":16}},"branchMap":{"0":{"loc":{"start":{"line":7,"column":24},"end":{"line":7,"column":87}},"type":"binary-expr","locations":[{"start":{"line":7,"column":24},"end":{"line":7,"column":50}},{"start":{"line":7,"column":55},"end":{"line":7,"column":86}}],"line":7}},"s":{"0":1,"1":1,"2":1,"3":1,"4":83,"5":83,"6":1,"7":1,"8":1,"9":1},"f":{"0":1,"1":83,"2":1},"b":{"0":[1,1]},"_coverageSchema":"332fd63041d2c1bcb487cc26dd0d5f7d97098a6c","hash":"7e876a6e93aecc419b5420a4b218cac6a233c8c6","contentHash":"b3f683e14f826c51f6f029c0aa0e152a_11.3.0"},"C:\\Users\\devan\\Documents\\cpsc310\\project_j0a0b_x3o0b\\src\\controller\\InsightFacade.js":{"path":"C:\\Users\\devan\\Documents\\cpsc310\\project_j0a0b_x3o0b\\src\\controller\\InsightFacade.js","statementMap":{"0":{"start":{"line":2,"column":16},"end":{"line":9,"column":1}},"1":{"start":{"line":3,"column":4},"end":{"line":8,"column":7}},"2":{"start":{"line":4,"column":36},"end":{"line":4,"column":97}},"3":{"start":{"line":4,"column":42},"end":{"line":4,"column":70}},"4":{"start":{"line":4,"column":85},"end":{"line":4,"column":95}},"5":{"start":{"line":5,"column":35},"end":{"line":5,"column":100}},"6":{"start":{"line":5,"column":41},"end":{"line":5,"column":73}},"7":{"start":{"line":5,"column":88},"end":{"line":5,"column":98}},"8":{"start":{"line":6,"column":32},"end":{"line":6,"column":149}},"9":{"start":{"line":6,"column":97},"end":{"line":6,"column":119}},"10":{"start":{"line":7,"column":8},"end":{"line":7,"column":78}},"11":{"start":{"line":10,"column":0},"end":{"line":10,"column":62}},"12":{"start":{"line":11,"column":15},"end":{"line":11,"column":33}},"13":{"start":{"line":12,"column":25},"end":{"line":12,"column":52}},"14":{"start":{"line":13,"column":25},"end":{"line":13,"column":52}},"15":{"start":{"line":14,"column":24},"end":{"line":14,"column":50}},"16":{"start":{"line":15,"column":25},"end":{"line":15,"column":52}},"17":{"start":{"line":16,"column":23},"end":{"line":16,"column":48}},"18":{"start":{"line":17,"column":21},"end":{"line":17,"column":44}},"19":{"start":{"line":18,"column":9},"end":{"line":18,"column":22}},"20":{"start":{"line":19,"column":12},"end":{"line":19,"column":28}},"21":{"start":{"line":22,"column":8},"end":{"line":22,"column":40}},"22":{"start":{"line":23,"column":8},"end":{"line":23,"column":27}},"23":{"start":{"line":24,"column":8},"end":{"line":24,"column":58}},"24":{"start":{"line":25,"column":8},"end":{"line":25,"column":40}},"25":{"start":{"line":26,"column":8},"end":{"line":26,"column":27}},"26":{"start":{"line":27,"column":8},"end":{"line":27,"column":27}},"27":{"start":{"line":28,"column":8},"end":{"line":28,"column":33}},"28":{"start":{"line":29,"column":8},"end":{"line":31,"column":9}},"29":{"start":{"line":30,"column":12},"end":{"line":30,"column":35}},"30":{"start":{"line":34,"column":25},"end":{"line":34,"column":35}},"31":{"start":{"line":35,"column":29},"end":{"line":35,"column":31}},"32":{"start":{"line":36,"column":30},"end":{"line":36,"column":32}},"33":{"start":{"line":37,"column":22},"end":{"line":37,"column":23}},"34":{"start":{"line":38,"column":22},"end":{"line":38,"column":26}},"35":{"start":{"line":39,"column":8},"end":{"line":128,"column":11}},"36":{"start":{"line":40,"column":12},"end":{"line":42,"column":13}},"37":{"start":{"line":41,"column":16},"end":{"line":41,"column":93}},"38":{"start":{"line":43,"column":12},"end":{"line":45,"column":13}},"39":{"start":{"line":44,"column":16},"end":{"line":44,"column":86}},"40":{"start":{"line":46,"column":12},"end":{"line":48,"column":13}},"41":{"start":{"line":47,"column":16},"end":{"line":47,"column":86}},"42":{"start":{"line":49,"column":12},"end":{"line":51,"column":13}},"43":{"start":{"line":50,"column":16},"end":{"line":50,"column":91}},"44":{"start":{"line":52,"column":12},"end":{"line":54,"column":13}},"45":{"start":{"line":53,"column":16},"end":{"line":53,"column":86}},"46":{"start":{"line":55,"column":22},"end":{"line":55,"column":33}},"47":{"start":{"line":56,"column":12},"end":{"line":127,"column":23}},"48":{"start":{"line":58,"column":16},"end":{"line":58,"column":30}},"49":{"start":{"line":60,"column":16},"end":{"line":60,"column":90}},"50":{"start":{"line":62,"column":38},"end":{"line":86,"column":14}},"51":{"start":{"line":63,"column":16},"end":{"line":85,"column":17}},"52":{"start":{"line":64,"column":20},"end":{"line":66,"column":21}},"53":{"start":{"line":65,"column":24},"end":{"line":65,"column":81}},"54":{"start":{"line":67,"column":20},"end":{"line":71,"column":23}},"55":{"start":{"line":68,"column":24},"end":{"line":70,"column":25}},"56":{"start":{"line":69,"column":28},"end":{"line":69,"column":70}},"57":{"start":{"line":72,"column":20},"end":{"line":77,"column":21}},"58":{"start":{"line":73,"column":24},"end":{"line":73,"column":59}},"59":{"start":{"line":76,"column":24},"end":{"line":76,"column":87}},"60":{"start":{"line":79,"column":21},"end":{"line":85,"column":17}},"61":{"start":{"line":80,"column":32},"end":{"line":80,"column":82}},"62":{"start":{"line":81,"column":20},"end":{"line":81,"column":65}},"63":{"start":{"line":84,"column":20},"end":{"line":84,"column":95}},"64":{"start":{"line":88,"column":35},"end":{"line":88,"column":37}},"65":{"start":{"line":90,"column":16},"end":{"line":101,"column":17}},"66":{"start":{"line":91,"column":20},"end":{"line":100,"column":21}},"67":{"start":{"line":92,"column":24},"end":{"line":92,"column":50}},"68":{"start":{"line":93,"column":24},"end":{"line":97,"column":25}},"69":{"start":{"line":94,"column":28},"end":{"line":96,"column":29}},"70":{"start":{"line":95,"column":32},"end":{"line":95,"column":60}},"71":{"start":{"line":102,"column":16},"end":{"line":104,"column":17}},"72":{"start":{"line":103,"column":20},"end":{"line":103,"column":98}},"73":{"start":{"line":105,"column":16},"end":{"line":105,"column":36}},"74":{"start":{"line":108,"column":16},"end":{"line":114,"column":19}},"75":{"start":{"line":109,"column":39},"end":{"line":109,"column":94}},"76":{"start":{"line":110,"column":20},"end":{"line":113,"column":21}},"77":{"start":{"line":111,"column":24},"end":{"line":111,"column":34}},"78":{"start":{"line":112,"column":24},"end":{"line":112,"column":59}},"79":{"start":{"line":115,"column":16},"end":{"line":118,"column":17}},"80":{"start":{"line":116,"column":31},"end":{"line":116,"column":73}},"81":{"start":{"line":117,"column":20},"end":{"line":117,"column":73}},"82":{"start":{"line":119,"column":16},"end":{"line":119,"column":53}},"83":{"start":{"line":122,"column":16},"end":{"line":122,"column":64}},"84":{"start":{"line":123,"column":41},"end":{"line":123,"column":62}},"85":{"start":{"line":124,"column":16},"end":{"line":124,"column":58}},"86":{"start":{"line":125,"column":27},"end":{"line":125,"column":68}},"87":{"start":{"line":126,"column":16},"end":{"line":126,"column":37}},"88":{"start":{"line":131,"column":22},"end":{"line":131,"column":26}},"89":{"start":{"line":132,"column":8},"end":{"line":152,"column":11}},"90":{"start":{"line":133,"column":12},"end":{"line":135,"column":13}},"91":{"start":{"line":134,"column":16},"end":{"line":134,"column":125}},"92":{"start":{"line":136,"column":12},"end":{"line":138,"column":13}},"93":{"start":{"line":137,"column":16},"end":{"line":137,"column":109}},"94":{"start":{"line":139,"column":12},"end":{"line":151,"column":13}},"95":{"start":{"line":140,"column":16},"end":{"line":140,"column":50}},"96":{"start":{"line":141,"column":16},"end":{"line":146,"column":17}},"97":{"start":{"line":142,"column":20},"end":{"line":145,"column":21}},"98":{"start":{"line":143,"column":32},"end":{"line":143,"column":65}},"99":{"start":{"line":144,"column":24},"end":{"line":144,"column":54}},"100":{"start":{"line":147,"column":16},"end":{"line":149,"column":17}},"101":{"start":{"line":148,"column":20},"end":{"line":148,"column":56}},"102":{"start":{"line":150,"column":16},"end":{"line":150,"column":52}},"103":{"start":{"line":155,"column":24},"end":{"line":155,"column":28}},"104":{"start":{"line":156,"column":8},"end":{"line":193,"column":11}},"105":{"start":{"line":157,"column":12},"end":{"line":157,"column":47}},"106":{"start":{"line":158,"column":33},"end":{"line":158,"column":68}},"107":{"start":{"line":159,"column":33},"end":{"line":159,"column":37}},"108":{"start":{"line":160,"column":12},"end":{"line":165,"column":13}},"109":{"start":{"line":161,"column":16},"end":{"line":161,"column":67}},"110":{"start":{"line":164,"column":16},"end":{"line":164,"column":101}},"111":{"start":{"line":166,"column":12},"end":{"line":186,"column":13}},"112":{"start":{"line":168,"column":16},"end":{"line":173,"column":17}},"113":{"start":{"line":169,"column":20},"end":{"line":169,"column":114}},"114":{"start":{"line":172,"column":20},"end":{"line":172,"column":95}},"115":{"start":{"line":174,"column":16},"end":{"line":176,"column":17}},"116":{"start":{"line":175,"column":20},"end":{"line":175,"column":109}},"117":{"start":{"line":177,"column":16},"end":{"line":182,"column":17}},"118":{"start":{"line":178,"column":20},"end":{"line":178,"column":60}},"119":{"start":{"line":181,"column":20},"end":{"line":181,"column":90}},"120":{"start":{"line":185,"column":16},"end":{"line":185,"column":82}},"121":{"start":{"line":187,"column":12},"end":{"line":189,"column":13}},"122":{"start":{"line":188,"column":16},"end":{"line":188,"column":89}},"123":{"start":{"line":190,"column":12},"end":{"line":190,"column":93}},"124":{"start":{"line":191,"column":12},"end":{"line":191,"column":93}},"125":{"start":{"line":192,"column":12},"end":{"line":192,"column":58}},"126":{"start":{"line":196,"column":8},"end":{"line":196,"column":46}},"127":{"start":{"line":199,"column":0},"end":{"line":199,"column":32}}},"fnMap":{"0":{"name":"(anonymous_0)","decl":{"start":{"line":2,"column":44},"end":{"line":2,"column":45}},"loc":{"start":{"line":2,"column":89},"end":{"line":9,"column":1}},"line":2},"1":{"name":"(anonymous_1)","decl":{"start":{"line":3,"column":36},"end":{"line":3,"column":37}},"loc":{"start":{"line":3,"column":63},"end":{"line":8,"column":5}},"line":3},"2":{"name":"fulfilled","decl":{"start":{"line":4,"column":17},"end":{"line":4,"column":26}},"loc":{"start":{"line":4,"column":34},"end":{"line":4,"column":99}},"line":4},"3":{"name":"rejected","decl":{"start":{"line":5,"column":17},"end":{"line":5,"column":25}},"loc":{"start":{"line":5,"column":33},"end":{"line":5,"column":102}},"line":5},"4":{"name":"step","decl":{"start":{"line":6,"column":17},"end":{"line":6,"column":21}},"loc":{"start":{"line":6,"column":30},"end":{"line":6,"column":151}},"line":6},"5":{"name":"(anonymous_5)","decl":{"start":{"line":6,"column":76},"end":{"line":6,"column":77}},"loc":{"start":{"line":6,"column":95},"end":{"line":6,"column":121}},"line":6},"6":{"name":"(anonymous_6)","decl":{"start":{"line":21,"column":4},"end":{"line":21,"column":5}},"loc":{"start":{"line":21,"column":18},"end":{"line":32,"column":5}},"line":21},"7":{"name":"(anonymous_7)","decl":{"start":{"line":33,"column":4},"end":{"line":33,"column":5}},"loc":{"start":{"line":33,"column":34},"end":{"line":129,"column":5}},"line":33},"8":{"name":"(anonymous_8)","decl":{"start":{"line":39,"column":27},"end":{"line":39,"column":28}},"loc":{"start":{"line":39,"column":54},"end":{"line":128,"column":9}},"line":39},"9":{"name":"(anonymous_9)","decl":{"start":{"line":57,"column":22},"end":{"line":57,"column":23}},"loc":{"start":{"line":57,"column":40},"end":{"line":59,"column":13}},"line":57},"10":{"name":"(anonymous_10)","decl":{"start":{"line":59,"column":21},"end":{"line":59,"column":22}},"loc":{"start":{"line":59,"column":38},"end":{"line":61,"column":13}},"line":59},"11":{"name":"(anonymous_11)","decl":{"start":{"line":62,"column":22},"end":{"line":62,"column":23}},"loc":{"start":{"line":62,"column":38},"end":{"line":86,"column":14}},"line":62},"12":{"name":"(anonymous_12)","decl":{"start":{"line":62,"column":70},"end":{"line":62,"column":71}},"loc":{"start":{"line":62,"column":83},"end":{"line":86,"column":13}},"line":62},"13":{"name":"(anonymous_13)","decl":{"start":{"line":67,"column":57},"end":{"line":67,"column":58}},"loc":{"start":{"line":67,"column":85},"end":{"line":71,"column":21}},"line":67},"14":{"name":"(anonymous_14)","decl":{"start":{"line":87,"column":22},"end":{"line":87,"column":23}},"loc":{"start":{"line":87,"column":43},"end":{"line":106,"column":13}},"line":87},"15":{"name":"(anonymous_15)","decl":{"start":{"line":107,"column":22},"end":{"line":107,"column":23}},"loc":{"start":{"line":107,"column":41},"end":{"line":120,"column":13}},"line":107},"16":{"name":"(anonymous_16)","decl":{"start":{"line":108,"column":38},"end":{"line":108,"column":39}},"loc":{"start":{"line":108,"column":56},"end":{"line":114,"column":17}},"line":108},"17":{"name":"(anonymous_17)","decl":{"start":{"line":121,"column":22},"end":{"line":121,"column":23}},"loc":{"start":{"line":121,"column":28},"end":{"line":127,"column":13}},"line":121},"18":{"name":"(anonymous_18)","decl":{"start":{"line":130,"column":4},"end":{"line":130,"column":5}},"loc":{"start":{"line":130,"column":22},"end":{"line":153,"column":5}},"line":130},"19":{"name":"(anonymous_19)","decl":{"start":{"line":132,"column":27},"end":{"line":132,"column":28}},"loc":{"start":{"line":132,"column":54},"end":{"line":152,"column":9}},"line":132},"20":{"name":"(anonymous_20)","decl":{"start":{"line":154,"column":4},"end":{"line":154,"column":5}},"loc":{"start":{"line":154,"column":24},"end":{"line":194,"column":5}},"line":154},"21":{"name":"(anonymous_21)","decl":{"start":{"line":156,"column":27},"end":{"line":156,"column":28}},"loc":{"start":{"line":156,"column":54},"end":{"line":193,"column":9}},"line":156},"22":{"name":"(anonymous_22)","decl":{"start":{"line":195,"column":4},"end":{"line":195,"column":5}},"loc":{"start":{"line":195,"column":19},"end":{"line":197,"column":5}},"line":195}},"branchMap":{"0":{"loc":{"start":{"line":2,"column":16},"end":{"line":9,"column":1}},"type":"binary-expr","locations":[{"start":{"line":2,"column":17},"end":{"line":2,"column":21}},{"start":{"line":2,"column":25},"end":{"line":2,"column":39}},{"start":{"line":2,"column":44},"end":{"line":9,"column":1}}],"line":2},"1":{"loc":{"start":{"line":3,"column":16},"end":{"line":3,"column":34}},"type":"binary-expr","locations":[{"start":{"line":3,"column":16},"end":{"line":3,"column":17}},{"start":{"line":3,"column":22},"end":{"line":3,"column":33}}],"line":3},"2":{"loc":{"start":{"line":6,"column":32},"end":{"line":6,"column":148}},"type":"cond-expr","locations":[{"start":{"line":6,"column":46},"end":{"line":6,"column":67}},{"start":{"line":6,"column":70},"end":{"line":6,"column":148}}],"line":6},"3":{"loc":{"start":{"line":7,"column":51},"end":{"line":7,"column":67}},"type":"binary-expr","locations":[{"start":{"line":7,"column":51},"end":{"line":7,"column":61}},{"start":{"line":7,"column":65},"end":{"line":7,"column":67}}],"line":7},"4":{"loc":{"start":{"line":29,"column":8},"end":{"line":31,"column":9}},"type":"if","locations":[{"start":{"line":29,"column":8},"end":{"line":31,"column":9}},{"start":{"line":29,"column":8},"end":{"line":31,"column":9}}],"line":29},"5":{"loc":{"start":{"line":40,"column":12},"end":{"line":42,"column":13}},"type":"if","locations":[{"start":{"line":40,"column":12},"end":{"line":42,"column":13}},{"start":{"line":40,"column":12},"end":{"line":42,"column":13}}],"line":40},"6":{"loc":{"start":{"line":40,"column":16},"end":{"line":40,"column":60}},"type":"binary-expr","locations":[{"start":{"line":40,"column":16},"end":{"line":40,"column":25}},{"start":{"line":40,"column":29},"end":{"line":40,"column":40}},{"start":{"line":40,"column":44},"end":{"line":40,"column":60}}],"line":40},"7":{"loc":{"start":{"line":43,"column":12},"end":{"line":45,"column":13}},"type":"if","locations":[{"start":{"line":43,"column":12},"end":{"line":45,"column":13}},{"start":{"line":43,"column":12},"end":{"line":45,"column":13}}],"line":43},"8":{"loc":{"start":{"line":46,"column":12},"end":{"line":48,"column":13}},"type":"if","locations":[{"start":{"line":46,"column":12},"end":{"line":48,"column":13}},{"start":{"line":46,"column":12},"end":{"line":48,"column":13}}],"line":46},"9":{"loc":{"start":{"line":49,"column":12},"end":{"line":51,"column":13}},"type":"if","locations":[{"start":{"line":49,"column":12},"end":{"line":51,"column":13}},{"start":{"line":49,"column":12},"end":{"line":51,"column":13}}],"line":49},"10":{"loc":{"start":{"line":52,"column":12},"end":{"line":54,"column":13}},"type":"if","locations":[{"start":{"line":52,"column":12},"end":{"line":54,"column":13}},{"start":{"line":52,"column":12},"end":{"line":54,"column":13}}],"line":52},"11":{"loc":{"start":{"line":52,"column":18},"end":{"line":52,"column":128}},"type":"binary-expr","locations":[{"start":{"line":52,"column":19},"end":{"line":52,"column":71}},{"start":{"line":52,"column":77},"end":{"line":52,"column":127}}],"line":52},"12":{"loc":{"start":{"line":63,"column":16},"end":{"line":85,"column":17}},"type":"if","locations":[{"start":{"line":63,"column":16},"end":{"line":85,"column":17}},{"start":{"line":63,"column":16},"end":{"line":85,"column":17}}],"line":63},"13":{"loc":{"start":{"line":64,"column":20},"end":{"line":66,"column":21}},"type":"if","locations":[{"start":{"line":64,"column":20},"end":{"line":66,"column":21}},{"start":{"line":64,"column":20},"end":{"line":66,"column":21}}],"line":64},"14":{"loc":{"start":{"line":68,"column":24},"end":{"line":70,"column":25}},"type":"if","locations":[{"start":{"line":68,"column":24},"end":{"line":70,"column":25}},{"start":{"line":68,"column":24},"end":{"line":70,"column":25}}],"line":68},"15":{"loc":{"start":{"line":72,"column":20},"end":{"line":77,"column":21}},"type":"if","locations":[{"start":{"line":72,"column":20},"end":{"line":77,"column":21}},{"start":{"line":72,"column":20},"end":{"line":77,"column":21}}],"line":72},"16":{"loc":{"start":{"line":79,"column":21},"end":{"line":85,"column":17}},"type":"if","locations":[{"start":{"line":79,"column":21},"end":{"line":85,"column":17}},{"start":{"line":79,"column":21},"end":{"line":85,"column":17}}],"line":79},"17":{"loc":{"start":{"line":93,"column":24},"end":{"line":97,"column":25}},"type":"if","locations":[{"start":{"line":93,"column":24},"end":{"line":97,"column":25}},{"start":{"line":93,"column":24},"end":{"line":97,"column":25}}],"line":93},"18":{"loc":{"start":{"line":102,"column":16},"end":{"line":104,"column":17}},"type":"if","locations":[{"start":{"line":102,"column":16},"end":{"line":104,"column":17}},{"start":{"line":102,"column":16},"end":{"line":104,"column":17}}],"line":102},"19":{"loc":{"start":{"line":110,"column":20},"end":{"line":113,"column":21}},"type":"if","locations":[{"start":{"line":110,"column":20},"end":{"line":113,"column":21}},{"start":{"line":110,"column":20},"end":{"line":113,"column":21}}],"line":110},"20":{"loc":{"start":{"line":115,"column":16},"end":{"line":118,"column":17}},"type":"if","locations":[{"start":{"line":115,"column":16},"end":{"line":118,"column":17}},{"start":{"line":115,"column":16},"end":{"line":118,"column":17}}],"line":115},"21":{"loc":{"start":{"line":133,"column":12},"end":{"line":135,"column":13}},"type":"if","locations":[{"start":{"line":133,"column":12},"end":{"line":135,"column":13}},{"start":{"line":133,"column":12},"end":{"line":135,"column":13}}],"line":133},"22":{"loc":{"start":{"line":133,"column":16},"end":{"line":133,"column":60}},"type":"binary-expr","locations":[{"start":{"line":133,"column":16},"end":{"line":133,"column":27}},{"start":{"line":133,"column":31},"end":{"line":133,"column":47}},{"start":{"line":133,"column":51},"end":{"line":133,"column":60}}],"line":133},"23":{"loc":{"start":{"line":136,"column":12},"end":{"line":138,"column":13}},"type":"if","locations":[{"start":{"line":136,"column":12},"end":{"line":138,"column":13}},{"start":{"line":136,"column":12},"end":{"line":138,"column":13}}],"line":136},"24":{"loc":{"start":{"line":139,"column":12},"end":{"line":151,"column":13}},"type":"if","locations":[{"start":{"line":139,"column":12},"end":{"line":151,"column":13}},{"start":{"line":139,"column":12},"end":{"line":151,"column":13}}],"line":139},"25":{"loc":{"start":{"line":142,"column":20},"end":{"line":145,"column":21}},"type":"if","locations":[{"start":{"line":142,"column":20},"end":{"line":145,"column":21}},{"start":{"line":142,"column":20},"end":{"line":145,"column":21}}],"line":142},"26":{"loc":{"start":{"line":147,"column":16},"end":{"line":149,"column":17}},"type":"if","locations":[{"start":{"line":147,"column":16},"end":{"line":149,"column":17}},{"start":{"line":147,"column":16},"end":{"line":149,"column":17}}],"line":147},"27":{"loc":{"start":{"line":166,"column":12},"end":{"line":186,"column":13}},"type":"if","locations":[{"start":{"line":166,"column":12},"end":{"line":186,"column":13}},{"start":{"line":166,"column":12},"end":{"line":186,"column":13}}],"line":166},"28":{"loc":{"start":{"line":174,"column":16},"end":{"line":176,"column":17}},"type":"if","locations":[{"start":{"line":174,"column":16},"end":{"line":176,"column":17}},{"start":{"line":174,"column":16},"end":{"line":176,"column":17}}],"line":174},"29":{"loc":{"start":{"line":174,"column":20},"end":{"line":174,"column":61}},"type":"binary-expr","locations":[{"start":{"line":174,"column":20},"end":{"line":174,"column":36}},{"start":{"line":174,"column":40},"end":{"line":174,"column":61}}],"line":174},"30":{"loc":{"start":{"line":177,"column":16},"end":{"line":182,"column":17}},"type":"if","locations":[{"start":{"line":177,"column":16},"end":{"line":182,"column":17}},{"start":{"line":177,"column":16},"end":{"line":182,"column":17}}],"line":177},"31":{"loc":{"start":{"line":187,"column":12},"end":{"line":189,"column":13}},"type":"if","locations":[{"start":{"line":187,"column":12},"end":{"line":189,"column":13}},{"start":{"line":187,"column":12},"end":{"line":189,"column":13}}],"line":187}},"s":{"0":1,"1":13,"2":2,"3":2,"4":0,"5":0,"6":0,"7":0,"8":14,"9":2,"10":13,"11":1,"12":1,"13":1,"14":1,"15":1,"16":1,"17":1,"18":1,"19":1,"20":1,"21":2,"22":2,"23":2,"24":2,"25":2,"26":2,"27":2,"28":2,"29":0,"30":15,"31":15,"32":15,"33":15,"34":15,"35":15,"36":15,"37":1,"38":14,"39":0,"40":14,"41":0,"42":14,"43":1,"44":13,"45":0,"46":13,"47":13,"48":12,"49":1,"50":13,"51":13,"52":11,"53":0,"54":11,"55":23782,"56":23782,"57":10,"58":9,"59":1,"60":2,"61":2,"62":2,"63":0,"64":12,"65":12,"66":23782,"67":23782,"68":23780,"69":14359,"70":258469,"71":9,"72":2,"73":7,"74":9,"75":258469,"76":258469,"77":258469,"78":258469,"79":7,"80":7,"81":7,"82":7,"83":7,"84":7,"85":7,"86":7,"87":7,"88":2,"89":2,"90":2,"91":0,"92":2,"93":1,"94":1,"95":1,"96":1,"97":3,"98":1,"99":1,"100":1,"101":1,"102":1,"103":132,"104":132,"105":132,"106":132,"107":132,"108":132,"109":132,"110":0,"111":132,"112":67,"113":67,"114":3,"115":64,"116":0,"117":64,"118":4,"119":60,"120":63,"121":60,"122":3,"123":57,"124":57,"125":57,"126":14,"127":1},"f":{"0":13,"1":13,"2":2,"3":0,"4":14,"5":2,"6":2,"7":15,"8":15,"9":12,"10":1,"11":13,"12":13,"13":23782,"14":12,"15":9,"16":258469,"17":7,"18":2,"19":2,"20":132,"21":132,"22":14},"b":{"0":[1,1,1],"1":[13,13],"2":[12,2],"3":[13,13],"4":[0,2],"5":[1,14],"6":[15,14,14],"7":[0,14],"8":[0,14],"9":[1,13],"10":[0,13],"11":[13,2],"12":[11,2],"13":[0,11],"14":[23782,0],"15":[9,1],"16":[2,0],"17":[14359,9421],"18":[2,7],"19":[258469,0],"20":[7,0],"21":[0,2],"22":[2,2,2],"23":[1,1],"24":[1,0],"25":[1,2],"26":[1,0],"27":[67,63],"28":[0,64],"29":[64,64],"30":[4,60],"31":[3,57]},"_coverageSchema":"332fd63041d2c1bcb487cc26dd0d5f7d97098a6c","hash":"ee709f2006db6b26a9d104313cf63602db75d70f","contentHash":"1c0ca82c1d5078ef03009da7b1505df4_11.3.0"},"C:\\Users\\devan\\Documents\\cpsc310\\project_j0a0b_x3o0b\\src\\Util.js":{"path":"C:\\Users\\devan\\Documents\\cpsc310\\project_j0a0b_x3o0b\\src\\Util.js","statementMap":{"0":{"start":{"line":2,"column":0},"end":{"line":2,"column":62}},"1":{"start":{"line":3,"column":15},"end":{"line":3,"column":32}},"2":{"start":{"line":4,"column":0},"end":{"line":4,"column":16}},"3":{"start":{"line":6,"column":0},"end":{"line":13,"column":32}},"4":{"start":{"line":7,"column":4},"end":{"line":7,"column":46}},"5":{"start":{"line":8,"column":4},"end":{"line":8,"column":44}},"6":{"start":{"line":9,"column":4},"end":{"line":9,"column":44}},"7":{"start":{"line":10,"column":4},"end":{"line":10,"column":46}},"8":{"start":{"line":11,"column":4},"end":{"line":11,"column":44}},"9":{"start":{"line":12,"column":4},"end":{"line":12,"column":44}},"10":{"start":{"line":15,"column":0},"end":{"line":36,"column":1}},"11":{"start":{"line":17,"column":8},"end":{"line":17,"column":35}},"12":{"start":{"line":18,"column":8},"end":{"line":18,"column":14}},"13":{"start":{"line":20,"column":8},"end":{"line":20,"column":34}},"14":{"start":{"line":21,"column":8},"end":{"line":21,"column":14}},"15":{"start":{"line":23,"column":8},"end":{"line":23,"column":34}},"16":{"start":{"line":24,"column":8},"end":{"line":24,"column":14}},"17":{"start":{"line":26,"column":8},"end":{"line":26,"column":35}},"18":{"start":{"line":27,"column":8},"end":{"line":27,"column":14}},"19":{"start":{"line":29,"column":8},"end":{"line":29,"column":34}},"20":{"start":{"line":30,"column":8},"end":{"line":30,"column":14}},"21":{"start":{"line":32,"column":8},"end":{"line":32,"column":34}},"22":{"start":{"line":33,"column":8},"end":{"line":33,"column":14}},"23":{"start":{"line":35,"column":8},"end":{"line":35,"column":35}},"24":{"start":{"line":39,"column":8},"end":{"line":41,"column":9}},"25":{"start":{"line":40,"column":12},"end":{"line":40,"column":70}},"26":{"start":{"line":44,"column":8},"end":{"line":46,"column":9}},"27":{"start":{"line":45,"column":12},"end":{"line":45,"column":71}},"28":{"start":{"line":49,"column":8},"end":{"line":51,"column":9}},"29":{"start":{"line":50,"column":12},"end":{"line":50,"column":71}},"30":{"start":{"line":54,"column":8},"end":{"line":56,"column":9}},"31":{"start":{"line":55,"column":12},"end":{"line":55,"column":72}},"32":{"start":{"line":59,"column":8},"end":{"line":61,"column":9}},"33":{"start":{"line":60,"column":12},"end":{"line":60,"column":70}},"34":{"start":{"line":64,"column":0},"end":{"line":64,"column":22}},"35":{"start":{"line":65,"column":0},"end":{"line":65,"column":22}}},"fnMap":{"0":{"name":"(anonymous_0)","decl":{"start":{"line":6,"column":1},"end":{"line":6,"column":2}},"loc":{"start":{"line":6,"column":21},"end":{"line":13,"column":1}},"line":6},"1":{"name":"(anonymous_1)","decl":{"start":{"line":38,"column":4},"end":{"line":38,"column":5}},"loc":{"start":{"line":38,"column":22},"end":{"line":42,"column":5}},"line":38},"2":{"name":"(anonymous_2)","decl":{"start":{"line":43,"column":4},"end":{"line":43,"column":5}},"loc":{"start":{"line":43,"column":21},"end":{"line":47,"column":5}},"line":43},"3":{"name":"(anonymous_3)","decl":{"start":{"line":48,"column":4},"end":{"line":48,"column":5}},"loc":{"start":{"line":48,"column":21},"end":{"line":52,"column":5}},"line":48},"4":{"name":"(anonymous_4)","decl":{"start":{"line":53,"column":4},"end":{"line":53,"column":5}},"loc":{"start":{"line":53,"column":22},"end":{"line":57,"column":5}},"line":53},"5":{"name":"(anonymous_5)","decl":{"start":{"line":58,"column":4},"end":{"line":58,"column":5}},"loc":{"start":{"line":58,"column":21},"end":{"line":62,"column":5}},"line":58}},"branchMap":{"0":{"loc":{"start":{"line":13,"column":3},"end":{"line":13,"column":30}},"type":"binary-expr","locations":[{"start":{"line":13,"column":3},"end":{"line":13,"column":11}},{"start":{"line":13,"column":16},"end":{"line":13,"column":29}}],"line":13},"1":{"loc":{"start":{"line":15,"column":0},"end":{"line":36,"column":1}},"type":"switch","locations":[{"start":{"line":16,"column":4},"end":{"line":18,"column":14}},{"start":{"line":19,"column":4},"end":{"line":21,"column":14}},{"start":{"line":22,"column":4},"end":{"line":24,"column":14}},{"start":{"line":25,"column":4},"end":{"line":27,"column":14}},{"start":{"line":28,"column":4},"end":{"line":30,"column":14}},{"start":{"line":31,"column":4},"end":{"line":33,"column":14}},{"start":{"line":34,"column":4},"end":{"line":35,"column":35}}],"line":15},"2":{"loc":{"start":{"line":15,"column":9},"end":{"line":15,"column":39}},"type":"binary-expr","locations":[{"start":{"line":15,"column":9},"end":{"line":15,"column":33}},{"start":{"line":15,"column":37},"end":{"line":15,"column":39}}],"line":15},"3":{"loc":{"start":{"line":39,"column":8},"end":{"line":41,"column":9}},"type":"if","locations":[{"start":{"line":39,"column":8},"end":{"line":41,"column":9}},{"start":{"line":39,"column":8},"end":{"line":41,"column":9}}],"line":39},"4":{"loc":{"start":{"line":44,"column":8},"end":{"line":46,"column":9}},"type":"if","locations":[{"start":{"line":44,"column":8},"end":{"line":46,"column":9}},{"start":{"line":44,"column":8},"end":{"line":46,"column":9}}],"line":44},"5":{"loc":{"start":{"line":49,"column":8},"end":{"line":51,"column":9}},"type":"if","locations":[{"start":{"line":49,"column":8},"end":{"line":51,"column":9}},{"start":{"line":49,"column":8},"end":{"line":51,"column":9}}],"line":49},"6":{"loc":{"start":{"line":54,"column":8},"end":{"line":56,"column":9}},"type":"if","locations":[{"start":{"line":54,"column":8},"end":{"line":56,"column":9}},{"start":{"line":54,"column":8},"end":{"line":56,"column":9}}],"line":54},"7":{"loc":{"start":{"line":59,"column":8},"end":{"line":61,"column":9}},"type":"if","locations":[{"start":{"line":59,"column":8},"end":{"line":61,"column":9}},{"start":{"line":59,"column":8},"end":{"line":61,"column":9}}],"line":59}},"s":{"0":1,"1":1,"2":1,"3":1,"4":1,"5":1,"6":1,"7":1,"8":1,"9":1,"10":1,"11":0,"12":0,"13":0,"14":0,"15":0,"16":0,"17":0,"18":0,"19":0,"20":0,"21":0,"22":0,"23":1,"24":2,"25":2,"26":0,"27":0,"28":0,"29":0,"30":0,"31":0,"32":62,"33":62,"34":1,"35":1},"f":{"0":1,"1":2,"2":0,"3":0,"4":0,"5":62},"b":{"0":[1,1],"1":[0,0,0,0,0,0,1],"2":[1,1],"3":[2,0],"4":[0,0],"5":[0,0],"6":[0,0],"7":[62,0]},"_coverageSchema":"332fd63041d2c1bcb487cc26dd0d5f7d97098a6c","hash":"9e7403247e2dbe1a6cf2bbf8ff73437a15477734","contentHash":"a7a0b17180f60dd5edd222b4f3341321_11.3.0"},"C:\\Users\\devan\\Documents\\cpsc310\\project_j0a0b_x3o0b\\src\\controller\\DataSetHelper.js":{"path":"C:\\Users\\devan\\Documents\\cpsc310\\project_j0a0b_x3o0b\\src\\controller\\DataSetHelper.js","statementMap":{"0":{"start":{"line":2,"column":0},"end":{"line":2,"column":62}},"1":{"start":{"line":5,"column":29},"end":{"line":5,"column":31}},"2":{"start":{"line":6,"column":8},"end":{"line":32,"column":9}},"3":{"start":{"line":7,"column":12},"end":{"line":28,"column":13}},"4":{"start":{"line":17,"column":16},"end":{"line":17,"column":67}},"5":{"start":{"line":18,"column":16},"end":{"line":18,"column":64}},"6":{"start":{"line":19,"column":16},"end":{"line":19,"column":62}},"7":{"start":{"line":20,"column":16},"end":{"line":20,"column":75}},"8":{"start":{"line":21,"column":16},"end":{"line":21,"column":66}},"9":{"start":{"line":22,"column":16},"end":{"line":22,"column":64}},"10":{"start":{"line":23,"column":16},"end":{"line":23,"column":64}},"11":{"start":{"line":24,"column":16},"end":{"line":24,"column":66}},"12":{"start":{"line":25,"column":16},"end":{"line":25,"column":73}},"13":{"start":{"line":26,"column":16},"end":{"line":26,"column":72}},"14":{"start":{"line":27,"column":16},"end":{"line":27,"column":38}},"15":{"start":{"line":31,"column":12},"end":{"line":31,"column":24}},"16":{"start":{"line":35,"column":8},"end":{"line":40,"column":9}},"17":{"start":{"line":36,"column":12},"end":{"line":36,"column":45}},"18":{"start":{"line":39,"column":12},"end":{"line":39,"column":25}},"19":{"start":{"line":41,"column":8},"end":{"line":41,"column":20}},"20":{"start":{"line":44,"column":0},"end":{"line":44,"column":32}}},"fnMap":{"0":{"name":"(anonymous_0)","decl":{"start":{"line":4,"column":4},"end":{"line":4,"column":5}},"loc":{"start":{"line":4,"column":39},"end":{"line":33,"column":5}},"line":4},"1":{"name":"(anonymous_1)","decl":{"start":{"line":34,"column":4},"end":{"line":34,"column":5}},"loc":{"start":{"line":34,"column":24},"end":{"line":42,"column":5}},"line":34}},"branchMap":{"0":{"loc":{"start":{"line":7,"column":12},"end":{"line":28,"column":13}},"type":"if","locations":[{"start":{"line":7,"column":12},"end":{"line":28,"column":13}},{"start":{"line":7,"column":12},"end":{"line":28,"column":13}}],"line":7},"1":{"loc":{"start":{"line":7,"column":16},"end":{"line":16,"column":47}},"type":"binary-expr","locations":[{"start":{"line":7,"column":16},"end":{"line":7,"column":50}},{"start":{"line":8,"column":16},"end":{"line":8,"column":49}},{"start":{"line":9,"column":16},"end":{"line":9,"column":46}},{"start":{"line":10,"column":16},"end":{"line":10,"column":52}},{"start":{"line":11,"column":16},"end":{"line":11,"column":48}},{"start":{"line":12,"column":16},"end":{"line":12,"column":47}},{"start":{"line":13,"column":16},"end":{"line":13,"column":47}},{"start":{"line":14,"column":16},"end":{"line":14,"column":48}},{"start":{"line":15,"column":16},"end":{"line":15,"column":45}},{"start":{"line":16,"column":16},"end":{"line":16,"column":47}}],"line":7}},"s":{"0":1,"1":258469,"2":258469,"3":258469,"4":258469,"5":258469,"6":258469,"7":258469,"8":258469,"9":258469,"10":258469,"11":258469,"12":258469,"13":258469,"14":258469,"15":0,"16":23782,"17":23782,"18":0,"19":23782,"20":1},"f":{"0":258469,"1":23782},"b":{"0":[258469,0],"1":[258469,258469,258469,258469,258469,258469,258469,258469,258469,258469]},"_coverageSchema":"332fd63041d2c1bcb487cc26dd0d5f7d97098a6c","hash":"78fcc1fa1a602b4c873752617f612379d3c6355b","contentHash":"0b927a6af22815eff444ba94796adb9e_11.3.0"},"C:\\Users\\devan\\Documents\\cpsc310\\project_j0a0b_x3o0b\\src\\controller\\QueryValidator.js":{"path":"C:\\Users\\devan\\Documents\\cpsc310\\project_j0a0b_x3o0b\\src\\controller\\QueryValidator.js","statementMap":{"0":{"start":{"line":2,"column":0},"end":{"line":2,"column":62}},"1":{"start":{"line":3,"column":25},"end":{"line":3,"column":52}},"2":{"start":{"line":4,"column":15},"end":{"line":4,"column":30}},"3":{"start":{"line":7,"column":8},"end":{"line":7,"column":34}},"4":{"start":{"line":10,"column":8},"end":{"line":13,"column":9}},"5":{"start":{"line":12,"column":12},"end":{"line":12,"column":25}},"6":{"start":{"line":14,"column":8},"end":{"line":16,"column":9}},"7":{"start":{"line":15,"column":12},"end":{"line":15,"column":25}},"8":{"start":{"line":17,"column":8},"end":{"line":19,"column":9}},"9":{"start":{"line":18,"column":12},"end":{"line":18,"column":25}},"10":{"start":{"line":20,"column":8},"end":{"line":22,"column":9}},"11":{"start":{"line":21,"column":12},"end":{"line":21,"column":25}},"12":{"start":{"line":23,"column":8},"end":{"line":30,"column":9}},"13":{"start":{"line":24,"column":12},"end":{"line":29,"column":13}},"14":{"start":{"line":25,"column":16},"end":{"line":25,"column":29}},"15":{"start":{"line":28,"column":16},"end":{"line":28,"column":70}},"16":{"start":{"line":31,"column":8},"end":{"line":33,"column":9}},"17":{"start":{"line":32,"column":12},"end":{"line":32,"column":25}},"18":{"start":{"line":34,"column":8},"end":{"line":36,"column":9}},"19":{"start":{"line":35,"column":12},"end":{"line":35,"column":25}},"20":{"start":{"line":38,"column":8},"end":{"line":38,"column":50}},"21":{"start":{"line":39,"column":8},"end":{"line":50,"column":9}},"22":{"start":{"line":40,"column":12},"end":{"line":49,"column":13}},"23":{"start":{"line":41,"column":16},"end":{"line":48,"column":17}},"24":{"start":{"line":42,"column":20},"end":{"line":42,"column":33}},"25":{"start":{"line":45,"column":20},"end":{"line":47,"column":21}},"26":{"start":{"line":46,"column":24},"end":{"line":46,"column":37}},"27":{"start":{"line":51,"column":8},"end":{"line":53,"column":9}},"28":{"start":{"line":52,"column":12},"end":{"line":52,"column":25}},"29":{"start":{"line":54,"column":8},"end":{"line":58,"column":9}},"30":{"start":{"line":55,"column":12},"end":{"line":57,"column":13}},"31":{"start":{"line":56,"column":16},"end":{"line":56,"column":29}},"32":{"start":{"line":59,"column":8},"end":{"line":59,"column":20}},"33":{"start":{"line":62,"column":8},"end":{"line":66,"column":9}},"34":{"start":{"line":63,"column":12},"end":{"line":65,"column":13}},"35":{"start":{"line":64,"column":16},"end":{"line":64,"column":28}},"36":{"start":{"line":67,"column":8},"end":{"line":67,"column":21}},"37":{"start":{"line":70,"column":8},"end":{"line":76,"column":9}},"38":{"start":{"line":71,"column":12},"end":{"line":75,"column":13}},"39":{"start":{"line":72,"column":16},"end":{"line":74,"column":17}},"40":{"start":{"line":73,"column":20},"end":{"line":73,"column":32}},"41":{"start":{"line":77,"column":8},"end":{"line":77,"column":21}},"42":{"start":{"line":80,"column":25},"end":{"line":80,"column":27}},"43":{"start":{"line":81,"column":8},"end":{"line":91,"column":9}},"44":{"start":{"line":82,"column":26},"end":{"line":82,"column":53}},"45":{"start":{"line":83,"column":12},"end":{"line":89,"column":13}},"46":{"start":{"line":84,"column":16},"end":{"line":88,"column":17}},"47":{"start":{"line":85,"column":29},"end":{"line":85,"column":44}},"48":{"start":{"line":86,"column":20},"end":{"line":86,"column":40}},"49":{"start":{"line":87,"column":20},"end":{"line":87,"column":50}},"50":{"start":{"line":90,"column":12},"end":{"line":90,"column":64}},"51":{"start":{"line":90,"column":43},"end":{"line":90,"column":62}},"52":{"start":{"line":94,"column":26},"end":{"line":94,"column":89}},"53":{"start":{"line":95,"column":26},"end":{"line":96,"column":58}},"54":{"start":{"line":97,"column":8},"end":{"line":101,"column":9}},"55":{"start":{"line":98,"column":12},"end":{"line":100,"column":13}},"56":{"start":{"line":98,"column":51},"end":{"line":98,"column":80}},"57":{"start":{"line":99,"column":16},"end":{"line":99,"column":29}},"58":{"start":{"line":102,"column":8},"end":{"line":201,"column":9}},"59":{"start":{"line":103,"column":12},"end":{"line":103,"column":25}},"60":{"start":{"line":105,"column":13},"end":{"line":201,"column":9}},"61":{"start":{"line":106,"column":22},"end":{"line":106,"column":33}},"62":{"start":{"line":107,"column":26},"end":{"line":107,"column":45}},"63":{"start":{"line":108,"column":12},"end":{"line":110,"column":13}},"64":{"start":{"line":109,"column":16},"end":{"line":109,"column":29}},"65":{"start":{"line":111,"column":27},"end":{"line":111,"column":44}},"66":{"start":{"line":112,"column":22},"end":{"line":112,"column":41}},"67":{"start":{"line":113,"column":21},"end":{"line":113,"column":43}},"68":{"start":{"line":114,"column":12},"end":{"line":114,"column":42}},"69":{"start":{"line":115,"column":12},"end":{"line":117,"column":13}},"70":{"start":{"line":116,"column":16},"end":{"line":116,"column":29}},"71":{"start":{"line":118,"column":12},"end":{"line":118,"column":24}},"72":{"start":{"line":120,"column":13},"end":{"line":201,"column":9}},"73":{"start":{"line":121,"column":22},"end":{"line":121,"column":33}},"74":{"start":{"line":122,"column":26},"end":{"line":122,"column":45}},"75":{"start":{"line":123,"column":12},"end":{"line":125,"column":13}},"76":{"start":{"line":124,"column":16},"end":{"line":124,"column":29}},"77":{"start":{"line":126,"column":27},"end":{"line":126,"column":44}},"78":{"start":{"line":127,"column":22},"end":{"line":127,"column":41}},"79":{"start":{"line":128,"column":21},"end":{"line":128,"column":43}},"80":{"start":{"line":129,"column":12},"end":{"line":129,"column":42}},"81":{"start":{"line":130,"column":12},"end":{"line":132,"column":13}},"82":{"start":{"line":131,"column":16},"end":{"line":131,"column":29}},"83":{"start":{"line":133,"column":12},"end":{"line":133,"column":24}},"84":{"start":{"line":135,"column":13},"end":{"line":201,"column":9}},"85":{"start":{"line":136,"column":22},"end":{"line":136,"column":33}},"86":{"start":{"line":137,"column":26},"end":{"line":137,"column":45}},"87":{"start":{"line":138,"column":12},"end":{"line":140,"column":13}},"88":{"start":{"line":139,"column":16},"end":{"line":139,"column":29}},"89":{"start":{"line":141,"column":27},"end":{"line":141,"column":44}},"90":{"start":{"line":142,"column":22},"end":{"line":142,"column":41}},"91":{"start":{"line":143,"column":21},"end":{"line":143,"column":43}},"92":{"start":{"line":144,"column":12},"end":{"line":144,"column":42}},"93":{"start":{"line":145,"column":12},"end":{"line":147,"column":13}},"94":{"start":{"line":146,"column":16},"end":{"line":146,"column":29}},"95":{"start":{"line":148,"column":12},"end":{"line":148,"column":24}},"96":{"start":{"line":150,"column":13},"end":{"line":201,"column":9}},"97":{"start":{"line":151,"column":22},"end":{"line":151,"column":33}},"98":{"start":{"line":152,"column":26},"end":{"line":152,"column":45}},"99":{"start":{"line":153,"column":12},"end":{"line":155,"column":13}},"100":{"start":{"line":154,"column":16},"end":{"line":154,"column":29}},"101":{"start":{"line":156,"column":30},"end":{"line":156,"column":46}},"102":{"start":{"line":157,"column":27},"end":{"line":157,"column":44}},"103":{"start":{"line":158,"column":22},"end":{"line":158,"column":41}},"104":{"start":{"line":159,"column":21},"end":{"line":159,"column":43}},"105":{"start":{"line":160,"column":12},"end":{"line":160,"column":42}},"106":{"start":{"line":161,"column":12},"end":{"line":163,"column":13}},"107":{"start":{"line":162,"column":16},"end":{"line":162,"column":29}},"108":{"start":{"line":164,"column":12},"end":{"line":168,"column":13}},"109":{"start":{"line":167,"column":16},"end":{"line":167,"column":86}},"110":{"start":{"line":169,"column":12},"end":{"line":169,"column":24}},"111":{"start":{"line":171,"column":13},"end":{"line":201,"column":9}},"112":{"start":{"line":172,"column":12},"end":{"line":174,"column":13}},"113":{"start":{"line":173,"column":16},"end":{"line":173,"column":79}},"114":{"start":{"line":175,"column":12},"end":{"line":177,"column":13}},"115":{"start":{"line":176,"column":16},"end":{"line":176,"column":72}},"116":{"start":{"line":178,"column":12},"end":{"line":182,"column":13}},"117":{"start":{"line":179,"column":16},"end":{"line":181,"column":17}},"118":{"start":{"line":180,"column":20},"end":{"line":180,"column":33}},"119":{"start":{"line":183,"column":12},"end":{"line":183,"column":24}},"120":{"start":{"line":185,"column":13},"end":{"line":201,"column":9}},"121":{"start":{"line":186,"column":12},"end":{"line":188,"column":13}},"122":{"start":{"line":187,"column":16},"end":{"line":187,"column":78}},"123":{"start":{"line":189,"column":12},"end":{"line":191,"column":13}},"124":{"start":{"line":190,"column":16},"end":{"line":190,"column":71}},"125":{"start":{"line":192,"column":12},"end":{"line":196,"column":13}},"126":{"start":{"line":193,"column":16},"end":{"line":195,"column":17}},"127":{"start":{"line":194,"column":20},"end":{"line":194,"column":33}},"128":{"start":{"line":197,"column":12},"end":{"line":197,"column":24}},"129":{"start":{"line":199,"column":13},"end":{"line":201,"column":9}},"130":{"start":{"line":200,"column":12},"end":{"line":200,"column":57}},"131":{"start":{"line":202,"column":8},"end":{"line":202,"column":21}},"132":{"start":{"line":205,"column":24},"end":{"line":206,"column":106}},"133":{"start":{"line":207,"column":27},"end":{"line":207,"column":29}},"134":{"start":{"line":208,"column":8},"end":{"line":224,"column":9}},"135":{"start":{"line":209,"column":12},"end":{"line":211,"column":13}},"136":{"start":{"line":210,"column":16},"end":{"line":210,"column":29}},"137":{"start":{"line":212,"column":12},"end":{"line":220,"column":13}},"138":{"start":{"line":213,"column":16},"end":{"line":219,"column":17}},"139":{"start":{"line":214,"column":20},"end":{"line":214,"column":43}},"140":{"start":{"line":215,"column":20},"end":{"line":215,"column":33}},"141":{"start":{"line":217,"column":21},"end":{"line":219,"column":17}},"142":{"start":{"line":218,"column":20},"end":{"line":218,"column":33}},"143":{"start":{"line":223,"column":12},"end":{"line":223,"column":55}},"144":{"start":{"line":225,"column":8},"end":{"line":225,"column":20}},"145":{"start":{"line":228,"column":8},"end":{"line":261,"column":9}},"146":{"start":{"line":229,"column":12},"end":{"line":231,"column":13}},"147":{"start":{"line":230,"column":16},"end":{"line":230,"column":29}},"148":{"start":{"line":232,"column":12},"end":{"line":237,"column":13}},"149":{"start":{"line":233,"column":31},"end":{"line":233,"column":56}},"150":{"start":{"line":234,"column":16},"end":{"line":236,"column":17}},"151":{"start":{"line":235,"column":20},"end":{"line":235,"column":33}},"152":{"start":{"line":238,"column":12},"end":{"line":260,"column":13}},"153":{"start":{"line":239,"column":16},"end":{"line":259,"column":17}},"154":{"start":{"line":240,"column":20},"end":{"line":255,"column":21}},"155":{"start":{"line":242,"column":24},"end":{"line":244,"column":25}},"156":{"start":{"line":243,"column":28},"end":{"line":243,"column":41}},"157":{"start":{"line":245,"column":40},"end":{"line":245,"column":72}},"158":{"start":{"line":246,"column":45},"end":{"line":246,"column":78}},"159":{"start":{"line":247,"column":24},"end":{"line":249,"column":25}},"160":{"start":{"line":248,"column":28},"end":{"line":248,"column":41}},"161":{"start":{"line":250,"column":24},"end":{"line":254,"column":25}},"162":{"start":{"line":251,"column":28},"end":{"line":253,"column":29}},"163":{"start":{"line":252,"column":32},"end":{"line":252,"column":45}},"164":{"start":{"line":258,"column":20},"end":{"line":258,"column":33}},"165":{"start":{"line":262,"column":8},"end":{"line":262,"column":20}},"166":{"start":{"line":265,"column":8},"end":{"line":267,"column":9}},"167":{"start":{"line":265,"column":46},"end":{"line":265,"column":75}},"168":{"start":{"line":266,"column":12},"end":{"line":266,"column":43}},"169":{"start":{"line":270,"column":8},"end":{"line":291,"column":9}},"170":{"start":{"line":271,"column":12},"end":{"line":273,"column":13}},"171":{"start":{"line":272,"column":16},"end":{"line":272,"column":29}},"172":{"start":{"line":274,"column":12},"end":{"line":284,"column":13}},"173":{"start":{"line":275,"column":16},"end":{"line":277,"column":17}},"174":{"start":{"line":276,"column":20},"end":{"line":276,"column":32}},"175":{"start":{"line":278,"column":16},"end":{"line":283,"column":17}},"176":{"start":{"line":279,"column":20},"end":{"line":279,"column":32}},"177":{"start":{"line":282,"column":20},"end":{"line":282,"column":33}},"178":{"start":{"line":285,"column":12},"end":{"line":287,"column":13}},"179":{"start":{"line":286,"column":16},"end":{"line":286,"column":28}},"180":{"start":{"line":288,"column":12},"end":{"line":290,"column":13}},"181":{"start":{"line":289,"column":16},"end":{"line":289,"column":29}},"182":{"start":{"line":292,"column":8},"end":{"line":292,"column":37}},"183":{"start":{"line":293,"column":8},"end":{"line":293,"column":20}},"184":{"start":{"line":296,"column":26},"end":{"line":296,"column":89}},"185":{"start":{"line":297,"column":28},"end":{"line":297,"column":30}},"186":{"start":{"line":298,"column":20},"end":{"line":298,"column":53}},"187":{"start":{"line":299,"column":8},"end":{"line":332,"column":9}},"188":{"start":{"line":300,"column":27},"end":{"line":300,"column":49}},"189":{"start":{"line":301,"column":35},"end":{"line":301,"column":51}},"190":{"start":{"line":302,"column":29},"end":{"line":302,"column":61}},"191":{"start":{"line":303,"column":22},"end":{"line":303,"column":50}},"192":{"start":{"line":304,"column":26},"end":{"line":304,"column":43}},"193":{"start":{"line":305,"column":12},"end":{"line":310,"column":13}},"194":{"start":{"line":306,"column":16},"end":{"line":306,"column":29}},"195":{"start":{"line":309,"column":16},"end":{"line":309,"column":45}},"196":{"start":{"line":311,"column":12},"end":{"line":317,"column":13}},"197":{"start":{"line":316,"column":16},"end":{"line":316,"column":29}},"198":{"start":{"line":318,"column":12},"end":{"line":320,"column":13}},"199":{"start":{"line":319,"column":16},"end":{"line":319,"column":29}},"200":{"start":{"line":321,"column":12},"end":{"line":323,"column":13}},"201":{"start":{"line":322,"column":16},"end":{"line":322,"column":29}},"202":{"start":{"line":324,"column":12},"end":{"line":331,"column":13}},"203":{"start":{"line":328,"column":16},"end":{"line":330,"column":17}},"204":{"start":{"line":329,"column":20},"end":{"line":329,"column":33}},"205":{"start":{"line":335,"column":0},"end":{"line":335,"column":33}}},"fnMap":{"0":{"name":"(anonymous_0)","decl":{"start":{"line":6,"column":4},"end":{"line":6,"column":5}},"loc":{"start":{"line":6,"column":24},"end":{"line":8,"column":5}},"line":6},"1":{"name":"(anonymous_1)","decl":{"start":{"line":9,"column":4},"end":{"line":9,"column":5}},"loc":{"start":{"line":9,"column":24},"end":{"line":60,"column":5}},"line":9},"2":{"name":"(anonymous_2)","decl":{"start":{"line":61,"column":4},"end":{"line":61,"column":5}},"loc":{"start":{"line":61,"column":32},"end":{"line":68,"column":5}},"line":61},"3":{"name":"(anonymous_3)","decl":{"start":{"line":69,"column":4},"end":{"line":69,"column":5}},"loc":{"start":{"line":69,"column":32},"end":{"line":78,"column":5}},"line":69},"4":{"name":"(anonymous_4)","decl":{"start":{"line":79,"column":4},"end":{"line":79,"column":5}},"loc":{"start":{"line":79,"column":31},"end":{"line":92,"column":5}},"line":79},"5":{"name":"(anonymous_5)","decl":{"start":{"line":90,"column":36},"end":{"line":90,"column":37}},"loc":{"start":{"line":90,"column":43},"end":{"line":90,"column":62}},"line":90},"6":{"name":"(anonymous_6)","decl":{"start":{"line":93,"column":4},"end":{"line":93,"column":5}},"loc":{"start":{"line":93,"column":30},"end":{"line":203,"column":5}},"line":93},"7":{"name":"(anonymous_7)","decl":{"start":{"line":98,"column":44},"end":{"line":98,"column":45}},"loc":{"start":{"line":98,"column":51},"end":{"line":98,"column":80}},"line":98},"8":{"name":"(anonymous_8)","decl":{"start":{"line":204,"column":4},"end":{"line":204,"column":5}},"loc":{"start":{"line":204,"column":26},"end":{"line":226,"column":5}},"line":204},"9":{"name":"(anonymous_9)","decl":{"start":{"line":227,"column":4},"end":{"line":227,"column":5}},"loc":{"start":{"line":227,"column":24},"end":{"line":263,"column":5}},"line":227},"10":{"name":"(anonymous_10)","decl":{"start":{"line":264,"column":4},"end":{"line":264,"column":5}},"loc":{"start":{"line":264,"column":17},"end":{"line":268,"column":5}},"line":264},"11":{"name":"(anonymous_11)","decl":{"start":{"line":265,"column":39},"end":{"line":265,"column":40}},"loc":{"start":{"line":265,"column":46},"end":{"line":265,"column":75}},"line":265},"12":{"name":"(anonymous_12)","decl":{"start":{"line":269,"column":4},"end":{"line":269,"column":5}},"loc":{"start":{"line":269,"column":38},"end":{"line":294,"column":5}},"line":269},"13":{"name":"(anonymous_13)","decl":{"start":{"line":295,"column":4},"end":{"line":295,"column":5}},"loc":{"start":{"line":295,"column":24},"end":{"line":333,"column":5}},"line":295}},"branchMap":{"0":{"loc":{"start":{"line":10,"column":8},"end":{"line":13,"column":9}},"type":"if","locations":[{"start":{"line":10,"column":8},"end":{"line":13,"column":9}},{"start":{"line":10,"column":8},"end":{"line":13,"column":9}}],"line":10},"1":{"loc":{"start":{"line":10,"column":12},"end":{"line":11,"column":42}},"type":"binary-expr","locations":[{"start":{"line":10,"column":12},"end":{"line":10,"column":26}},{"start":{"line":10,"column":30},"end":{"line":10,"column":49}},{"start":{"line":10,"column":54},"end":{"line":10,"column":83}},{"start":{"line":11,"column":12},"end":{"line":11,"column":42}}],"line":10},"2":{"loc":{"start":{"line":14,"column":8},"end":{"line":16,"column":9}},"type":"if","locations":[{"start":{"line":14,"column":8},"end":{"line":16,"column":9}},{"start":{"line":14,"column":8},"end":{"line":16,"column":9}}],"line":14},"3":{"loc":{"start":{"line":17,"column":8},"end":{"line":19,"column":9}},"type":"if","locations":[{"start":{"line":17,"column":8},"end":{"line":19,"column":9}},{"start":{"line":17,"column":8},"end":{"line":19,"column":9}}],"line":17},"4":{"loc":{"start":{"line":20,"column":8},"end":{"line":22,"column":9}},"type":"if","locations":[{"start":{"line":20,"column":8},"end":{"line":22,"column":9}},{"start":{"line":20,"column":8},"end":{"line":22,"column":9}}],"line":20},"5":{"loc":{"start":{"line":23,"column":8},"end":{"line":30,"column":9}},"type":"if","locations":[{"start":{"line":23,"column":8},"end":{"line":30,"column":9}},{"start":{"line":23,"column":8},"end":{"line":30,"column":9}}],"line":23},"6":{"loc":{"start":{"line":24,"column":12},"end":{"line":29,"column":13}},"type":"if","locations":[{"start":{"line":24,"column":12},"end":{"line":29,"column":13}},{"start":{"line":24,"column":12},"end":{"line":29,"column":13}}],"line":24},"7":{"loc":{"start":{"line":24,"column":16},"end":{"line":24,"column":91}},"type":"binary-expr","locations":[{"start":{"line":24,"column":16},"end":{"line":24,"column":49}},{"start":{"line":24,"column":53},"end":{"line":24,"column":91}}],"line":24},"8":{"loc":{"start":{"line":31,"column":8},"end":{"line":33,"column":9}},"type":"if","locations":[{"start":{"line":31,"column":8},"end":{"line":33,"column":9}},{"start":{"line":31,"column":8},"end":{"line":33,"column":9}}],"line":31},"9":{"loc":{"start":{"line":34,"column":8},"end":{"line":36,"column":9}},"type":"if","locations":[{"start":{"line":34,"column":8},"end":{"line":36,"column":9}},{"start":{"line":34,"column":8},"end":{"line":36,"column":9}}],"line":34},"10":{"loc":{"start":{"line":40,"column":12},"end":{"line":49,"column":13}},"type":"if","locations":[{"start":{"line":40,"column":12},"end":{"line":49,"column":13}},{"start":{"line":40,"column":12},"end":{"line":49,"column":13}}],"line":40},"11":{"loc":{"start":{"line":41,"column":16},"end":{"line":48,"column":17}},"type":"if","locations":[{"start":{"line":41,"column":16},"end":{"line":48,"column":17}},{"start":{"line":41,"column":16},"end":{"line":48,"column":17}}],"line":41},"12":{"loc":{"start":{"line":45,"column":20},"end":{"line":47,"column":21}},"type":"if","locations":[{"start":{"line":45,"column":20},"end":{"line":47,"column":21}},{"start":{"line":45,"column":20},"end":{"line":47,"column":21}}],"line":45},"13":{"loc":{"start":{"line":51,"column":8},"end":{"line":53,"column":9}},"type":"if","locations":[{"start":{"line":51,"column":8},"end":{"line":53,"column":9}},{"start":{"line":51,"column":8},"end":{"line":53,"column":9}}],"line":51},"14":{"loc":{"start":{"line":54,"column":8},"end":{"line":58,"column":9}},"type":"if","locations":[{"start":{"line":54,"column":8},"end":{"line":58,"column":9}},{"start":{"line":54,"column":8},"end":{"line":58,"column":9}}],"line":54},"15":{"loc":{"start":{"line":55,"column":12},"end":{"line":57,"column":13}},"type":"if","locations":[{"start":{"line":55,"column":12},"end":{"line":57,"column":13}},{"start":{"line":55,"column":12},"end":{"line":57,"column":13}}],"line":55},"16":{"loc":{"start":{"line":63,"column":12},"end":{"line":65,"column":13}},"type":"if","locations":[{"start":{"line":63,"column":12},"end":{"line":65,"column":13}},{"start":{"line":63,"column":12},"end":{"line":65,"column":13}}],"line":63},"17":{"loc":{"start":{"line":72,"column":16},"end":{"line":74,"column":17}},"type":"if","locations":[{"start":{"line":72,"column":16},"end":{"line":74,"column":17}},{"start":{"line":72,"column":16},"end":{"line":74,"column":17}}],"line":72},"18":{"loc":{"start":{"line":81,"column":8},"end":{"line":91,"column":9}},"type":"if","locations":[{"start":{"line":81,"column":8},"end":{"line":91,"column":9}},{"start":{"line":81,"column":8},"end":{"line":91,"column":9}}],"line":81},"19":{"loc":{"start":{"line":84,"column":16},"end":{"line":88,"column":17}},"type":"if","locations":[{"start":{"line":84,"column":16},"end":{"line":88,"column":17}},{"start":{"line":84,"column":16},"end":{"line":88,"column":17}}],"line":84},"20":{"loc":{"start":{"line":97,"column":8},"end":{"line":101,"column":9}},"type":"if","locations":[{"start":{"line":97,"column":8},"end":{"line":101,"column":9}},{"start":{"line":97,"column":8},"end":{"line":101,"column":9}}],"line":97},"21":{"loc":{"start":{"line":98,"column":12},"end":{"line":100,"column":13}},"type":"if","locations":[{"start":{"line":98,"column":12},"end":{"line":100,"column":13}},{"start":{"line":98,"column":12},"end":{"line":100,"column":13}}],"line":98},"22":{"loc":{"start":{"line":102,"column":8},"end":{"line":201,"column":9}},"type":"if","locations":[{"start":{"line":102,"column":8},"end":{"line":201,"column":9}},{"start":{"line":102,"column":8},"end":{"line":201,"column":9}}],"line":102},"23":{"loc":{"start":{"line":105,"column":13},"end":{"line":201,"column":9}},"type":"if","locations":[{"start":{"line":105,"column":13},"end":{"line":201,"column":9}},{"start":{"line":105,"column":13},"end":{"line":201,"column":9}}],"line":105},"24":{"loc":{"start":{"line":108,"column":12},"end":{"line":110,"column":13}},"type":"if","locations":[{"start":{"line":108,"column":12},"end":{"line":110,"column":13}},{"start":{"line":108,"column":12},"end":{"line":110,"column":13}}],"line":108},"25":{"loc":{"start":{"line":108,"column":16},"end":{"line":108,"column":79}},"type":"binary-expr","locations":[{"start":{"line":108,"column":16},"end":{"line":108,"column":29}},{"start":{"line":108,"column":33},"end":{"line":108,"column":52}},{"start":{"line":108,"column":56},"end":{"line":108,"column":79}}],"line":108},"26":{"loc":{"start":{"line":115,"column":12},"end":{"line":117,"column":13}},"type":"if","locations":[{"start":{"line":115,"column":12},"end":{"line":117,"column":13}},{"start":{"line":115,"column":12},"end":{"line":117,"column":13}}],"line":115},"27":{"loc":{"start":{"line":120,"column":13},"end":{"line":201,"column":9}},"type":"if","locations":[{"start":{"line":120,"column":13},"end":{"line":201,"column":9}},{"start":{"line":120,"column":13},"end":{"line":201,"column":9}}],"line":120},"28":{"loc":{"start":{"line":123,"column":12},"end":{"line":125,"column":13}},"type":"if","locations":[{"start":{"line":123,"column":12},"end":{"line":125,"column":13}},{"start":{"line":123,"column":12},"end":{"line":125,"column":13}}],"line":123},"29":{"loc":{"start":{"line":123,"column":16},"end":{"line":123,"column":79}},"type":"binary-expr","locations":[{"start":{"line":123,"column":16},"end":{"line":123,"column":29}},{"start":{"line":123,"column":33},"end":{"line":123,"column":52}},{"start":{"line":123,"column":56},"end":{"line":123,"column":79}}],"line":123},"30":{"loc":{"start":{"line":130,"column":12},"end":{"line":132,"column":13}},"type":"if","locations":[{"start":{"line":130,"column":12},"end":{"line":132,"column":13}},{"start":{"line":130,"column":12},"end":{"line":132,"column":13}}],"line":130},"31":{"loc":{"start":{"line":135,"column":13},"end":{"line":201,"column":9}},"type":"if","locations":[{"start":{"line":135,"column":13},"end":{"line":201,"column":9}},{"start":{"line":135,"column":13},"end":{"line":201,"column":9}}],"line":135},"32":{"loc":{"start":{"line":138,"column":12},"end":{"line":140,"column":13}},"type":"if","locations":[{"start":{"line":138,"column":12},"end":{"line":140,"column":13}},{"start":{"line":138,"column":12},"end":{"line":140,"column":13}}],"line":138},"33":{"loc":{"start":{"line":138,"column":16},"end":{"line":138,"column":79}},"type":"binary-expr","locations":[{"start":{"line":138,"column":16},"end":{"line":138,"column":29}},{"start":{"line":138,"column":33},"end":{"line":138,"column":52}},{"start":{"line":138,"column":56},"end":{"line":138,"column":79}}],"line":138},"34":{"loc":{"start":{"line":145,"column":12},"end":{"line":147,"column":13}},"type":"if","locations":[{"start":{"line":145,"column":12},"end":{"line":147,"column":13}},{"start":{"line":145,"column":12},"end":{"line":147,"column":13}}],"line":145},"35":{"loc":{"start":{"line":150,"column":13},"end":{"line":201,"column":9}},"type":"if","locations":[{"start":{"line":150,"column":13},"end":{"line":201,"column":9}},{"start":{"line":150,"column":13},"end":{"line":201,"column":9}}],"line":150},"36":{"loc":{"start":{"line":153,"column":12},"end":{"line":155,"column":13}},"type":"if","locations":[{"start":{"line":153,"column":12},"end":{"line":155,"column":13}},{"start":{"line":153,"column":12},"end":{"line":155,"column":13}}],"line":153},"37":{"loc":{"start":{"line":153,"column":16},"end":{"line":153,"column":52}},"type":"binary-expr","locations":[{"start":{"line":153,"column":16},"end":{"line":153,"column":29}},{"start":{"line":153,"column":33},"end":{"line":153,"column":52}}],"line":153},"38":{"loc":{"start":{"line":161,"column":12},"end":{"line":163,"column":13}},"type":"if","locations":[{"start":{"line":161,"column":12},"end":{"line":163,"column":13}},{"start":{"line":161,"column":12},"end":{"line":163,"column":13}}],"line":161},"39":{"loc":{"start":{"line":164,"column":12},"end":{"line":168,"column":13}},"type":"if","locations":[{"start":{"line":164,"column":12},"end":{"line":168,"column":13}},{"start":{"line":164,"column":12},"end":{"line":168,"column":13}}],"line":164},"40":{"loc":{"start":{"line":164,"column":16},"end":{"line":166,"column":51}},"type":"binary-expr","locations":[{"start":{"line":164,"column":17},"end":{"line":164,"column":52}},{"start":{"line":165,"column":17},"end":{"line":165,"column":54}},{"start":{"line":166,"column":17},"end":{"line":166,"column":50}}],"line":164},"41":{"loc":{"start":{"line":171,"column":13},"end":{"line":201,"column":9}},"type":"if","locations":[{"start":{"line":171,"column":13},"end":{"line":201,"column":9}},{"start":{"line":171,"column":13},"end":{"line":201,"column":9}}],"line":171},"42":{"loc":{"start":{"line":172,"column":12},"end":{"line":174,"column":13}},"type":"if","locations":[{"start":{"line":172,"column":12},"end":{"line":174,"column":13}},{"start":{"line":172,"column":12},"end":{"line":174,"column":13}}],"line":172},"43":{"loc":{"start":{"line":175,"column":12},"end":{"line":177,"column":13}},"type":"if","locations":[{"start":{"line":175,"column":12},"end":{"line":177,"column":13}},{"start":{"line":175,"column":12},"end":{"line":177,"column":13}}],"line":175},"44":{"loc":{"start":{"line":179,"column":16},"end":{"line":181,"column":17}},"type":"if","locations":[{"start":{"line":179,"column":16},"end":{"line":181,"column":17}},{"start":{"line":179,"column":16},"end":{"line":181,"column":17}}],"line":179},"45":{"loc":{"start":{"line":185,"column":13},"end":{"line":201,"column":9}},"type":"if","locations":[{"start":{"line":185,"column":13},"end":{"line":201,"column":9}},{"start":{"line":185,"column":13},"end":{"line":201,"column":9}}],"line":185},"46":{"loc":{"start":{"line":186,"column":12},"end":{"line":188,"column":13}},"type":"if","locations":[{"start":{"line":186,"column":12},"end":{"line":188,"column":13}},{"start":{"line":186,"column":12},"end":{"line":188,"column":13}}],"line":186},"47":{"loc":{"start":{"line":189,"column":12},"end":{"line":191,"column":13}},"type":"if","locations":[{"start":{"line":189,"column":12},"end":{"line":191,"column":13}},{"start":{"line":189,"column":12},"end":{"line":191,"column":13}}],"line":189},"48":{"loc":{"start":{"line":193,"column":16},"end":{"line":195,"column":17}},"type":"if","locations":[{"start":{"line":193,"column":16},"end":{"line":195,"column":17}},{"start":{"line":193,"column":16},"end":{"line":195,"column":17}}],"line":193},"49":{"loc":{"start":{"line":199,"column":13},"end":{"line":201,"column":9}},"type":"if","locations":[{"start":{"line":199,"column":13},"end":{"line":201,"column":9}},{"start":{"line":199,"column":13},"end":{"line":201,"column":9}}],"line":199},"50":{"loc":{"start":{"line":209,"column":12},"end":{"line":211,"column":13}},"type":"if","locations":[{"start":{"line":209,"column":12},"end":{"line":211,"column":13}},{"start":{"line":209,"column":12},"end":{"line":211,"column":13}}],"line":209},"51":{"loc":{"start":{"line":213,"column":16},"end":{"line":219,"column":17}},"type":"if","locations":[{"start":{"line":213,"column":16},"end":{"line":219,"column":17}},{"start":{"line":213,"column":16},"end":{"line":219,"column":17}}],"line":213},"52":{"loc":{"start":{"line":217,"column":21},"end":{"line":219,"column":17}},"type":"if","locations":[{"start":{"line":217,"column":21},"end":{"line":219,"column":17}},{"start":{"line":217,"column":21},"end":{"line":219,"column":17}}],"line":217},"53":{"loc":{"start":{"line":228,"column":8},"end":{"line":261,"column":9}},"type":"if","locations":[{"start":{"line":228,"column":8},"end":{"line":261,"column":9}},{"start":{"line":228,"column":8},"end":{"line":261,"column":9}}],"line":228},"54":{"loc":{"start":{"line":229,"column":12},"end":{"line":231,"column":13}},"type":"if","locations":[{"start":{"line":229,"column":12},"end":{"line":231,"column":13}},{"start":{"line":229,"column":12},"end":{"line":231,"column":13}}],"line":229},"55":{"loc":{"start":{"line":232,"column":12},"end":{"line":237,"column":13}},"type":"if","locations":[{"start":{"line":232,"column":12},"end":{"line":237,"column":13}},{"start":{"line":232,"column":12},"end":{"line":237,"column":13}}],"line":232},"56":{"loc":{"start":{"line":234,"column":16},"end":{"line":236,"column":17}},"type":"if","locations":[{"start":{"line":234,"column":16},"end":{"line":236,"column":17}},{"start":{"line":234,"column":16},"end":{"line":236,"column":17}}],"line":234},"57":{"loc":{"start":{"line":238,"column":12},"end":{"line":260,"column":13}},"type":"if","locations":[{"start":{"line":238,"column":12},"end":{"line":260,"column":13}},{"start":{"line":238,"column":12},"end":{"line":260,"column":13}}],"line":238},"58":{"loc":{"start":{"line":239,"column":16},"end":{"line":259,"column":17}},"type":"if","locations":[{"start":{"line":239,"column":16},"end":{"line":259,"column":17}},{"start":{"line":239,"column":16},"end":{"line":259,"column":17}}],"line":239},"59":{"loc":{"start":{"line":240,"column":20},"end":{"line":255,"column":21}},"type":"if","locations":[{"start":{"line":240,"column":20},"end":{"line":255,"column":21}},{"start":{"line":240,"column":20},"end":{"line":255,"column":21}}],"line":240},"60":{"loc":{"start":{"line":240,"column":24},"end":{"line":241,"column":87}},"type":"binary-expr","locations":[{"start":{"line":240,"column":25},"end":{"line":240,"column":85}},{"start":{"line":241,"column":25},"end":{"line":241,"column":86}}],"line":240},"61":{"loc":{"start":{"line":242,"column":24},"end":{"line":244,"column":25}},"type":"if","locations":[{"start":{"line":242,"column":24},"end":{"line":244,"column":25}},{"start":{"line":242,"column":24},"end":{"line":244,"column":25}}],"line":242},"62":{"loc":{"start":{"line":247,"column":24},"end":{"line":249,"column":25}},"type":"if","locations":[{"start":{"line":247,"column":24},"end":{"line":249,"column":25}},{"start":{"line":247,"column":24},"end":{"line":249,"column":25}}],"line":247},"63":{"loc":{"start":{"line":247,"column":30},"end":{"line":247,"column":76}},"type":"binary-expr","locations":[{"start":{"line":247,"column":31},"end":{"line":247,"column":49}},{"start":{"line":247,"column":55},"end":{"line":247,"column":75}}],"line":247},"64":{"loc":{"start":{"line":251,"column":28},"end":{"line":253,"column":29}},"type":"if","locations":[{"start":{"line":251,"column":28},"end":{"line":253,"column":29}},{"start":{"line":251,"column":28},"end":{"line":253,"column":29}}],"line":251},"65":{"loc":{"start":{"line":265,"column":8},"end":{"line":267,"column":9}},"type":"if","locations":[{"start":{"line":265,"column":8},"end":{"line":267,"column":9}},{"start":{"line":265,"column":8},"end":{"line":267,"column":9}}],"line":265},"66":{"loc":{"start":{"line":270,"column":8},"end":{"line":291,"column":9}},"type":"if","locations":[{"start":{"line":270,"column":8},"end":{"line":291,"column":9}},{"start":{"line":270,"column":8},"end":{"line":291,"column":9}}],"line":270},"67":{"loc":{"start":{"line":270,"column":12},"end":{"line":270,"column":82}},"type":"binary-expr","locations":[{"start":{"line":270,"column":12},"end":{"line":270,"column":45}},{"start":{"line":270,"column":49},"end":{"line":270,"column":82}}],"line":270},"68":{"loc":{"start":{"line":271,"column":12},"end":{"line":273,"column":13}},"type":"if","locations":[{"start":{"line":271,"column":12},"end":{"line":273,"column":13}},{"start":{"line":271,"column":12},"end":{"line":273,"column":13}}],"line":271},"69":{"loc":{"start":{"line":271,"column":16},"end":{"line":271,"column":84}},"type":"binary-expr","locations":[{"start":{"line":271,"column":16},"end":{"line":271,"column":48}},{"start":{"line":271,"column":52},"end":{"line":271,"column":84}}],"line":271},"70":{"loc":{"start":{"line":274,"column":12},"end":{"line":284,"column":13}},"type":"if","locations":[{"start":{"line":274,"column":12},"end":{"line":284,"column":13}},{"start":{"line":274,"column":12},"end":{"line":284,"column":13}}],"line":274},"71":{"loc":{"start":{"line":274,"column":16},"end":{"line":274,"column":86}},"type":"binary-expr","locations":[{"start":{"line":274,"column":16},"end":{"line":274,"column":49}},{"start":{"line":274,"column":53},"end":{"line":274,"column":86}}],"line":274},"72":{"loc":{"start":{"line":275,"column":16},"end":{"line":277,"column":17}},"type":"if","locations":[{"start":{"line":275,"column":16},"end":{"line":277,"column":17}},{"start":{"line":275,"column":16},"end":{"line":277,"column":17}}],"line":275},"73":{"loc":{"start":{"line":275,"column":20},"end":{"line":275,"column":69}},"type":"binary-expr","locations":[{"start":{"line":275,"column":20},"end":{"line":275,"column":58}},{"start":{"line":275,"column":62},"end":{"line":275,"column":69}}],"line":275},"74":{"loc":{"start":{"line":278,"column":16},"end":{"line":283,"column":17}},"type":"if","locations":[{"start":{"line":278,"column":16},"end":{"line":283,"column":17}},{"start":{"line":278,"column":16},"end":{"line":283,"column":17}}],"line":278},"75":{"loc":{"start":{"line":278,"column":20},"end":{"line":278,"column":69}},"type":"binary-expr","locations":[{"start":{"line":278,"column":20},"end":{"line":278,"column":58}},{"start":{"line":278,"column":62},"end":{"line":278,"column":69}}],"line":278},"76":{"loc":{"start":{"line":285,"column":12},"end":{"line":287,"column":13}},"type":"if","locations":[{"start":{"line":285,"column":12},"end":{"line":287,"column":13}},{"start":{"line":285,"column":12},"end":{"line":287,"column":13}}],"line":285},"77":{"loc":{"start":{"line":285,"column":16},"end":{"line":285,"column":88}},"type":"binary-expr","locations":[{"start":{"line":285,"column":16},"end":{"line":285,"column":50}},{"start":{"line":285,"column":54},"end":{"line":285,"column":88}}],"line":285},"78":{"loc":{"start":{"line":288,"column":12},"end":{"line":290,"column":13}},"type":"if","locations":[{"start":{"line":288,"column":12},"end":{"line":290,"column":13}},{"start":{"line":288,"column":12},"end":{"line":290,"column":13}}],"line":288},"79":{"loc":{"start":{"line":288,"column":16},"end":{"line":288,"column":88}},"type":"binary-expr","locations":[{"start":{"line":288,"column":16},"end":{"line":288,"column":50}},{"start":{"line":288,"column":54},"end":{"line":288,"column":88}}],"line":288},"80":{"loc":{"start":{"line":305,"column":12},"end":{"line":310,"column":13}},"type":"if","locations":[{"start":{"line":305,"column":12},"end":{"line":310,"column":13}},{"start":{"line":305,"column":12},"end":{"line":310,"column":13}}],"line":305},"81":{"loc":{"start":{"line":311,"column":12},"end":{"line":317,"column":13}},"type":"if","locations":[{"start":{"line":311,"column":12},"end":{"line":317,"column":13}},{"start":{"line":311,"column":12},"end":{"line":317,"column":13}}],"line":311},"82":{"loc":{"start":{"line":311,"column":18},"end":{"line":315,"column":36}},"type":"binary-expr","locations":[{"start":{"line":311,"column":18},"end":{"line":311,"column":38}},{"start":{"line":312,"column":16},"end":{"line":312,"column":36}},{"start":{"line":313,"column":16},"end":{"line":313,"column":36}},{"start":{"line":314,"column":16},"end":{"line":314,"column":38}},{"start":{"line":315,"column":16},"end":{"line":315,"column":36}}],"line":311},"83":{"loc":{"start":{"line":318,"column":12},"end":{"line":320,"column":13}},"type":"if","locations":[{"start":{"line":318,"column":12},"end":{"line":320,"column":13}},{"start":{"line":318,"column":12},"end":{"line":320,"column":13}}],"line":318},"84":{"loc":{"start":{"line":321,"column":12},"end":{"line":323,"column":13}},"type":"if","locations":[{"start":{"line":321,"column":12},"end":{"line":323,"column":13}},{"start":{"line":321,"column":12},"end":{"line":323,"column":13}}],"line":321},"85":{"loc":{"start":{"line":324,"column":12},"end":{"line":331,"column":13}},"type":"if","locations":[{"start":{"line":324,"column":12},"end":{"line":331,"column":13}},{"start":{"line":324,"column":12},"end":{"line":331,"column":13}}],"line":324},"86":{"loc":{"start":{"line":324,"column":16},"end":{"line":327,"column":36}},"type":"binary-expr","locations":[{"start":{"line":324,"column":16},"end":{"line":324,"column":36}},{"start":{"line":325,"column":16},"end":{"line":325,"column":36}},{"start":{"line":326,"column":16},"end":{"line":326,"column":36}},{"start":{"line":327,"column":16},"end":{"line":327,"column":36}}],"line":324},"87":{"loc":{"start":{"line":328,"column":16},"end":{"line":330,"column":17}},"type":"if","locations":[{"start":{"line":328,"column":16},"end":{"line":330,"column":17}},{"start":{"line":328,"column":16},"end":{"line":330,"column":17}}],"line":328}},"s":{"0":1,"1":1,"2":1,"3":132,"4":132,"5":2,"6":130,"7":4,"8":126,"9":1,"10":125,"11":2,"12":123,"13":15,"14":0,"15":15,"16":123,"17":18,"18":104,"19":13,"20":91,"21":91,"22":276,"23":0,"24":0,"25":0,"26":0,"27":91,"28":0,"29":91,"30":87,"31":23,"32":67,"33":0,"34":0,"35":0,"36":0,"37":0,"38":0,"39":0,"40":0,"41":0,"42":91,"43":91,"44":91,"45":91,"46":276,"47":276,"48":276,"49":276,"50":91,"51":276,"52":473,"53":473,"54":473,"55":468,"56":9676,"57":0,"58":473,"59":1,"60":472,"61":12,"62":12,"63":12,"64":1,"65":11,"66":11,"67":11,"68":11,"69":11,"70":0,"71":11,"72":460,"73":79,"74":79,"75":79,"76":6,"77":73,"78":73,"79":73,"80":73,"81":73,"82":1,"83":72,"84":381,"85":89,"86":89,"87":89,"88":1,"89":88,"90":88,"91":88,"92":88,"93":88,"94":0,"95":88,"96":292,"97":82,"98":82,"99":82,"100":1,"101":81,"102":81,"103":81,"104":81,"105":81,"106":81,"107":4,"108":77,"109":0,"110":77,"111":210,"112":95,"113":1,"114":94,"115":0,"116":94,"117":194,"118":4,"119":90,"120":115,"121":88,"122":0,"123":88,"124":0,"125":88,"126":173,"127":1,"128":87,"129":27,"130":19,"131":8,"132":123,"133":123,"134":123,"135":123,"136":2,"137":120,"138":331,"139":16,"140":16,"141":315,"142":0,"143":1,"144":104,"145":104,"146":54,"147":1,"148":53,"149":47,"150":47,"151":6,"152":47,"153":6,"154":6,"155":6,"156":3,"157":3,"158":3,"159":3,"160":1,"161":2,"162":2,"163":2,"164":0,"165":91,"166":67,"167":462,"168":66,"169":15,"170":15,"171":2,"172":13,"173":13,"174":0,"175":13,"176":13,"177":0,"178":0,"179":0,"180":0,"181":0,"182":0,"183":0,"184":0,"185":0,"186":0,"187":0,"188":0,"189":0,"190":0,"191":0,"192":0,"193":0,"194":0,"195":0,"196":0,"197":0,"198":0,"199":0,"200":0,"201":0,"202":0,"203":0,"204":0,"205":1},"f":{"0":132,"1":132,"2":0,"3":0,"4":91,"5":276,"6":473,"7":9676,"8":123,"9":104,"10":67,"11":462,"12":15,"13":0},"b":{"0":[2,130],"1":[132,132,132,132],"2":[4,126],"3":[1,125],"4":[2,123],"5":[15,108],"6":[0,15],"7":[15,15],"8":[18,104],"9":[13,91],"10":[0,276],"11":[0,0],"12":[0,0],"13":[0,91],"14":[87,4],"15":[23,63],"16":[0,0],"17":[0,0],"18":[91,0],"19":[276,0],"20":[468,5],"21":[0,468],"22":[1,472],"23":[12,460],"24":[1,11],"25":[12,12,12],"26":[0,11],"27":[79,381],"28":[6,73],"29":[79,76,76],"30":[1,72],"31":[89,292],"32":[1,88],"33":[89,89,89],"34":[0,88],"35":[82,210],"36":[1,81],"37":[82,81],"38":[4,77],"39":[0,77],"40":[77,70,67],"41":[95,115],"42":[1,94],"43":[0,94],"44":[4,190],"45":[88,27],"46":[0,88],"47":[0,88],"48":[1,172],"49":[19,8],"50":[2,120],"51":[16,315],"52":[0,315],"53":[54,50],"54":[1,53],"55":[47,6],"56":[6,41],"57":[6,41],"58":[6,0],"59":[6,0],"60":[6,6],"61":[3,3],"62":[1,2],"63":[3,3],"64":[2,0],"65":[66,1],"66":[15,0],"67":[15,1],"68":[2,13],"69":[15,14],"70":[13,0],"71":[13,13],"72":[0,13],"73":[13,0],"74":[13,0],"75":[13,13],"76":[0,0],"77":[0,0],"78":[0,0],"79":[0,0],"80":[0,0],"81":[0,0],"82":[0,0,0,0,0],"83":[0,0],"84":[0,0],"85":[0,0],"86":[0,0,0,0],"87":[0,0]},"_coverageSchema":"332fd63041d2c1bcb487cc26dd0d5f7d97098a6c","hash":"07a59214d55a25ec40a381458cc232bf1e93ac48","contentHash":"5a67e058bd13733877ba38a52ad47399_11.3.0"},"C:\\Users\\devan\\Documents\\cpsc310\\project_j0a0b_x3o0b\\src\\controller\\ProcessQuery.js":{"path":"C:\\Users\\devan\\Documents\\cpsc310\\project_j0a0b_x3o0b\\src\\controller\\ProcessQuery.js","statementMap":{"0":{"start":{"line":2,"column":0},"end":{"line":2,"column":62}},"1":{"start":{"line":3,"column":25},"end":{"line":3,"column":52}},"2":{"start":{"line":4,"column":21},"end":{"line":4,"column":22}},"3":{"start":{"line":5,"column":24},"end":{"line":5,"column":26}},"4":{"start":{"line":8,"column":27},"end":{"line":8,"column":34}},"5":{"start":{"line":9,"column":8},"end":{"line":9,"column":36}},"6":{"start":{"line":10,"column":21},"end":{"line":10,"column":35}},"7":{"start":{"line":11,"column":8},"end":{"line":11,"column":27}},"8":{"start":{"line":12,"column":8},"end":{"line":12,"column":53}},"9":{"start":{"line":15,"column":31},"end":{"line":15,"column":53}},"10":{"start":{"line":16,"column":23},"end":{"line":16,"column":28}},"11":{"start":{"line":17,"column":8},"end":{"line":179,"column":9}},"12":{"start":{"line":18,"column":12},"end":{"line":31,"column":13}},"13":{"start":{"line":19,"column":46},"end":{"line":19,"column":68}},"14":{"start":{"line":20,"column":41},"end":{"line":20,"column":78}},"15":{"start":{"line":21,"column":40},"end":{"line":21,"column":79}},"16":{"start":{"line":22,"column":16},"end":{"line":27,"column":17}},"17":{"start":{"line":23,"column":20},"end":{"line":26,"column":21}},"18":{"start":{"line":24,"column":24},"end":{"line":24,"column":51}},"19":{"start":{"line":25,"column":24},"end":{"line":25,"column":41}},"20":{"start":{"line":30,"column":16},"end":{"line":30,"column":59}},"21":{"start":{"line":33,"column":13},"end":{"line":179,"column":9}},"22":{"start":{"line":34,"column":12},"end":{"line":47,"column":13}},"23":{"start":{"line":35,"column":45},"end":{"line":35,"column":67}},"24":{"start":{"line":36,"column":40},"end":{"line":36,"column":76}},"25":{"start":{"line":37,"column":40},"end":{"line":37,"column":77}},"26":{"start":{"line":38,"column":16},"end":{"line":43,"column":17}},"27":{"start":{"line":39,"column":20},"end":{"line":42,"column":21}},"28":{"start":{"line":40,"
[...]
"type":"if","locations":[{"start":{"line":141,"column":20},"end":{"line":173,"column":21}},{"start":{"line":141,"column":20},"end":{"line":173,"column":21}}],"line":141},"21":{"loc":{"start":{"line":141,"column":24},"end":{"line":141,"column":89}},"type":"binary-expr","locations":[{"start":{"line":141,"column":24},"end":{"line":141,"column":46}},{"start":{"line":141,"column":50},"end":{"line":141,"column":89}}],"line":141},"22":{"loc":{"start":{"line":143,"column":25},"end":{"line":173,"column":21}},"type":"if","locations":[{"start":{"line":143,"column":25},"end":{"line":173,"column":21}},{"start":{"line":143,"column":25},"end":{"line":173,"column":21}}],"line":143},"23":{"loc":{"start":{"line":146,"column":25},"end":{"line":173,"column":21}},"type":"if","locations":[{"start":{"line":146,"column":25},"end":{"line":173,"column":21}},{"start":{"line":146,"column":25},"end":{"line":173,"column":21}}],"line":146},"24":{"loc":{"start":{"line":147,"column":24},"end":{"line":149,"column":25}},"type":"if","locations":[{"start":{"line":147,"column":24},"end":{"line":149,"column":25}},{"start":{"line":147,"column":24},"end":{"line":149,"column":25}}],"line":147},"25":{"loc":{"start":{"line":151,"column":25},"end":{"line":173,"column":21}},"type":"if","locations":[{"start":{"line":151,"column":25},"end":{"line":173,"column":21}},{"start":{"line":151,"column":25},"end":{"line":173,"column":21}}],"line":151},"26":{"loc":{"start":{"line":151,"column":29},"end":{"line":152,"column":61}},"type":"binary-expr","locations":[{"start":{"line":151,"column":30},"end":{"line":151,"column":91}},{"start":{"line":152,"column":26},"end":{"line":152,"column":40}},{"start":{"line":152,"column":46},"end":{"line":152,"column":59}}],"line":151},"27":{"loc":{"start":{"line":156,"column":25},"end":{"line":173,"column":21}},"type":"if","locations":[{"start":{"line":156,"column":25},"end":{"line":173,"column":21}},{"start":{"line":156,"column":25},"end":{"line":173,"column":21}}],"line":156},"28":{"loc":{"start":{"line":160,"column":28},"end":{"line":162,"column":29}},"type":"if","locations":[{"start":{"line":160,"column":28},"end":{"line":162,"column":29}},{"start":{"line":160,"column":28},"end":{"line":162,"column":29}}],"line":160},"29":{"loc":{"start":{"line":164,"column":24},"end":{"line":167,"column":25}},"type":"if","locations":[{"start":{"line":164,"column":24},"end":{"line":167,"column":25}},{"start":{"line":164,"column":24},"end":{"line":167,"column":25}}],"line":164},"30":{"loc":{"start":{"line":169,"column":25},"end":{"line":173,"column":21}},"type":"if","locations":[{"start":{"line":169,"column":25},"end":{"line":173,"column":21}},{"start":{"line":169,"column":25},"end":{"line":173,"column":21}}],"line":169},"31":{"loc":{"start":{"line":169,"column":29},"end":{"line":170,"column":48}},"type":"binary-expr","locations":[{"start":{"line":169,"column":30},"end":{"line":169,"column":90}},{"start":{"line":170,"column":28},"end":{"line":170,"column":47}}],"line":169},"32":{"loc":{"start":{"line":180,"column":8},"end":{"line":188,"column":9}},"type":"if","locations":[{"start":{"line":180,"column":8},"end":{"line":188,"column":9}},{"start":{"line":180,"column":8},"end":{"line":188,"column":9}}],"line":180},"33":{"loc":{"start":{"line":183,"column":16},"end":{"line":185,"column":17}},"type":"if","locations":[{"start":{"line":183,"column":16},"end":{"line":185,"column":17}},{"start":{"line":183,"column":16},"end":{"line":185,"column":17}}],"line":183},"34":{"loc":{"start":{"line":191,"column":8},"end":{"line":193,"column":9}},"type":"if","locations":[{"start":{"line":191,"column":8},"end":{"line":193,"column":9}},{"start":{"line":191,"column":8},"end":{"line":193,"column":9}}],"line":191},"35":{"loc":{"start":{"line":196,"column":12},"end":{"line":198,"column":13}},"type":"if","locations":[{"start":{"line":196,"column":12},"end":{"line":198,"column":13}},{"start":{"line":196,"column":12},"end":{"line":198,"column":13}}],"line":196},"36":{"loc":{"start":{"line":199,"column":12},"end":{"line":201,"column":13}},"type":"if","locations":[{"start":{"line":199,"column":12},"end":{"line":201,"column":13}},{"start":{"line":199,"column":12},"end":{"line":201,"column":13}}],"line":199},"37":{"loc":{"start":{"line":209,"column":16},"end":{"line":213,"column":17}},"type":"if","locations":[{"start":{"line":209,"column":16},"end":{"line":213,"column":17}},{"start":{"line":209,"column":16},"end":{"line":213,"column":17}}],"line":209},"38":{"loc":{"start":{"line":210,"column":20},"end":{"line":212,"column":21}},"type":"if","locations":[{"start":{"line":210,"column":20},"end":{"line":212,"column":21}},{"start":{"line":210,"column":20},"end":{"line":212,"column":21}}],"line":210}},"s":{"0":1,"1":1,"2":1,"3":1,"4":60,"5":60,"6":60,"7":60,"8":60,"9":432,"10":432,"11":432,"12":10,"13":10,"14":10,"15":10,"16":10,"17":387499,"18":258022,"19":258022,"20":0,"21":422,"22":67,"23":67,"24":67,"25":67,"26":67,"27":1551713,"28":143634,"29":143634,"30":0,"31":355,"32":88,"33":88,"34":88,"35":88,"36":88,"37":889567,"38":870,"39":870,"40":0,"41":267,"42":17,"43":0,"44":17,"45":17,"46":250,"47":89,"48":184,"49":89,"50":95,"51":95,"52":95,"53":89,"54":161,"55":87,"56":171,"57":87,"58":84,"59":84,"60":632595,"61":630838,"62":84,"63":74,"64":74,"65":74,"66":74,"67":74,"68":74,"69":74,"70":74,"71":74,"72":74,"73":74,"74":74,"75":0,"76":74,"77":5,"78":2,"79":2,"80":3,"81":3,"82":67,"83":3,"84":3,"85":64,"86":2,"87":62,"88":62,"89":70,"90":1625607,"91":1625607,"92":0,"93":1625607,"94":1108711,"95":40153,"96":516896,"97":187,"98":187,"99":516709,"100":193836,"101":193836,"102":193836,"103":1721718,"104":26299,"105":193836,"106":2320,"107":2320,"108":322873,"109":61,"110":61,"111":4,"112":339,"113":17,"114":17,"115":841990,"116":320382,"117":17,"118":57,"119":29,"120":28,"121":28,"122":31066,"123":13654,"124":17412,"125":16277,"126":1135,"127":57,"128":57,"129":7633,"130":76330,"131":76330,"132":56096,"133":1,"134":1},"f":{"0":60,"1":432,"2":57,"3":31066,"4":57},"b":{"0":[10,422],"1":[258022,129477],"2":[67,355],"3":[143634,1408079],"4":[88,267],"5":[870,888697],"6":[17,250],"7":[0,17],"8":[89,161],"9":[89,95],"10":[87,74],"11":[87,84],"12":[630838,1757],"13":[74,0],"14":[0,74],"15":[5,67],"16":[2,3],"17":[3,64],"18":[2,62],"19":[64,64,64],"20":[0,1625607],"21":[1625607,1625607],"22":[0,1625607],"23":[1108711,516896],"24":[40153,1068558],"25":[187,516709],"26":[516896,3257,3070],"27":[193836,322873],"28":[26299,1695419],"29":[2320,191516],"30":[61,322812],"31":[322873,3933],"32":[17,322],"33":[320382,521608],"34":[29,28],"35":[13654,17412],"36":[16277,1135],"37":[76330,0],"38":[56096,20234]},"_coverageSchema":"332fd63041d2c1bcb487cc26dd0d5f7d97098a6c","hash":"a7445182b9dbad310d78355ca2b4d0253066cfe5","contentHash":"51ad2ff0b600d5325ed4314302de84f7_11.3.0"},"C:\\Users\\devan\\Documents\\cpsc310\\project_j0a0b_x3o0b\\src\\controller\\RoomHelper.js":{"path":"C:\\Users\\devan\\Documents\\cpsc310\\project_j0a0b_x3o0b\\src\\controller\\RoomHelper.js","statementMap":{"0":{"start":{"line":2,"column":0},"end":{"line":2,"column":62}},"1":{"start":{"line":5,"column":23},"end":{"line":5,"column":40}},"2":{"start":{"line":6,"column":23},"end":{"line":6,"column":42}},"3":{"start":{"line":7,"column":20},"end":{"line":7,"column":43}},"4":{"start":{"line":8,"column":25},"end":{"line":8,"column":49}},"5":{"start":{"line":9,"column":20},"end":{"line":9,"column":41}},"6":{"start":{"line":10,"column":27},"end":{"line":10,"column":29}},"7":{"start":{"line":11,"column":8},"end":{"line":16,"column":9}},"8":{"start":{"line":12,"column":12},"end":{"line":15,"column":13}},"9":{"start":{"line":13,"column":29},"end":{"line":13,"column":31}},"10":{"start":{"line":14,"column":16},"end":{"line":14,"column":40}},"11":{"start":{"line":19,"column":27},"end":{"line":19,"column":29}},"12":{"start":{"line":20,"column":8},"end":{"line":57,"column":9}},"13":{"start":{"line":21,"column":12},"end":{"line":56,"column":13}},"14":{"start":{"line":27,"column":16},"end":{"line":47,"column":17}},"15":{"start":{"line":28,"column":20},"end":{"line":46,"column":21}},"16":{"start":{"line":29,"column":43},"end":{"line":29,"column":60}},"17":{"start":{"line":30,"column":24},"end":{"line":32,"column":25}},"18":{"start":{"line":31,"column":28},"end":{"line":31,"column":66}},"19":{"start":{"line":33,"column":24},"end":{"line":35,"column":25}},"20":{"start":{"line":34,"column":28},"end":{"line":34,"column":67}},"21":{"start":{"line":36,"column":24},"end":{"line":38,"column":25}},"22":{"start":{"line":37,"column":28},"end":{"line":37,"column":62}},"23":{"start":{"line":39,"column":24},"end":{"line":41,"column":25}},"24":{"start":{"line":40,"column":28},"end":{"line":40,"column":73}},"25":{"start":{"line":42,"column":24},"end":{"line":45,"column":25}},"26":{"start":{"line":44,"column":28},"end":{"line":44,"column":70}},"27":{"start":{"line":48,"column":29},"end":{"line":54,"column":17}},"28":{"start":{"line":55,"column":16},"end":{"line":55,"column":40}},"29":{"start":{"line":58,"column":8},"end":{"line":58,"column":28}},"30":{"start":{"line":61,"column":31},"end":{"line":61,"column":33}},"31":{"start":{"line":62,"column":8},"end":{"line":130,"column":9}},"32":{"start":{"line":63,"column":12},"end":{"line":129,"column":13}},"33":{"start":{"line":68,"column":16},"end":{"line":85,"column":17}},"34":{"start":{"line":69,"column":20},"end":{"line":84,"column":21}},"35":{"start":{"line":70,"column":47},"end":{"line":70,"column":64}},"36":{"start":{"line":71,"column":24},"end":{"line":73,"column":25}},"37":{"start":{"line":72,"column":28},"end":{"line":72,"column":73}},"38":{"start":{"line":74,"column":24},"end":{"line":76,"column":25}},"39":{"start":{"line":75,"column":28},"end":{"line":75,"column":76}},"40":{"start":{"line":77,"column":24},"end":{"line":79,"column":25}},"41":{"start":{"line":78,"column":28},"end":{"line":78,"column":83}},"42":{"start":{"line":80,"column":24},"end":{"line":83,"column":25}},"43":{"start":{"line":82,"column":28},"end":{"line":82,"column":82}},"44":{"start":{"line":86,"column":39},"end":{"line":86,"column":72}},"45":{"start":{"line":87,"column":27},"end":{"line":87,"column":110}},"46":{"start":{"line":88,"column":27},"end":{"line":88,"column":42}},"47":{"start":{"line":89,"column":36},"end":{"line":89,"column":54}},"48":{"start":{"line":90,"column":16},"end":{"line":119,"column":19}},"49":{"start":{"line":91,"column":43},"end":{"line":91,"column":46}},"50":{"start":{"line":92,"column":40},"end":{"line":92,"column":67}},"51":{"start":{"line":94,"column":20},"end":{"line":101,"column":21}},"52":{"start":{"line":95,"column":24},"end":{"line":96,"column":58}},"53":{"start":{"line":98,"column":25},"end":{"line":101,"column":21}},"54":{"start":{"line":99,"column":24},"end":{"line":100,"column":57}},"55":{"start":{"line":102,"column":20},"end":{"line":105,"column":21}},"56":{"start":{"line":103,"column":24},"end":{"line":103,"column":37}},"57":{"start":{"line":104,"column":24},"end":{"line":104,"column":31}},"58":{"start":{"line":106,"column":20},"end":{"line":106,"column":44}},"59":{"start":{"line":107,"column":34},"end":{"line":107,"column":36}},"60":{"start":{"line":108,"column":20},"end":{"line":108,"column":69}},"61":{"start":{"line":108,"column":48},"end":{"line":108,"column":65}},"62":{"start":{"line":109,"column":20},"end":{"line":118,"column":23}},"63":{"start":{"line":110,"column":24},"end":{"line":117,"column":25}},"64":{"start":{"line":111,"column":47},"end":{"line":111,"column":66}},"65":{"start":{"line":112,"column":28},"end":{"line":112,"column":61}},"66":{"start":{"line":113,"column":28},"end":{"line":113,"column":61}},"67":{"start":{"line":116,"column":28},"end":{"line":116,"column":72}},"68":{"start":{"line":120,"column":33},"end":{"line":127,"column":17}},"69":{"start":{"line":128,"column":16},"end":{"line":128,"column":48}},"70":{"start":{"line":131,"column":8},"end":{"line":131,"column":32}},"71":{"start":{"line":134,"column":32},"end":{"line":134,"column":34}},"72":{"start":{"line":135,"column":8},"end":{"line":137,"column":9}},"73":{"start":{"line":136,"column":12},"end":{"line":136,"column":42}},"74":{"start":{"line":138,"column":8},"end":{"line":148,"column":9}},"75":{"start":{"line":139,"column":31},"end":{"line":139,"column":54}},"76":{"start":{"line":140,"column":12},"end":{"line":147,"column":13}},"77":{"start":{"line":141,"column":16},"end":{"line":141,"column":47}},"78":{"start":{"line":144,"column":16},"end":{"line":146,"column":17}},"79":{"start":{"line":145,"column":20},"end":{"line":145,"column":71}},"80":{"start":{"line":149,"column":8},"end":{"line":149,"column":20}},"81":{"start":{"line":152,"column":0},"end":{"line":152,"column":29}}},"fnMap":{"0":{"name":"(anonymous_0)","decl":{"start":{"line":4,"column":4},"end":{"line":4,"column":5}},"loc":{"start":{"line":4,"column":35},"end":{"line":17,"column":5}},"line":4},"1":{"name":"(anonymous_1)","decl":{"start":{"line":18,"column":4},"end":{"line":18,"column":5}},"loc":{"start":{"line":18,"column":28},"end":{"line":59,"column":5}},"line":18},"2":{"name":"(anonymous_2)","decl":{"start":{"line":60,"column":4},"end":{"line":60,"column":5}},"loc":{"start":{"line":60,"column":31},"end":{"line":132,"column":5}},"line":60},"3":{"name":"(anonymous_3)","decl":{"start":{"line":90,"column":31},"end":{"line":90,"column":32}},"loc":{"start":{"line":90,"column":40},"end":{"line":119,"column":17}},"line":90},"4":{"name":"(anonymous_4)","decl":{"start":{"line":108,"column":35},"end":{"line":108,"column":36}},"loc":{"start":{"line":108,"column":46},"end":{"line":108,"column":67}},"line":108},"5":{"name":"(anonymous_5)","decl":{"start":{"line":109,"column":34},"end":{"line":109,"column":35}},"loc":{"start":{"line":109,"column":40},"end":{"line":118,"column":21}},"line":109},"6":{"name":"(anonymous_6)","decl":{"start":{"line":133,"column":4},"end":{"line":133,"column":5}},"loc":{"start":{"line":133,"column":26},"end":{"line":150,"column":5}},"line":133}},"branchMap":{"0":{"loc":{"start":{"line":21,"column":12},"end":{"line":56,"column":13}},"type":"if","locations":[{"start":{"line":21,"column":12},"end":{"line":56,"column":13}},{"start":{"line":21,"column":12},"end":{"line":56,"column":13}}],"line":21},"1":{"loc":{"start":{"line":28,"column":20},"end":{"line":46,"column":21}},"type":"if","locations":[{"start":{"line":28,"column":20},"end":{"line":46,"column":21}},{"start":{"line":28,"column":20},"end":{"line":46,"column":21}}],"line":28},"2":{"loc":{"start":{"line":30,"column":24},"end":{"line":32,"column":25}},"type":"if","locations":[{"start":{"line":30,"column":24},"end":{"line":32,"column":25}},{"start":{"line":30,"column":24},"end":{"line":32,"column":25}}],"line":30},"3":{"loc":{"start":{"line":33,"column":24},"end":{"line":35,"column":25}},"type":"if","locations":[{"start":{"line":33,"column":24},"end":{"line":35,"column":25}},{"start":{"line":33,"column":24},"end":{"line":35,"column":25}}],"line":33},"4":{"loc":{"start":{"line":36,"column":24},"end":{"line":38,"column":25}},"type":"if","locations":[{"start":{"line":36,"column":24},"end":{"line":38,"column":25}},{"start":{"line":36,"column":24},"end":{"line":38,"column":25}}],"line":36},"5":{"loc":{"start":{"line":39,"column":24},"end":{"line":41,"column":25}},"type":"if","locations":[{"start":{"line":39,"column":24},"end":{"line":41,"column":25}},{"start":{"line":39,"column":24},"end":{"line":41,"column":25}}],"line":39},"6":{"loc":{"start":{"line":42,"column":24},"end":{"line":45,"column":25}},"type":"if","locations":[{"start":{"line":42,"column":24},"end":{"line":45,"column":25}},{"start":{"line":42,"column":24},"end":{"line":45,"column":25}}],"line":42},"7":{"loc":{"start":{"line":42,"column":28},"end":{"line":43,"column":56}},"type":"binary-expr","locations":[{"start":{"line":42,"column":28},"end":{"line":42,"column":88}},{"start":{"line":43,"column":28},"end":{"line":43,"column":56}}],"line":42},"8":{"loc":{"start":{"line":63,"column":12},"end":{"line":129,"column":13}},"type":"if","locations":[{"start":{"line":63,"column":12},"end":{"line":129,"column":13}},{"start":{"line":63,"column":12},"end":{"line":129,"column":13}}],"line":63},"9":{"loc":{"start":{"line":69,"column":20},"end":{"line":84,"column":21}},"type":"if","locations":[{"start":{"line":69,"column":20},"end":{"line":84,"column":21}},{"start":{"line":69,"column":20},"end":{"line":84,"column":21}}],"line":69},"10":{"loc":{"start":{"line":71,"column":24},"end":{"line":73,"column":25}},"type":"if","locations":[{"start":{"line":71,"column":24},"end":{"line":73,"column":25}},{"start":{"line":71,"column":24},"end":{"line":73,"column":25}}],"line":71},"11":{"loc":{"start":{"line":74,"column":24},"end":{"line":76,"column":25}},"type":"if","locations":[{"start":{"line":74,"column":24},"end":{"line":76,"column":25}},{"start":{"line":74,"column":24},"end":{"line":76,"column":25}}],"line":74},"12":{"loc":{"start":{"line":77,"column":24},"end":{"line":79,"column":25}},"type":"if","locations":[{"start":{"line":77,"column":24},"end":{"line":79,"column":25}},{"start":{"line":77,"column":24},"end":{"line":79,"column":25}}],"line":77},"13":{"loc":{"start":{"line":80,"column":24},"end":{"line":83,"column":25}},"type":"if","locations":[{"start":{"line":80,"column":24},"end":{"line":83,"column":25}},{"start":{"line":80,"column":24},"end":{"line":83,"column":25}}],"line":80},"14":{"loc":{"start":{"line":80,"column":28},"end":{"line":81,"column":60}},"type":"binary-expr","locations":[{"start":{"line":80,"column":28},"end":{"line":80,"column":80}},{"start":{"line":81,"column":28},"end":{"line":81,"column":60}}],"line":80},"15":{"loc":{"start":{"line":94,"column":20},"end":{"line":101,"column":21}},"type":"if","locations":[{"start":{"line":94,"column":20},"end":{"line":101,"column":21}},{"start":{"line":94,"column":20},"end":{"line":101,"column":21}}],"line":94},"16":{"loc":{"start":{"line":98,"column":25},"end":{"line":101,"column":21}},"type":"if","locations":[{"start":{"line":98,"column":25},"end":{"line":101,"column":21}},{"start":{"line":98,"column":25},"end":{"line":101,"column":21}}],"line":98},"17":{"loc":{"start":{"line":102,"column":20},"end":{"line":105,"column":21}},"type":"if","locations":[{"start":{"line":102,"column":20},"end":{"line":105,"column":21}},{"start":{"line":102,"column":20},"end":{"line":105,"column":21}}],"line":102},"18":{"loc":{"start":{"line":140,"column":12},"end":{"line":147,"column":13}},"type":"if","locations":[{"start":{"line":140,"column":12},"end":{"line":147,"column":13}},{"start":{"line":140,"column":12},"end":{"line":147,"column":13}}],"line":140},"19":{"loc":{"start":{"line":144,"column":16},"end":{"line":146,"column":17}},"type":"if","locations":[{"start":{"line":144,"column":16},"end":{"line":146,"column":17}},{"start":{"line":144,"column":16},"end":{"line":146,"column":17}}],"line":144}},"s":{"0":1,"1":2,"2":2,"3":2,"4":2,"5":2,"6":2,"7":2,"8":148,"9":10952,"10":10952,"11":2,"12":2,"13":298,"14":148,"15":1628,"16":740,"17":740,"18":0,"19":740,"20":0,"21":740,"22":0,"23":740,"24":0,"25":740,"26":0,"27":148,"28":148,"29":2,"30":2,"31":2,"32":298,"33":148,"34":1628,"35":740,"36":740,"37":148,"38":740,"39":148,"40":740,"41":148,"42":740,"43":0,"44":148,"45":148,"46":148,"47":148,"48":148,"49":148,"50":148,"51":148,"52":148,"53":0,"54":0,"55":148,"56":148,"57":148,"58":0,"59":0,"60":0,"61":0,"62":0,"63":0,"64":0,"65":0,"66":0,"67":0,"68":148,"69":148,"70":2,"71":2,"72":2,"73":14,"74":2,"75":1584,"76":1584,"77":2,"78":1582,"79":850,"80":0,"81":1},"f":{"0":2,"1":2,"2":2,"3":148,"4":0,"5":0,"6":2},"b":{"0":[148,150],"1":[740,888],"2":[0,740],"3":[0,740],"4":[0,740],"5":[0,740],"6":[0,740],"7":[740,0],"8":[148,150],"9":[740,888],"10":[148,592],"11":[148,592],"12":[148,592],"13":[0,740],"14":[740,148],"15":[148,0],"16":[0,0],"17":[148,0],"18":[2,1582],"19":[850,732]},"_coverageSchema":"332fd63041d2c1bcb487cc26dd0d5f7d97098a6c","hash":"d7b06669d52a29469f409cf228a7023add111a18","contentHash":"fd6eb08c9b07a7d817fc921605066703_11.3.0"}}